running egg_info
creating ../../build/saf/saf.egg-info
writing ../../build/saf/saf.egg-info/PKG-INFO
writing dependency_links to ../../build/saf/saf.egg-info/dependency_links.txt
writing entry points to ../../build/saf/saf.egg-info/entry_points.txt
writing requirements to ../../build/saf/saf.egg-info/requires.txt
writing top-level names to ../../build/saf/saf.egg-info/top_level.txt
writing manifest file '../../build/saf/saf.egg-info/SOURCES.txt'
reading manifest file '../../build/saf/saf.egg-info/SOURCES.txt'
writing manifest file '../../build/saf/saf.egg-info/SOURCES.txt'
running build
running build_py
creating /home/hh4000/ros2_ws/build/saf/build
creating /home/hh4000/ros2_ws/build/saf/build/lib
creating /home/hh4000/ros2_ws/build/saf/build/lib/saf
copying saf/carrier_handler.py -> /home/hh4000/ros2_ws/build/saf/build/lib/saf
copying saf/__init__.py -> /home/hh4000/ros2_ws/build/saf/build/lib/saf
copying saf/TCP_server.py -> /home/hh4000/ros2_ws/build/saf/build/lib/saf
running install
running install_lib
creating /home/hh4000/ros2_ws/install/saf/lib/python3.10/site-packages/saf
copying /home/hh4000/ros2_ws/build/saf/build/lib/saf/carrier_handler.py -> /home/hh4000/ros2_ws/install/saf/lib/python3.10/site-packages/saf
copying /home/hh4000/ros2_ws/build/saf/build/lib/saf/__init__.py -> /home/hh4000/ros2_ws/install/saf/lib/python3.10/site-packages/saf
copying /home/hh4000/ros2_ws/build/saf/build/lib/saf/TCP_server.py -> /home/hh4000/ros2_ws/install/saf/lib/python3.10/site-packages/saf
byte-compiling /home/hh4000/ros2_ws/install/saf/lib/python3.10/site-packages/saf/carrier_handler.py to carrier_handler.cpython-310.pyc
byte-compiling /home/hh4000/ros2_ws/install/saf/lib/python3.10/site-packages/saf/__init__.py to __init__.cpython-310.pyc
byte-compiling /home/hh4000/ros2_ws/install/saf/lib/python3.10/site-packages/saf/TCP_server.py to TCP_server.cpython-310.pyc
running install_data
creating /home/hh4000/ros2_ws/install/saf/share/ament_index
creating /home/hh4000/ros2_ws/install/saf/share/ament_index/resource_index
creating /home/hh4000/ros2_ws/install/saf/share/ament_index/resource_index/packages
copying resource/saf -> /home/hh4000/ros2_ws/install/saf/share/ament_index/resource_index/packages
copying package.xml -> /home/hh4000/ros2_ws/install/saf/share/saf
running install_egg_info
Copying ../../build/saf/saf.egg-info to /home/hh4000/ros2_ws/install/saf/lib/python3.10/site-packages/saf-1.0.0-py3.10.egg-info
running install_scripts
Installing carrier_handler script to /home/hh4000/ros2_ws/install/saf/lib/saf
Installing tcp_server script to /home/hh4000/ros2_ws/install/saf/lib/saf
writing list of installed files to '/home/hh4000/ros2_ws/build/saf/install.log'
