[  9%] Built target saf_msgs__rosidl_generator_c
[ 12%] Built target saf_msgs__cpp
[ 12%] Built target ament_cmake_python_copy_saf_msgs
[ 22%] Built target saf_msgs__rosidl_typesupport_introspection_c
[ 32%] Built target saf_msgs__rosidl_typesupport_fastrtps_c
[ 41%] Built target saf_msgs__rosidl_typesupport_c
[ 51%] Built target saf_msgs__rosidl_typesupport_introspection_cpp
[ 61%] Built target saf_msgs__rosidl_typesupport_cpp
[ 70%] Built target saf_msgs__rosidl_typesupport_fastrtps_cpp
[ 70%] Built target saf_msgs
[ 74%] Built target saf_msgs__py
[ 80%] Built target saf_msgs__rosidl_generator_py
[ 90%] Built target saf_msgs__rosidl_typesupport_introspection_c__pyext
[ 96%] Built target saf_msgs__rosidl_typesupport_c__pyext
[100%] Built target saf_msgs__rosidl_typesupport_fastrtps_c__pyext
running egg_info
writing saf_msgs.egg-info/PKG-INFO
writing dependency_links to saf_msgs.egg-info/dependency_links.txt
writing top-level names to saf_msgs.egg-info/top_level.txt
reading manifest file 'saf_msgs.egg-info/SOURCES.txt'
writing manifest file 'saf_msgs.egg-info/SOURCES.txt'
[100%] Built target ament_cmake_python_build_saf_msgs_egg
-- Install configuration: ""
-- Up-to-date: /home/hh4000/ros2_ws/install/saf_msgs/share/ament_index/resource_index/rosidl_interfaces/saf_msgs
-- Up-to-date: /home/hh4000/ros2_ws/install/saf_msgs/include/saf_msgs/saf_msgs
-- Up-to-date: /home/hh4000/ros2_ws/install/saf_msgs/include/saf_msgs/saf_msgs/msg
-- Up-to-date: /home/hh4000/ros2_ws/install/saf_msgs/include/saf_msgs/saf_msgs/msg/rosidl_generator_c__visibility_control.h
-- Up-to-date: /home/hh4000/ros2_ws/install/saf_msgs/include/saf_msgs/saf_msgs/msg/carrier.h
-- Up-to-date: /home/hh4000/ros2_ws/install/saf_msgs/include/saf_msgs/saf_msgs/msg/detail
-- Up-to-date: /home/hh4000/ros2_ws/install/saf_msgs/include/saf_msgs/saf_msgs/msg/detail/carrier__type_support.h
-- Up-to-date: /home/hh4000/ros2_ws/install/saf_msgs/include/saf_msgs/saf_msgs/msg/detail/carrier__functions.c
-- Up-to-date: /home/hh4000/ros2_ws/install/saf_msgs/include/saf_msgs/saf_msgs/msg/detail/carrier__struct.h
-- Up-to-date: /home/hh4000/ros2_ws/install/saf_msgs/include/saf_msgs/saf_msgs/msg/detail/carrier__functions.h
-- Up-to-date: /home/hh4000/ros2_ws/install/saf_msgs/share/saf_msgs/environment/library_path.sh
-- Up-to-date: /home/hh4000/ros2_ws/install/saf_msgs/share/saf_msgs/environment/library_path.dsv
-- Up-to-date: /home/hh4000/ros2_ws/install/saf_msgs/lib/libsaf_msgs__rosidl_generator_c.so
-- Up-to-date: /home/hh4000/ros2_ws/install/saf_msgs/include/saf_msgs/saf_msgs
-- Up-to-date: /home/hh4000/ros2_ws/install/saf_msgs/include/saf_msgs/saf_msgs/msg
-- Up-to-date: /home/hh4000/ros2_ws/install/saf_msgs/include/saf_msgs/saf_msgs/msg/rosidl_typesupport_fastrtps_c__visibility_control.h
-- Up-to-date: /home/hh4000/ros2_ws/install/saf_msgs/include/saf_msgs/saf_msgs/msg/detail
-- Up-to-date: /home/hh4000/ros2_ws/install/saf_msgs/include/saf_msgs/saf_msgs/msg/detail/carrier__rosidl_typesupport_fastrtps_c.h
-- Up-to-date: /home/hh4000/ros2_ws/install/saf_msgs/lib/libsaf_msgs__rosidl_typesupport_fastrtps_c.so
-- Up-to-date: /home/hh4000/ros2_ws/install/saf_msgs/include/saf_msgs/saf_msgs
-- Up-to-date: /home/hh4000/ros2_ws/install/saf_msgs/include/saf_msgs/saf_msgs/msg
-- Up-to-date: /home/hh4000/ros2_ws/install/saf_msgs/include/saf_msgs/saf_msgs/msg/detail
-- Up-to-date: /home/hh4000/ros2_ws/install/saf_msgs/include/saf_msgs/saf_msgs/msg/detail/carrier__traits.hpp
-- Up-to-date: /home/hh4000/ros2_ws/install/saf_msgs/include/saf_msgs/saf_msgs/msg/detail/carrier__builder.hpp
-- Up-to-date: /home/hh4000/ros2_ws/install/saf_msgs/include/saf_msgs/saf_msgs/msg/detail/carrier__struct.hpp
-- Up-to-date: /home/hh4000/ros2_ws/install/saf_msgs/include/saf_msgs/saf_msgs/msg/carrier.hpp
-- Up-to-date: /home/hh4000/ros2_ws/install/saf_msgs/include/saf_msgs/saf_msgs
-- Up-to-date: /home/hh4000/ros2_ws/install/saf_msgs/include/saf_msgs/saf_msgs/msg
-- Up-to-date: /home/hh4000/ros2_ws/install/saf_msgs/include/saf_msgs/saf_msgs/msg/rosidl_typesupport_fastrtps_cpp__visibility_control.h
-- Up-to-date: /home/hh4000/ros2_ws/install/saf_msgs/include/saf_msgs/saf_msgs/msg/detail
-- Up-to-date: /home/hh4000/ros2_ws/install/saf_msgs/include/saf_msgs/saf_msgs/msg/detail/dds_fastrtps
-- Up-to-date: /home/hh4000/ros2_ws/install/saf_msgs/include/saf_msgs/saf_msgs/msg/detail/carrier__rosidl_typesupport_fastrtps_cpp.hpp
-- Up-to-date: /home/hh4000/ros2_ws/install/saf_msgs/lib/libsaf_msgs__rosidl_typesupport_fastrtps_cpp.so
-- Up-to-date: /home/hh4000/ros2_ws/install/saf_msgs/include/saf_msgs/saf_msgs
-- Up-to-date: /home/hh4000/ros2_ws/install/saf_msgs/include/saf_msgs/saf_msgs/msg
-- Up-to-date: /home/hh4000/ros2_ws/install/saf_msgs/include/saf_msgs/saf_msgs/msg/detail
-- Up-to-date: /home/hh4000/ros2_ws/install/saf_msgs/include/saf_msgs/saf_msgs/msg/detail/carrier__rosidl_typesupport_introspection_c.h
-- Up-to-date: /home/hh4000/ros2_ws/install/saf_msgs/include/saf_msgs/saf_msgs/msg/detail/carrier__type_support.c
-- Up-to-date: /home/hh4000/ros2_ws/install/saf_msgs/include/saf_msgs/saf_msgs/msg/rosidl_typesupport_introspection_c__visibility_control.h
-- Up-to-date: /home/hh4000/ros2_ws/install/saf_msgs/lib/libsaf_msgs__rosidl_typesupport_introspection_c.so
-- Up-to-date: /home/hh4000/ros2_ws/install/saf_msgs/lib/libsaf_msgs__rosidl_typesupport_c.so
-- Up-to-date: /home/hh4000/ros2_ws/install/saf_msgs/include/saf_msgs/saf_msgs
-- Up-to-date: /home/hh4000/ros2_ws/install/saf_msgs/include/saf_msgs/saf_msgs/msg
-- Up-to-date: /home/hh4000/ros2_ws/install/saf_msgs/include/saf_msgs/saf_msgs/msg/detail
-- Up-to-date: /home/hh4000/ros2_ws/install/saf_msgs/include/saf_msgs/saf_msgs/msg/detail/carrier__rosidl_typesupport_introspection_cpp.hpp
-- Up-to-date: /home/hh4000/ros2_ws/install/saf_msgs/include/saf_msgs/saf_msgs/msg/detail/carrier__type_support.cpp
-- Up-to-date: /home/hh4000/ros2_ws/install/saf_msgs/lib/libsaf_msgs__rosidl_typesupport_introspection_cpp.so
-- Up-to-date: /home/hh4000/ros2_ws/install/saf_msgs/lib/libsaf_msgs__rosidl_typesupport_cpp.so
-- Up-to-date: /home/hh4000/ros2_ws/install/saf_msgs/share/saf_msgs/environment/pythonpath.sh
-- Up-to-date: /home/hh4000/ros2_ws/install/saf_msgs/share/saf_msgs/environment/pythonpath.dsv
-- Up-to-date: /home/hh4000/ros2_ws/install/saf_msgs/local/lib/python3.10/dist-packages/saf_msgs-1.0.0-py3.10.egg-info
-- Installing: /home/hh4000/ros2_ws/install/saf_msgs/local/lib/python3.10/dist-packages/saf_msgs-1.0.0-py3.10.egg-info/top_level.txt
-- Installing: /home/hh4000/ros2_ws/install/saf_msgs/local/lib/python3.10/dist-packages/saf_msgs-1.0.0-py3.10.egg-info/dependency_links.txt
-- Installing: /home/hh4000/ros2_ws/install/saf_msgs/local/lib/python3.10/dist-packages/saf_msgs-1.0.0-py3.10.egg-info/PKG-INFO
-- Installing: /home/hh4000/ros2_ws/install/saf_msgs/local/lib/python3.10/dist-packages/saf_msgs-1.0.0-py3.10.egg-info/SOURCES.txt
-- Up-to-date: /home/hh4000/ros2_ws/install/saf_msgs/local/lib/python3.10/dist-packages/saf_msgs
-- Up-to-date: /home/hh4000/ros2_ws/install/saf_msgs/local/lib/python3.10/dist-packages/saf_msgs/__init__.py
-- Up-to-date: /home/hh4000/ros2_ws/install/saf_msgs/local/lib/python3.10/dist-packages/saf_msgs/msg
-- Up-to-date: /home/hh4000/ros2_ws/install/saf_msgs/local/lib/python3.10/dist-packages/saf_msgs/msg/__init__.py
-- Up-to-date: /home/hh4000/ros2_ws/install/saf_msgs/local/lib/python3.10/dist-packages/saf_msgs/msg/_carrier.py
-- Up-to-date: /home/hh4000/ros2_ws/install/saf_msgs/local/lib/python3.10/dist-packages/saf_msgs/msg/_carrier_s.c
-- Up-to-date: /home/hh4000/ros2_ws/install/saf_msgs/local/lib/python3.10/dist-packages/saf_msgs/saf_msgs_s__rosidl_typesupport_c.cpython-310-x86_64-linux-gnu.so
-- Up-to-date: /home/hh4000/ros2_ws/install/saf_msgs/local/lib/python3.10/dist-packages/saf_msgs/_saf_msgs_s.ep.rosidl_typesupport_fastrtps_c.c
-- Up-to-date: /home/hh4000/ros2_ws/install/saf_msgs/local/lib/python3.10/dist-packages/saf_msgs/libsaf_msgs__rosidl_generator_py.so
-- Up-to-date: /home/hh4000/ros2_ws/install/saf_msgs/local/lib/python3.10/dist-packages/saf_msgs/_saf_msgs_s.ep.rosidl_typesupport_introspection_c.c
-- Up-to-date: /home/hh4000/ros2_ws/install/saf_msgs/local/lib/python3.10/dist-packages/saf_msgs/saf_msgs_s__rosidl_typesupport_introspection_c.cpython-310-x86_64-linux-gnu.so
-- Up-to-date: /home/hh4000/ros2_ws/install/saf_msgs/local/lib/python3.10/dist-packages/saf_msgs/_saf_msgs_s.ep.rosidl_typesupport_c.c
-- Up-to-date: /home/hh4000/ros2_ws/install/saf_msgs/local/lib/python3.10/dist-packages/saf_msgs/saf_msgs_s__rosidl_typesupport_fastrtps_c.cpython-310-x86_64-linux-gnu.so
Listing '/home/hh4000/ros2_ws/install/saf_msgs/local/lib/python3.10/dist-packages/saf_msgs'...
Listing '/home/hh4000/ros2_ws/install/saf_msgs/local/lib/python3.10/dist-packages/saf_msgs/msg'...
-- Up-to-date: /home/hh4000/ros2_ws/install/saf_msgs/local/lib/python3.10/dist-packages/saf_msgs/saf_msgs_s__rosidl_typesupport_fastrtps_c.cpython-310-x86_64-linux-gnu.so
-- Up-to-date: /home/hh4000/ros2_ws/install/saf_msgs/local/lib/python3.10/dist-packages/saf_msgs/saf_msgs_s__rosidl_typesupport_introspection_c.cpython-310-x86_64-linux-gnu.so
-- Up-to-date: /home/hh4000/ros2_ws/install/saf_msgs/local/lib/python3.10/dist-packages/saf_msgs/saf_msgs_s__rosidl_typesupport_c.cpython-310-x86_64-linux-gnu.so
-- Up-to-date: /home/hh4000/ros2_ws/install/saf_msgs/lib/libsaf_msgs__rosidl_generator_py.so
-- Up-to-date: /home/hh4000/ros2_ws/install/saf_msgs/share/saf_msgs/msg/Carrier.idl
-- Up-to-date: /home/hh4000/ros2_ws/install/saf_msgs/share/saf_msgs/msg/Carrier.msg
-- Up-to-date: /home/hh4000/ros2_ws/install/saf_msgs/share/ament_index/resource_index/package_run_dependencies/saf_msgs
-- Up-to-date: /home/hh4000/ros2_ws/install/saf_msgs/share/ament_index/resource_index/parent_prefix_path/saf_msgs
-- Up-to-date: /home/hh4000/ros2_ws/install/saf_msgs/share/saf_msgs/environment/ament_prefix_path.sh
-- Up-to-date: /home/hh4000/ros2_ws/install/saf_msgs/share/saf_msgs/environment/ament_prefix_path.dsv
-- Up-to-date: /home/hh4000/ros2_ws/install/saf_msgs/share/saf_msgs/environment/path.sh
-- Up-to-date: /home/hh4000/ros2_ws/install/saf_msgs/share/saf_msgs/environment/path.dsv
-- Up-to-date: /home/hh4000/ros2_ws/install/saf_msgs/share/saf_msgs/local_setup.bash
-- Up-to-date: /home/hh4000/ros2_ws/install/saf_msgs/share/saf_msgs/local_setup.sh
-- Up-to-date: /home/hh4000/ros2_ws/install/saf_msgs/share/saf_msgs/local_setup.zsh
-- Up-to-date: /home/hh4000/ros2_ws/install/saf_msgs/share/saf_msgs/local_setup.dsv
-- Installing: /home/hh4000/ros2_ws/install/saf_msgs/share/saf_msgs/package.dsv
-- Up-to-date: /home/hh4000/ros2_ws/install/saf_msgs/share/ament_index/resource_index/packages/saf_msgs
-- Up-to-date: /home/hh4000/ros2_ws/install/saf_msgs/share/saf_msgs/cmake/export_saf_msgs__rosidl_generator_cExport.cmake
-- Up-to-date: /home/hh4000/ros2_ws/install/saf_msgs/share/saf_msgs/cmake/export_saf_msgs__rosidl_generator_cExport-noconfig.cmake
-- Up-to-date: /home/hh4000/ros2_ws/install/saf_msgs/share/saf_msgs/cmake/export_saf_msgs__rosidl_typesupport_fastrtps_cExport.cmake
-- Up-to-date: /home/hh4000/ros2_ws/install/saf_msgs/share/saf_msgs/cmake/export_saf_msgs__rosidl_typesupport_fastrtps_cExport-noconfig.cmake
-- Up-to-date: /home/hh4000/ros2_ws/install/saf_msgs/share/saf_msgs/cmake/export_saf_msgs__rosidl_generator_cppExport.cmake
-- Up-to-date: /home/hh4000/ros2_ws/install/saf_msgs/share/saf_msgs/cmake/export_saf_msgs__rosidl_typesupport_fastrtps_cppExport.cmake
-- Up-to-date: /home/hh4000/ros2_ws/install/saf_msgs/share/saf_msgs/cmake/export_saf_msgs__rosidl_typesupport_fastrtps_cppExport-noconfig.cmake
-- Up-to-date: /home/hh4000/ros2_ws/install/saf_msgs/share/saf_msgs/cmake/saf_msgs__rosidl_typesupport_introspection_cExport.cmake
-- Up-to-date: /home/hh4000/ros2_ws/install/saf_msgs/share/saf_msgs/cmake/saf_msgs__rosidl_typesupport_introspection_cExport-noconfig.cmake
-- Up-to-date: /home/hh4000/ros2_ws/install/saf_msgs/share/saf_msgs/cmake/saf_msgs__rosidl_typesupport_cExport.cmake
-- Up-to-date: /home/hh4000/ros2_ws/install/saf_msgs/share/saf_msgs/cmake/saf_msgs__rosidl_typesupport_cExport-noconfig.cmake
-- Up-to-date: /home/hh4000/ros2_ws/install/saf_msgs/share/saf_msgs/cmake/saf_msgs__rosidl_typesupport_introspection_cppExport.cmake
-- Up-to-date: /home/hh4000/ros2_ws/install/saf_msgs/share/saf_msgs/cmake/saf_msgs__rosidl_typesupport_introspection_cppExport-noconfig.cmake
-- Up-to-date: /home/hh4000/ros2_ws/install/saf_msgs/share/saf_msgs/cmake/saf_msgs__rosidl_typesupport_cppExport.cmake
-- Up-to-date: /home/hh4000/ros2_ws/install/saf_msgs/share/saf_msgs/cmake/saf_msgs__rosidl_typesupport_cppExport-noconfig.cmake
-- Up-to-date: /home/hh4000/ros2_ws/install/saf_msgs/share/saf_msgs/cmake/export_saf_msgs__rosidl_generator_pyExport.cmake
-- Up-to-date: /home/hh4000/ros2_ws/install/saf_msgs/share/saf_msgs/cmake/export_saf_msgs__rosidl_generator_pyExport-noconfig.cmake
-- Up-to-date: /home/hh4000/ros2_ws/install/saf_msgs/share/saf_msgs/cmake/rosidl_cmake-extras.cmake
-- Up-to-date: /home/hh4000/ros2_ws/install/saf_msgs/share/saf_msgs/cmake/ament_cmake_export_dependencies-extras.cmake
-- Up-to-date: /home/hh4000/ros2_ws/install/saf_msgs/share/saf_msgs/cmake/ament_cmake_export_include_directories-extras.cmake
-- Up-to-date: /home/hh4000/ros2_ws/install/saf_msgs/share/saf_msgs/cmake/ament_cmake_export_libraries-extras.cmake
-- Up-to-date: /home/hh4000/ros2_ws/install/saf_msgs/share/saf_msgs/cmake/ament_cmake_export_targets-extras.cmake
-- Up-to-date: /home/hh4000/ros2_ws/install/saf_msgs/share/saf_msgs/cmake/rosidl_cmake_export_typesupport_targets-extras.cmake
-- Up-to-date: /home/hh4000/ros2_ws/install/saf_msgs/share/saf_msgs/cmake/rosidl_cmake_export_typesupport_libraries-extras.cmake
-- Up-to-date: /home/hh4000/ros2_ws/install/saf_msgs/share/saf_msgs/cmake/saf_msgsConfig.cmake
-- Up-to-date: /home/hh4000/ros2_ws/install/saf_msgs/share/saf_msgs/cmake/saf_msgsConfig-version.cmake
-- Up-to-date: /home/hh4000/ros2_ws/install/saf_msgs/share/saf_msgs/package.xml
