[0.025s] Invoking command in '/home/hh4000/ros2_ws/build/saf_msgs': CMAKE_PREFIX_PATH=${CMAKE_PREFIX_PATH}:/home/hh4000/ros2_ws/install/saf:/opt/ros/humble /usr/bin/cmake --build /home/hh4000/ros2_ws/build/saf_msgs -- -j4 -l4
[0.089s] [  9%] Built target saf_msgs__rosidl_generator_c
[0.095s] [ 12%] Built target saf_msgs__cpp
[0.111s] [ 12%] Built target ament_cmake_python_copy_saf_msgs
[0.135s] [ 22%] Built target saf_msgs__rosidl_typesupport_introspection_c
[0.140s] [ 32%] Built target saf_msgs__rosidl_typesupport_fastrtps_c
[0.154s] [ 41%] Built target saf_msgs__rosidl_typesupport_c
[0.160s] [ 51%] Built target saf_msgs__rosidl_typesupport_introspection_cpp
[0.183s] [ 61%] Built target saf_msgs__rosidl_typesupport_cpp
[0.188s] [ 70%] Built target saf_msgs__rosidl_typesupport_fastrtps_cpp
[0.211s] [ 70%] Built target saf_msgs
[0.242s] [ 74%] Built target saf_msgs__py
[0.269s] [ 80%] Built target saf_msgs__rosidl_generator_py
[0.308s] [ 90%] Built target saf_msgs__rosidl_typesupport_introspection_c__pyext
[0.308s] [ 96%] Built target saf_msgs__rosidl_typesupport_c__pyext
[0.311s] [100%] Built target saf_msgs__rosidl_typesupport_fastrtps_c__pyext
[0.694s] running egg_info
[0.695s] writing saf_msgs.egg-info/PKG-INFO
[0.695s] writing dependency_links to saf_msgs.egg-info/dependency_links.txt
[0.696s] writing top-level names to saf_msgs.egg-info/top_level.txt
[0.699s] reading manifest file 'saf_msgs.egg-info/SOURCES.txt'
[0.700s] writing manifest file 'saf_msgs.egg-info/SOURCES.txt'
[0.749s] [100%] Built target ament_cmake_python_build_saf_msgs_egg
[0.762s] Invoked command in '/home/hh4000/ros2_ws/build/saf_msgs' returned '0': CMAKE_PREFIX_PATH=${CMAKE_PREFIX_PATH}:/home/hh4000/ros2_ws/install/saf:/opt/ros/humble /usr/bin/cmake --build /home/hh4000/ros2_ws/build/saf_msgs -- -j4 -l4
[0.854s] Invoking command in '/home/hh4000/ros2_ws/build/saf_msgs': CMAKE_PREFIX_PATH=${CMAKE_PREFIX_PATH}:/home/hh4000/ros2_ws/install/saf:/opt/ros/humble /usr/bin/cmake --install /home/hh4000/ros2_ws/build/saf_msgs
[0.864s] -- Install configuration: ""
[0.864s] -- Up-to-date: /home/hh4000/ros2_ws/install/saf_msgs/share/ament_index/resource_index/rosidl_interfaces/saf_msgs
[0.864s] -- Up-to-date: /home/hh4000/ros2_ws/install/saf_msgs/include/saf_msgs/saf_msgs
[0.864s] -- Up-to-date: /home/hh4000/ros2_ws/install/saf_msgs/include/saf_msgs/saf_msgs/msg
[0.865s] -- Up-to-date: /home/hh4000/ros2_ws/install/saf_msgs/include/saf_msgs/saf_msgs/msg/rosidl_generator_c__visibility_control.h
[0.865s] -- Up-to-date: /home/hh4000/ros2_ws/install/saf_msgs/include/saf_msgs/saf_msgs/msg/carrier.h
[0.865s] -- Up-to-date: /home/hh4000/ros2_ws/install/saf_msgs/include/saf_msgs/saf_msgs/msg/detail
[0.865s] -- Up-to-date: /home/hh4000/ros2_ws/install/saf_msgs/include/saf_msgs/saf_msgs/msg/detail/carrier__type_support.h
[0.865s] -- Up-to-date: /home/hh4000/ros2_ws/install/saf_msgs/include/saf_msgs/saf_msgs/msg/detail/carrier__functions.c
[0.866s] -- Up-to-date: /home/hh4000/ros2_ws/install/saf_msgs/include/saf_msgs/saf_msgs/msg/detail/carrier__struct.h
[0.866s] -- Up-to-date: /home/hh4000/ros2_ws/install/saf_msgs/include/saf_msgs/saf_msgs/msg/detail/carrier__functions.h
[0.866s] -- Up-to-date: /home/hh4000/ros2_ws/install/saf_msgs/share/saf_msgs/environment/library_path.sh
[0.867s] -- Up-to-date: /home/hh4000/ros2_ws/install/saf_msgs/share/saf_msgs/environment/library_path.dsv
[0.867s] -- Up-to-date: /home/hh4000/ros2_ws/install/saf_msgs/lib/libsaf_msgs__rosidl_generator_c.so
[0.868s] -- Up-to-date: /home/hh4000/ros2_ws/install/saf_msgs/include/saf_msgs/saf_msgs
[0.868s] -- Up-to-date: /home/hh4000/ros2_ws/install/saf_msgs/include/saf_msgs/saf_msgs/msg
[0.868s] -- Up-to-date: /home/hh4000/ros2_ws/install/saf_msgs/include/saf_msgs/saf_msgs/msg/rosidl_typesupport_fastrtps_c__visibility_control.h
[0.869s] -- Up-to-date: /home/hh4000/ros2_ws/install/saf_msgs/include/saf_msgs/saf_msgs/msg/detail
[0.869s] -- Up-to-date: /home/hh4000/ros2_ws/install/saf_msgs/include/saf_msgs/saf_msgs/msg/detail/carrier__rosidl_typesupport_fastrtps_c.h
[0.869s] -- Up-to-date: /home/hh4000/ros2_ws/install/saf_msgs/lib/libsaf_msgs__rosidl_typesupport_fastrtps_c.so
[0.869s] -- Up-to-date: /home/hh4000/ros2_ws/install/saf_msgs/include/saf_msgs/saf_msgs
[0.870s] -- Up-to-date: /home/hh4000/ros2_ws/install/saf_msgs/include/saf_msgs/saf_msgs/msg
[0.870s] -- Up-to-date: /home/hh4000/ros2_ws/install/saf_msgs/include/saf_msgs/saf_msgs/msg/detail
[0.870s] -- Up-to-date: /home/hh4000/ros2_ws/install/saf_msgs/include/saf_msgs/saf_msgs/msg/detail/carrier__traits.hpp
[0.870s] -- Up-to-date: /home/hh4000/ros2_ws/install/saf_msgs/include/saf_msgs/saf_msgs/msg/detail/carrier__builder.hpp
[0.871s] -- Up-to-date: /home/hh4000/ros2_ws/install/saf_msgs/include/saf_msgs/saf_msgs/msg/detail/carrier__struct.hpp
[0.871s] -- Up-to-date: /home/hh4000/ros2_ws/install/saf_msgs/include/saf_msgs/saf_msgs/msg/carrier.hpp
[0.871s] -- Up-to-date: /home/hh4000/ros2_ws/install/saf_msgs/include/saf_msgs/saf_msgs
[0.872s] -- Up-to-date: /home/hh4000/ros2_ws/install/saf_msgs/include/saf_msgs/saf_msgs/msg
[0.872s] -- Up-to-date: /home/hh4000/ros2_ws/install/saf_msgs/include/saf_msgs/saf_msgs/msg/rosidl_typesupport_fastrtps_cpp__visibility_control.h
[0.872s] -- Up-to-date: /home/hh4000/ros2_ws/install/saf_msgs/include/saf_msgs/saf_msgs/msg/detail
[0.872s] -- Up-to-date: /home/hh4000/ros2_ws/install/saf_msgs/include/saf_msgs/saf_msgs/msg/detail/dds_fastrtps
[0.873s] -- Up-to-date: /home/hh4000/ros2_ws/install/saf_msgs/include/saf_msgs/saf_msgs/msg/detail/carrier__rosidl_typesupport_fastrtps_cpp.hpp
[0.873s] -- Up-to-date: /home/hh4000/ros2_ws/install/saf_msgs/lib/libsaf_msgs__rosidl_typesupport_fastrtps_cpp.so
[0.874s] -- Up-to-date: /home/hh4000/ros2_ws/install/saf_msgs/include/saf_msgs/saf_msgs
[0.874s] -- Up-to-date: /home/hh4000/ros2_ws/install/saf_msgs/include/saf_msgs/saf_msgs/msg
[0.874s] -- Up-to-date: /home/hh4000/ros2_ws/install/saf_msgs/include/saf_msgs/saf_msgs/msg/detail
[0.874s] -- Up-to-date: /home/hh4000/ros2_ws/install/saf_msgs/include/saf_msgs/saf_msgs/msg/detail/carrier__rosidl_typesupport_introspection_c.h
[0.874s] -- Up-to-date: /home/hh4000/ros2_ws/install/saf_msgs/include/saf_msgs/saf_msgs/msg/detail/carrier__type_support.c
[0.875s] -- Up-to-date: /home/hh4000/ros2_ws/install/saf_msgs/include/saf_msgs/saf_msgs/msg/rosidl_typesupport_introspection_c__visibility_control.h
[0.875s] -- Up-to-date: /home/hh4000/ros2_ws/install/saf_msgs/lib/libsaf_msgs__rosidl_typesupport_introspection_c.so
[0.875s] -- Up-to-date: /home/hh4000/ros2_ws/install/saf_msgs/lib/libsaf_msgs__rosidl_typesupport_c.so
[0.875s] -- Up-to-date: /home/hh4000/ros2_ws/install/saf_msgs/include/saf_msgs/saf_msgs
[0.875s] -- Up-to-date: /home/hh4000/ros2_ws/install/saf_msgs/include/saf_msgs/saf_msgs/msg
[0.876s] -- Up-to-date: /home/hh4000/ros2_ws/install/saf_msgs/include/saf_msgs/saf_msgs/msg/detail
[0.876s] -- Up-to-date: /home/hh4000/ros2_ws/install/saf_msgs/include/saf_msgs/saf_msgs/msg/detail/carrier__rosidl_typesupport_introspection_cpp.hpp
[0.876s] -- Up-to-date: /home/hh4000/ros2_ws/install/saf_msgs/include/saf_msgs/saf_msgs/msg/detail/carrier__type_support.cpp
[0.877s] -- Up-to-date: /home/hh4000/ros2_ws/install/saf_msgs/lib/libsaf_msgs__rosidl_typesupport_introspection_cpp.so
[0.877s] -- Up-to-date: /home/hh4000/ros2_ws/install/saf_msgs/lib/libsaf_msgs__rosidl_typesupport_cpp.so
[0.877s] -- Up-to-date: /home/hh4000/ros2_ws/install/saf_msgs/share/saf_msgs/environment/pythonpath.sh
[0.878s] -- Up-to-date: /home/hh4000/ros2_ws/install/saf_msgs/share/saf_msgs/environment/pythonpath.dsv
[0.878s] -- Up-to-date: /home/hh4000/ros2_ws/install/saf_msgs/local/lib/python3.10/dist-packages/saf_msgs-1.0.0-py3.10.egg-info
[0.878s] -- Installing: /home/hh4000/ros2_ws/install/saf_msgs/local/lib/python3.10/dist-packages/saf_msgs-1.0.0-py3.10.egg-info/top_level.txt
[0.878s] -- Installing: /home/hh4000/ros2_ws/install/saf_msgs/local/lib/python3.10/dist-packages/saf_msgs-1.0.0-py3.10.egg-info/dependency_links.txt
[0.879s] -- Installing: /home/hh4000/ros2_ws/install/saf_msgs/local/lib/python3.10/dist-packages/saf_msgs-1.0.0-py3.10.egg-info/PKG-INFO
[0.879s] -- Installing: /home/hh4000/ros2_ws/install/saf_msgs/local/lib/python3.10/dist-packages/saf_msgs-1.0.0-py3.10.egg-info/SOURCES.txt
[0.879s] -- Up-to-date: /home/hh4000/ros2_ws/install/saf_msgs/local/lib/python3.10/dist-packages/saf_msgs
[0.879s] -- Up-to-date: /home/hh4000/ros2_ws/install/saf_msgs/local/lib/python3.10/dist-packages/saf_msgs/__init__.py
[0.879s] -- Up-to-date: /home/hh4000/ros2_ws/install/saf_msgs/local/lib/python3.10/dist-packages/saf_msgs/msg
[0.880s] -- Up-to-date: /home/hh4000/ros2_ws/install/saf_msgs/local/lib/python3.10/dist-packages/saf_msgs/msg/__init__.py
[0.880s] -- Up-to-date: /home/hh4000/ros2_ws/install/saf_msgs/local/lib/python3.10/dist-packages/saf_msgs/msg/_carrier.py
[0.880s] -- Up-to-date: /home/hh4000/ros2_ws/install/saf_msgs/local/lib/python3.10/dist-packages/saf_msgs/msg/_carrier_s.c
[0.880s] -- Up-to-date: /home/hh4000/ros2_ws/install/saf_msgs/local/lib/python3.10/dist-packages/saf_msgs/saf_msgs_s__rosidl_typesupport_c.cpython-310-x86_64-linux-gnu.so
[0.880s] -- Up-to-date: /home/hh4000/ros2_ws/install/saf_msgs/local/lib/python3.10/dist-packages/saf_msgs/_saf_msgs_s.ep.rosidl_typesupport_fastrtps_c.c
[0.880s] -- Up-to-date: /home/hh4000/ros2_ws/install/saf_msgs/local/lib/python3.10/dist-packages/saf_msgs/libsaf_msgs__rosidl_generator_py.so
[0.881s] -- Up-to-date: /home/hh4000/ros2_ws/install/saf_msgs/local/lib/python3.10/dist-packages/saf_msgs/_saf_msgs_s.ep.rosidl_typesupport_introspection_c.c
[0.881s] -- Up-to-date: /home/hh4000/ros2_ws/install/saf_msgs/local/lib/python3.10/dist-packages/saf_msgs/saf_msgs_s__rosidl_typesupport_introspection_c.cpython-310-x86_64-linux-gnu.so
[0.881s] -- Up-to-date: /home/hh4000/ros2_ws/install/saf_msgs/local/lib/python3.10/dist-packages/saf_msgs/_saf_msgs_s.ep.rosidl_typesupport_c.c
[0.881s] -- Up-to-date: /home/hh4000/ros2_ws/install/saf_msgs/local/lib/python3.10/dist-packages/saf_msgs/saf_msgs_s__rosidl_typesupport_fastrtps_c.cpython-310-x86_64-linux-gnu.so
[0.941s] Listing '/home/hh4000/ros2_ws/install/saf_msgs/local/lib/python3.10/dist-packages/saf_msgs'...
[0.942s] Listing '/home/hh4000/ros2_ws/install/saf_msgs/local/lib/python3.10/dist-packages/saf_msgs/msg'...
[0.951s] -- Up-to-date: /home/hh4000/ros2_ws/install/saf_msgs/local/lib/python3.10/dist-packages/saf_msgs/saf_msgs_s__rosidl_typesupport_fastrtps_c.cpython-310-x86_64-linux-gnu.so
[0.952s] -- Up-to-date: /home/hh4000/ros2_ws/install/saf_msgs/local/lib/python3.10/dist-packages/saf_msgs/saf_msgs_s__rosidl_typesupport_introspection_c.cpython-310-x86_64-linux-gnu.so
[0.952s] -- Up-to-date: /home/hh4000/ros2_ws/install/saf_msgs/local/lib/python3.10/dist-packages/saf_msgs/saf_msgs_s__rosidl_typesupport_c.cpython-310-x86_64-linux-gnu.so
[0.953s] -- Up-to-date: /home/hh4000/ros2_ws/install/saf_msgs/lib/libsaf_msgs__rosidl_generator_py.so
[0.953s] -- Up-to-date: /home/hh4000/ros2_ws/install/saf_msgs/share/saf_msgs/msg/Carrier.idl
[0.954s] -- Up-to-date: /home/hh4000/ros2_ws/install/saf_msgs/share/saf_msgs/msg/Carrier.msg
[0.954s] -- Up-to-date: /home/hh4000/ros2_ws/install/saf_msgs/share/ament_index/resource_index/package_run_dependencies/saf_msgs
[0.954s] -- Up-to-date: /home/hh4000/ros2_ws/install/saf_msgs/share/ament_index/resource_index/parent_prefix_path/saf_msgs
[0.955s] -- Up-to-date: /home/hh4000/ros2_ws/install/saf_msgs/share/saf_msgs/environment/ament_prefix_path.sh
[0.955s] -- Up-to-date: /home/hh4000/ros2_ws/install/saf_msgs/share/saf_msgs/environment/ament_prefix_path.dsv
[0.956s] -- Up-to-date: /home/hh4000/ros2_ws/install/saf_msgs/share/saf_msgs/environment/path.sh
[0.956s] -- Up-to-date: /home/hh4000/ros2_ws/install/saf_msgs/share/saf_msgs/environment/path.dsv
[0.956s] -- Up-to-date: /home/hh4000/ros2_ws/install/saf_msgs/share/saf_msgs/local_setup.bash
[0.957s] -- Up-to-date: /home/hh4000/ros2_ws/install/saf_msgs/share/saf_msgs/local_setup.sh
[0.957s] -- Up-to-date: /home/hh4000/ros2_ws/install/saf_msgs/share/saf_msgs/local_setup.zsh
[0.957s] -- Up-to-date: /home/hh4000/ros2_ws/install/saf_msgs/share/saf_msgs/local_setup.dsv
[0.957s] -- Installing: /home/hh4000/ros2_ws/install/saf_msgs/share/saf_msgs/package.dsv
[0.958s] -- Up-to-date: /home/hh4000/ros2_ws/install/saf_msgs/share/ament_index/resource_index/packages/saf_msgs
[0.958s] -- Up-to-date: /home/hh4000/ros2_ws/install/saf_msgs/share/saf_msgs/cmake/export_saf_msgs__rosidl_generator_cExport.cmake
[0.958s] -- Up-to-date: /home/hh4000/ros2_ws/install/saf_msgs/share/saf_msgs/cmake/export_saf_msgs__rosidl_generator_cExport-noconfig.cmake
[0.959s] -- Up-to-date: /home/hh4000/ros2_ws/install/saf_msgs/share/saf_msgs/cmake/export_saf_msgs__rosidl_typesupport_fastrtps_cExport.cmake
[0.959s] -- Up-to-date: /home/hh4000/ros2_ws/install/saf_msgs/share/saf_msgs/cmake/export_saf_msgs__rosidl_typesupport_fastrtps_cExport-noconfig.cmake
[0.959s] -- Up-to-date: /home/hh4000/ros2_ws/install/saf_msgs/share/saf_msgs/cmake/export_saf_msgs__rosidl_generator_cppExport.cmake
[0.959s] -- Up-to-date: /home/hh4000/ros2_ws/install/saf_msgs/share/saf_msgs/cmake/export_saf_msgs__rosidl_typesupport_fastrtps_cppExport.cmake
[0.960s] -- Up-to-date: /home/hh4000/ros2_ws/install/saf_msgs/share/saf_msgs/cmake/export_saf_msgs__rosidl_typesupport_fastrtps_cppExport-noconfig.cmake
[0.960s] -- Up-to-date: /home/hh4000/ros2_ws/install/saf_msgs/share/saf_msgs/cmake/saf_msgs__rosidl_typesupport_introspection_cExport.cmake
[0.960s] -- Up-to-date: /home/hh4000/ros2_ws/install/saf_msgs/share/saf_msgs/cmake/saf_msgs__rosidl_typesupport_introspection_cExport-noconfig.cmake
[0.960s] -- Up-to-date: /home/hh4000/ros2_ws/install/saf_msgs/share/saf_msgs/cmake/saf_msgs__rosidl_typesupport_cExport.cmake
[0.960s] -- Up-to-date: /home/hh4000/ros2_ws/install/saf_msgs/share/saf_msgs/cmake/saf_msgs__rosidl_typesupport_cExport-noconfig.cmake
[0.960s] -- Up-to-date: /home/hh4000/ros2_ws/install/saf_msgs/share/saf_msgs/cmake/saf_msgs__rosidl_typesupport_introspection_cppExport.cmake
[0.961s] -- Up-to-date: /home/hh4000/ros2_ws/install/saf_msgs/share/saf_msgs/cmake/saf_msgs__rosidl_typesupport_introspection_cppExport-noconfig.cmake
[0.961s] -- Up-to-date: /home/hh4000/ros2_ws/install/saf_msgs/share/saf_msgs/cmake/saf_msgs__rosidl_typesupport_cppExport.cmake
[0.961s] -- Up-to-date: /home/hh4000/ros2_ws/install/saf_msgs/share/saf_msgs/cmake/saf_msgs__rosidl_typesupport_cppExport-noconfig.cmake
[0.962s] -- Up-to-date: /home/hh4000/ros2_ws/install/saf_msgs/share/saf_msgs/cmake/export_saf_msgs__rosidl_generator_pyExport.cmake
[0.968s] -- Up-to-date: /home/hh4000/ros2_ws/install/saf_msgs/share/saf_msgs/cmake/export_saf_msgs__rosidl_generator_pyExport-noconfig.cmake
[0.968s] -- Up-to-date: /home/hh4000/ros2_ws/install/saf_msgs/share/saf_msgs/cmake/rosidl_cmake-extras.cmake
[0.969s] -- Up-to-date: /home/hh4000/ros2_ws/install/saf_msgs/share/saf_msgs/cmake/ament_cmake_export_dependencies-extras.cmake
[0.969s] -- Up-to-date: /home/hh4000/ros2_ws/install/saf_msgs/share/saf_msgs/cmake/ament_cmake_export_include_directories-extras.cmake
[0.970s] -- Up-to-date: /home/hh4000/ros2_ws/install/saf_msgs/share/saf_msgs/cmake/ament_cmake_export_libraries-extras.cmake
[0.971s] -- Up-to-date: /home/hh4000/ros2_ws/install/saf_msgs/share/saf_msgs/cmake/ament_cmake_export_targets-extras.cmake
[0.971s] -- Up-to-date: /home/hh4000/ros2_ws/install/saf_msgs/share/saf_msgs/cmake/rosidl_cmake_export_typesupport_targets-extras.cmake
[0.971s] -- Up-to-date: /home/hh4000/ros2_ws/install/saf_msgs/share/saf_msgs/cmake/rosidl_cmake_export_typesupport_libraries-extras.cmake
[0.972s] -- Up-to-date: /home/hh4000/ros2_ws/install/saf_msgs/share/saf_msgs/cmake/saf_msgsConfig.cmake
[0.972s] -- Up-to-date: /home/hh4000/ros2_ws/install/saf_msgs/share/saf_msgs/cmake/saf_msgsConfig-version.cmake
[0.974s] -- Up-to-date: /home/hh4000/ros2_ws/install/saf_msgs/share/saf_msgs/package.xml
[0.975s] Invoked command in '/home/hh4000/ros2_ws/build/saf_msgs' returned '0': CMAKE_PREFIX_PATH=${CMAKE_PREFIX_PATH}:/home/hh4000/ros2_ws/install/saf:/opt/ros/humble /usr/bin/cmake --install /home/hh4000/ros2_ws/build/saf_msgs
