[0.622s] DEBUG:colcon:Command line arguments: ['/usr/bin/colcon', 'build']
[0.622s] DEBUG:colcon:Parsed command line arguments: Namespace(log_base=None, log_level=None, verb_name='build', build_base='build', install_base='install', merge_install=False, symlink_install=False, test_result_base=None, continue_on_error=False, executor='parallel', parallel_workers=4, event_handlers=None, ignore_user_meta=False, metas=['./colcon.meta'], base_paths=['.'], packages_ignore=None, packages_ignore_regex=None, paths=None, packages_up_to=None, packages_up_to_regex=None, packages_above=None, packages_above_and_dependencies=None, packages_above_depth=None, packages_select_by_dep=None, packages_skip_by_dep=None, packages_skip_up_to=None, packages_select_build_failed=False, packages_skip_build_finished=False, packages_select_test_failures=False, packages_skip_test_passed=False, packages_select=None, packages_skip=None, packages_select_regex=None, packages_skip_regex=None, packages_start=None, packages_end=None, allow_overriding=[], cmake_args=None, cmake_target=None, cmake_target_skip_unavailable=False, cmake_clean_cache=False, cmake_clean_first=False, cmake_force_configure=False, ament_cmake_args=None, catkin_cmake_args=None, catkin_skip_building_tests=False, verb_parser=<colcon_defaults.argument_parser.defaults.DefaultArgumentsDecorator object at 0x7f532c7e58a0>, verb_extension=<colcon_core.verb.build.BuildVerb object at 0x7f532c7e5330>, main=<bound method BuildVerb.main of <colcon_core.verb.build.BuildVerb object at 0x7f532c7e5330>>)
[0.657s] Level 1:colcon.colcon_core.package_discovery:discover_packages(colcon_meta) check parameters
[0.658s] Level 1:colcon.colcon_core.package_discovery:discover_packages(recursive) check parameters
[0.658s] Level 1:colcon.colcon_core.package_discovery:discover_packages(ignore) check parameters
[0.658s] Level 1:colcon.colcon_core.package_discovery:discover_packages(path) check parameters
[0.658s] Level 1:colcon.colcon_core.package_discovery:discover_packages(colcon_meta) discover
[0.658s] Level 1:colcon.colcon_core.package_discovery:discover_packages(recursive) discover
[0.658s] INFO:colcon.colcon_core.package_discovery:Crawling recursively for packages in '/home/hh4000/ros2_ws'
[0.658s] Level 1:colcon.colcon_core.package_identification:_identify(.) by extensions ['ignore', 'ignore_ament_install']
[0.658s] Level 1:colcon.colcon_core.package_identification:_identify(.) by extension 'ignore'
[0.658s] Level 1:colcon.colcon_core.package_identification:_identify(.) by extension 'ignore_ament_install'
[0.659s] Level 1:colcon.colcon_core.package_identification:_identify(.) by extensions ['colcon_pkg']
[0.659s] Level 1:colcon.colcon_core.package_identification:_identify(.) by extension 'colcon_pkg'
[0.659s] Level 1:colcon.colcon_core.package_identification:_identify(.) by extensions ['colcon_meta']
[0.659s] Level 1:colcon.colcon_core.package_identification:_identify(.) by extension 'colcon_meta'
[0.659s] Level 1:colcon.colcon_core.package_identification:_identify(.) by extensions ['ros']
[0.659s] Level 1:colcon.colcon_core.package_identification:_identify(.) by extension 'ros'
[0.679s] Level 1:colcon.colcon_core.package_identification:_identify(.) by extensions ['cmake', 'python']
[0.679s] Level 1:colcon.colcon_core.package_identification:_identify(.) by extension 'cmake'
[0.679s] Level 1:colcon.colcon_core.package_identification:_identify(.) by extension 'python'
[0.680s] Level 1:colcon.colcon_core.package_identification:_identify(.) by extensions ['python_setup_py']
[0.680s] Level 1:colcon.colcon_core.package_identification:_identify(.) by extension 'python_setup_py'
[0.680s] Level 1:colcon.colcon_core.package_identification:_identify(build) by extensions ['ignore', 'ignore_ament_install']
[0.680s] Level 1:colcon.colcon_core.package_identification:_identify(build) by extension 'ignore'
[0.680s] Level 1:colcon.colcon_core.package_identification:_identify(build) ignored
[0.680s] Level 1:colcon.colcon_core.package_identification:_identify(install) by extensions ['ignore', 'ignore_ament_install']
[0.680s] Level 1:colcon.colcon_core.package_identification:_identify(install) by extension 'ignore'
[0.681s] Level 1:colcon.colcon_core.package_identification:_identify(install) ignored
[0.681s] Level 1:colcon.colcon_core.package_identification:_identify(log) by extensions ['ignore', 'ignore_ament_install']
[0.681s] Level 1:colcon.colcon_core.package_identification:_identify(log) by extension 'ignore'
[0.681s] Level 1:colcon.colcon_core.package_identification:_identify(log) ignored
[0.681s] Level 1:colcon.colcon_core.package_identification:_identify(src) by extensions ['ignore', 'ignore_ament_install']
[0.681s] Level 1:colcon.colcon_core.package_identification:_identify(src) by extension 'ignore'
[0.681s] Level 1:colcon.colcon_core.package_identification:_identify(src) by extension 'ignore_ament_install'
[0.681s] Level 1:colcon.colcon_core.package_identification:_identify(src) by extensions ['colcon_pkg']
[0.681s] Level 1:colcon.colcon_core.package_identification:_identify(src) by extension 'colcon_pkg'
[0.682s] Level 1:colcon.colcon_core.package_identification:_identify(src) by extensions ['colcon_meta']
[0.682s] Level 1:colcon.colcon_core.package_identification:_identify(src) by extension 'colcon_meta'
[0.682s] Level 1:colcon.colcon_core.package_identification:_identify(src) by extensions ['ros']
[0.682s] Level 1:colcon.colcon_core.package_identification:_identify(src) by extension 'ros'
[0.682s] Level 1:colcon.colcon_core.package_identification:_identify(src) by extensions ['cmake', 'python']
[0.682s] Level 1:colcon.colcon_core.package_identification:_identify(src) by extension 'cmake'
[0.682s] Level 1:colcon.colcon_core.package_identification:_identify(src) by extension 'python'
[0.682s] Level 1:colcon.colcon_core.package_identification:_identify(src) by extensions ['python_setup_py']
[0.682s] Level 1:colcon.colcon_core.package_identification:_identify(src) by extension 'python_setup_py'
[0.682s] Level 1:colcon.colcon_core.package_identification:_identify(src/saf) by extensions ['ignore', 'ignore_ament_install']
[0.682s] Level 1:colcon.colcon_core.package_identification:_identify(src/saf) by extension 'ignore'
[0.682s] Level 1:colcon.colcon_core.package_identification:_identify(src/saf) by extension 'ignore_ament_install'
[0.683s] Level 1:colcon.colcon_core.package_identification:_identify(src/saf) by extensions ['colcon_pkg']
[0.683s] Level 1:colcon.colcon_core.package_identification:_identify(src/saf) by extension 'colcon_pkg'
[0.683s] Level 1:colcon.colcon_core.package_identification:_identify(src/saf) by extensions ['colcon_meta']
[0.683s] Level 1:colcon.colcon_core.package_identification:_identify(src/saf) by extension 'colcon_meta'
[0.683s] Level 1:colcon.colcon_core.package_identification:_identify(src/saf) by extensions ['ros']
[0.683s] Level 1:colcon.colcon_core.package_identification:_identify(src/saf) by extension 'ros'
[0.688s] DEBUG:colcon.colcon_core.package_identification:Package 'src/saf' with type 'ros.ament_python' and name 'saf'
[0.688s] Level 1:colcon.colcon_core.package_identification:_identify(src/saf_msgs) by extensions ['ignore', 'ignore_ament_install']
[0.688s] Level 1:colcon.colcon_core.package_identification:_identify(src/saf_msgs) by extension 'ignore'
[0.689s] Level 1:colcon.colcon_core.package_identification:_identify(src/saf_msgs) by extension 'ignore_ament_install'
[0.689s] Level 1:colcon.colcon_core.package_identification:_identify(src/saf_msgs) by extensions ['colcon_pkg']
[0.689s] Level 1:colcon.colcon_core.package_identification:_identify(src/saf_msgs) by extension 'colcon_pkg'
[0.689s] Level 1:colcon.colcon_core.package_identification:_identify(src/saf_msgs) by extensions ['colcon_meta']
[0.689s] Level 1:colcon.colcon_core.package_identification:_identify(src/saf_msgs) by extension 'colcon_meta'
[0.689s] Level 1:colcon.colcon_core.package_identification:_identify(src/saf_msgs) by extensions ['ros']
[0.689s] Level 1:colcon.colcon_core.package_identification:_identify(src/saf_msgs) by extension 'ros'
[0.690s] DEBUG:colcon.colcon_core.package_identification:Package 'src/saf_msgs' with type 'ros.ament_cmake' and name 'saf_msgs'
[0.690s] Level 1:colcon.colcon_core.package_discovery:discover_packages(recursive) using defaults
[0.690s] Level 1:colcon.colcon_core.package_discovery:discover_packages(ignore) discover
[0.690s] Level 1:colcon.colcon_core.package_discovery:discover_packages(ignore) using defaults
[0.690s] Level 1:colcon.colcon_core.package_discovery:discover_packages(path) discover
[0.690s] Level 1:colcon.colcon_core.package_discovery:discover_packages(path) using defaults
[0.761s] Level 1:colcon.colcon_core.package_discovery:discover_packages(prefix_path) check parameters
[0.761s] Level 1:colcon.colcon_core.package_discovery:discover_packages(prefix_path) discover
[0.821s] DEBUG:colcon.colcon_installed_package_information.package_discovery:Found 2 installed packages in /home/hh4000/ros2_ws/install
[0.824s] DEBUG:colcon.colcon_installed_package_information.package_discovery:Found 284 installed packages in /opt/ros/humble
[0.826s] Level 1:colcon.colcon_core.package_discovery:discover_packages(prefix_path) using defaults
[0.957s] Level 5:colcon.colcon_core.verb:set package 'saf_msgs' build argument 'cmake_args' from command line to 'None'
[0.957s] Level 5:colcon.colcon_core.verb:set package 'saf_msgs' build argument 'cmake_target' from command line to 'None'
[0.957s] Level 5:colcon.colcon_core.verb:set package 'saf_msgs' build argument 'cmake_target_skip_unavailable' from command line to 'False'
[0.957s] Level 5:colcon.colcon_core.verb:set package 'saf_msgs' build argument 'cmake_clean_cache' from command line to 'False'
[0.957s] Level 5:colcon.colcon_core.verb:set package 'saf_msgs' build argument 'cmake_clean_first' from command line to 'False'
[0.957s] Level 5:colcon.colcon_core.verb:set package 'saf_msgs' build argument 'cmake_force_configure' from command line to 'False'
[0.957s] Level 5:colcon.colcon_core.verb:set package 'saf_msgs' build argument 'ament_cmake_args' from command line to 'None'
[0.957s] Level 5:colcon.colcon_core.verb:set package 'saf_msgs' build argument 'catkin_cmake_args' from command line to 'None'
[0.957s] Level 5:colcon.colcon_core.verb:set package 'saf_msgs' build argument 'catkin_skip_building_tests' from command line to 'False'
[0.957s] DEBUG:colcon.colcon_core.verb:Building package 'saf_msgs' with the following arguments: {'ament_cmake_args': None, 'build_base': '/home/hh4000/ros2_ws/build/saf_msgs', 'catkin_cmake_args': None, 'catkin_skip_building_tests': False, 'cmake_args': None, 'cmake_clean_cache': False, 'cmake_clean_first': False, 'cmake_force_configure': False, 'cmake_target': None, 'cmake_target_skip_unavailable': False, 'install_base': '/home/hh4000/ros2_ws/install/saf_msgs', 'merge_install': False, 'path': '/home/hh4000/ros2_ws/src/saf_msgs', 'symlink_install': False, 'test_result_base': None}
[0.959s] Level 5:colcon.colcon_core.verb:set package 'saf' build argument 'cmake_args' from command line to 'None'
[0.959s] Level 5:colcon.colcon_core.verb:set package 'saf' build argument 'cmake_target' from command line to 'None'
[0.959s] Level 5:colcon.colcon_core.verb:set package 'saf' build argument 'cmake_target_skip_unavailable' from command line to 'False'
[0.959s] Level 5:colcon.colcon_core.verb:set package 'saf' build argument 'cmake_clean_cache' from command line to 'False'
[0.959s] Level 5:colcon.colcon_core.verb:set package 'saf' build argument 'cmake_clean_first' from command line to 'False'
[0.959s] Level 5:colcon.colcon_core.verb:set package 'saf' build argument 'cmake_force_configure' from command line to 'False'
[0.959s] Level 5:colcon.colcon_core.verb:set package 'saf' build argument 'ament_cmake_args' from command line to 'None'
[0.959s] Level 5:colcon.colcon_core.verb:set package 'saf' build argument 'catkin_cmake_args' from command line to 'None'
[0.959s] Level 5:colcon.colcon_core.verb:set package 'saf' build argument 'catkin_skip_building_tests' from command line to 'False'
[0.960s] DEBUG:colcon.colcon_core.verb:Building package 'saf' with the following arguments: {'ament_cmake_args': None, 'build_base': '/home/hh4000/ros2_ws/build/saf', 'catkin_cmake_args': None, 'catkin_skip_building_tests': False, 'cmake_args': None, 'cmake_clean_cache': False, 'cmake_clean_first': False, 'cmake_force_configure': False, 'cmake_target': None, 'cmake_target_skip_unavailable': False, 'install_base': '/home/hh4000/ros2_ws/install/saf', 'merge_install': False, 'path': '/home/hh4000/ros2_ws/src/saf', 'symlink_install': False, 'test_result_base': None}
[0.961s] INFO:colcon.colcon_core.executor:Executing jobs using 'parallel' executor
[0.965s] DEBUG:colcon.colcon_parallel_executor.executor.parallel:run_until_complete
[0.965s] INFO:colcon.colcon_ros.task.ament_cmake.build:Building ROS package in '/home/hh4000/ros2_ws/src/saf_msgs' with build type 'ament_cmake'
[0.965s] INFO:colcon.colcon_cmake.task.cmake.build:Building CMake package in '/home/hh4000/ros2_ws/src/saf_msgs'
[0.979s] INFO:colcon.colcon_core.plugin_system:Skipping extension 'colcon_core.shell.bat': Not used on non-Windows systems
[0.979s] INFO:colcon.colcon_core.shell:Skip shell extension 'powershell' for command environment: Not usable outside of PowerShell
[0.979s] DEBUG:colcon.colcon_core.shell:Skip shell extension 'dsv' for command environment
[0.996s] DEBUG:colcon.colcon_core.event_handler.log_command:Invoking command in '/home/hh4000/ros2_ws/build/saf_msgs': CMAKE_PREFIX_PATH=${CMAKE_PREFIX_PATH}:/home/hh4000/ros2_ws/install/saf:/opt/ros/humble /usr/bin/cmake --build /home/hh4000/ros2_ws/build/saf_msgs -- -j4 -l4
[1.732s] DEBUG:colcon.colcon_core.event_handler.log_command:Invoked command in '/home/hh4000/ros2_ws/build/saf_msgs' returned '0': CMAKE_PREFIX_PATH=${CMAKE_PREFIX_PATH}:/home/hh4000/ros2_ws/install/saf:/opt/ros/humble /usr/bin/cmake --build /home/hh4000/ros2_ws/build/saf_msgs -- -j4 -l4
[1.816s] DEBUG:colcon.colcon_core.event_handler.log_command:Invoking command in '/home/hh4000/ros2_ws/build/saf_msgs': CMAKE_PREFIX_PATH=${CMAKE_PREFIX_PATH}:/home/hh4000/ros2_ws/install/saf:/opt/ros/humble /usr/bin/cmake --install /home/hh4000/ros2_ws/build/saf_msgs
[1.907s] Level 1:colcon.colcon_core.environment:create_environment_scripts_only(saf_msgs)
[1.909s] DEBUG:colcon.colcon_core.event_handler.log_command:Invoked command in '/home/hh4000/ros2_ws/build/saf_msgs' returned '0': CMAKE_PREFIX_PATH=${CMAKE_PREFIX_PATH}:/home/hh4000/ros2_ws/install/saf:/opt/ros/humble /usr/bin/cmake --install /home/hh4000/ros2_ws/build/saf_msgs
[1.920s] Level 1:colcon.colcon_core.environment:checking '/home/hh4000/ros2_ws/install/saf_msgs' for CMake module files
[1.921s] Level 1:colcon.colcon_core.environment:checking '/home/hh4000/ros2_ws/install/saf_msgs' for CMake config files
[1.923s] Level 1:colcon.colcon_core.shell:create_environment_hook('saf_msgs', 'cmake_prefix_path')
[1.926s] INFO:colcon.colcon_core.shell:Creating environment hook '/home/hh4000/ros2_ws/install/saf_msgs/share/saf_msgs/hook/cmake_prefix_path.ps1'
[1.927s] INFO:colcon.colcon_core.shell:Creating environment descriptor '/home/hh4000/ros2_ws/install/saf_msgs/share/saf_msgs/hook/cmake_prefix_path.dsv'
[1.928s] INFO:colcon.colcon_core.shell:Creating environment hook '/home/hh4000/ros2_ws/install/saf_msgs/share/saf_msgs/hook/cmake_prefix_path.sh'
[1.930s] Level 1:colcon.colcon_core.environment:checking '/home/hh4000/ros2_ws/install/saf_msgs/lib'
[1.930s] Level 1:colcon.colcon_core.shell:create_environment_hook('saf_msgs', 'ld_library_path_lib')
[1.932s] INFO:colcon.colcon_core.shell:Creating environment hook '/home/hh4000/ros2_ws/install/saf_msgs/share/saf_msgs/hook/ld_library_path_lib.ps1'
[1.932s] INFO:colcon.colcon_core.shell:Creating environment descriptor '/home/hh4000/ros2_ws/install/saf_msgs/share/saf_msgs/hook/ld_library_path_lib.dsv'
[1.933s] INFO:colcon.colcon_core.shell:Creating environment hook '/home/hh4000/ros2_ws/install/saf_msgs/share/saf_msgs/hook/ld_library_path_lib.sh'
[1.934s] Level 1:colcon.colcon_core.environment:checking '/home/hh4000/ros2_ws/install/saf_msgs/bin'
[1.934s] Level 1:colcon.colcon_core.environment:checking '/home/hh4000/ros2_ws/install/saf_msgs/lib/pkgconfig/saf_msgs.pc'
[1.934s] Level 1:colcon.colcon_core.environment:checking '/home/hh4000/ros2_ws/install/saf_msgs/lib/python3.10/site-packages'
[1.935s] Level 1:colcon.colcon_core.environment:checking '/home/hh4000/ros2_ws/install/saf_msgs/bin'
[1.937s] INFO:colcon.colcon_core.shell:Creating package script '/home/hh4000/ros2_ws/install/saf_msgs/share/saf_msgs/package.ps1'
[1.938s] INFO:colcon.colcon_core.shell:Creating package descriptor '/home/hh4000/ros2_ws/install/saf_msgs/share/saf_msgs/package.dsv'
[1.939s] INFO:colcon.colcon_core.shell:Creating package script '/home/hh4000/ros2_ws/install/saf_msgs/share/saf_msgs/package.sh'
[1.940s] INFO:colcon.colcon_core.shell:Creating package script '/home/hh4000/ros2_ws/install/saf_msgs/share/saf_msgs/package.bash'
[1.941s] INFO:colcon.colcon_core.shell:Creating package script '/home/hh4000/ros2_ws/install/saf_msgs/share/saf_msgs/package.zsh'
[1.942s] Level 1:colcon.colcon_core.environment:create_file_with_runtime_dependencies(/home/hh4000/ros2_ws/install/saf_msgs/share/colcon-core/packages/saf_msgs)
[2.015s] Level 1:colcon.colcon_core.environment:create_environment_scripts_only(saf_msgs)
[2.018s] Level 1:colcon.colcon_core.environment:checking '/home/hh4000/ros2_ws/install/saf_msgs' for CMake module files
[2.019s] Level 1:colcon.colcon_core.environment:checking '/home/hh4000/ros2_ws/install/saf_msgs' for CMake config files
[2.019s] Level 1:colcon.colcon_core.shell:create_environment_hook('saf_msgs', 'cmake_prefix_path')
[2.021s] INFO:colcon.colcon_core.shell:Creating environment hook '/home/hh4000/ros2_ws/install/saf_msgs/share/saf_msgs/hook/cmake_prefix_path.ps1'
[2.022s] INFO:colcon.colcon_core.shell:Creating environment descriptor '/home/hh4000/ros2_ws/install/saf_msgs/share/saf_msgs/hook/cmake_prefix_path.dsv'
[2.022s] INFO:colcon.colcon_core.shell:Creating environment hook '/home/hh4000/ros2_ws/install/saf_msgs/share/saf_msgs/hook/cmake_prefix_path.sh'
[2.023s] Level 1:colcon.colcon_core.environment:checking '/home/hh4000/ros2_ws/install/saf_msgs/lib'
[2.023s] Level 1:colcon.colcon_core.shell:create_environment_hook('saf_msgs', 'ld_library_path_lib')
[2.025s] INFO:colcon.colcon_core.shell:Creating environment hook '/home/hh4000/ros2_ws/install/saf_msgs/share/saf_msgs/hook/ld_library_path_lib.ps1'
[2.026s] INFO:colcon.colcon_core.shell:Creating environment descriptor '/home/hh4000/ros2_ws/install/saf_msgs/share/saf_msgs/hook/ld_library_path_lib.dsv'
[2.026s] INFO:colcon.colcon_core.shell:Creating environment hook '/home/hh4000/ros2_ws/install/saf_msgs/share/saf_msgs/hook/ld_library_path_lib.sh'
[2.027s] Level 1:colcon.colcon_core.environment:checking '/home/hh4000/ros2_ws/install/saf_msgs/bin'
[2.027s] Level 1:colcon.colcon_core.environment:checking '/home/hh4000/ros2_ws/install/saf_msgs/lib/pkgconfig/saf_msgs.pc'
[2.027s] Level 1:colcon.colcon_core.environment:checking '/home/hh4000/ros2_ws/install/saf_msgs/lib/python3.10/site-packages'
[2.028s] Level 1:colcon.colcon_core.environment:checking '/home/hh4000/ros2_ws/install/saf_msgs/bin'
[2.030s] INFO:colcon.colcon_core.shell:Creating package script '/home/hh4000/ros2_ws/install/saf_msgs/share/saf_msgs/package.ps1'
[2.030s] INFO:colcon.colcon_core.shell:Creating package descriptor '/home/hh4000/ros2_ws/install/saf_msgs/share/saf_msgs/package.dsv'
[2.031s] INFO:colcon.colcon_core.shell:Creating package script '/home/hh4000/ros2_ws/install/saf_msgs/share/saf_msgs/package.sh'
[2.032s] INFO:colcon.colcon_core.shell:Creating package script '/home/hh4000/ros2_ws/install/saf_msgs/share/saf_msgs/package.bash'
[2.032s] INFO:colcon.colcon_core.shell:Creating package script '/home/hh4000/ros2_ws/install/saf_msgs/share/saf_msgs/package.zsh'
[2.033s] Level 1:colcon.colcon_core.environment:create_file_with_runtime_dependencies(/home/hh4000/ros2_ws/install/saf_msgs/share/colcon-core/packages/saf_msgs)
[2.033s] INFO:colcon.colcon_ros.task.ament_python.build:Building ROS package in '/home/hh4000/ros2_ws/src/saf' with build type 'ament_python'
[2.034s] Level 1:colcon.colcon_core.shell:create_environment_hook('saf', 'ament_prefix_path')
[2.036s] INFO:colcon.colcon_core.shell:Creating environment hook '/home/hh4000/ros2_ws/install/saf/share/saf/hook/ament_prefix_path.ps1'
[2.037s] INFO:colcon.colcon_core.shell:Creating environment descriptor '/home/hh4000/ros2_ws/install/saf/share/saf/hook/ament_prefix_path.dsv'
[2.037s] INFO:colcon.colcon_core.shell:Creating environment hook '/home/hh4000/ros2_ws/install/saf/share/saf/hook/ament_prefix_path.sh'
[2.039s] INFO:colcon.colcon_core.shell:Skip shell extension 'powershell' for command environment: Not usable outside of PowerShell
[2.039s] DEBUG:colcon.colcon_core.shell:Skip shell extension 'dsv' for command environment
[2.461s] INFO:colcon.colcon_core.task.python.build:Building Python package in '/home/hh4000/ros2_ws/src/saf'
[2.462s] INFO:colcon.colcon_core.shell:Skip shell extension 'powershell' for command environment: Not usable outside of PowerShell
[2.463s] DEBUG:colcon.colcon_core.shell:Skip shell extension 'dsv' for command environment
[3.271s] DEBUG:colcon.colcon_core.event_handler.log_command:Invoking command in '/home/hh4000/ros2_ws/src/saf': PYTHONPATH=/home/hh4000/ros2_ws/build/saf/prefix_override:/home/hh4000/ros2_ws/install/saf/lib/python3.10/site-packages:${PYTHONPATH} /usr/bin/python3 setup.py egg_info --egg-base ../../build/saf build --build-base /home/hh4000/ros2_ws/build/saf/build install --record /home/hh4000/ros2_ws/build/saf/install.log --single-version-externally-managed
[3.755s] Level 1:colcon.colcon_core.environment:checking '/home/hh4000/ros2_ws/install/saf' for CMake module files
[3.756s] DEBUG:colcon.colcon_core.event_handler.log_command:Invoked command in '/home/hh4000/ros2_ws/src/saf' returned '0': PYTHONPATH=/home/hh4000/ros2_ws/build/saf/prefix_override:/home/hh4000/ros2_ws/install/saf/lib/python3.10/site-packages:${PYTHONPATH} /usr/bin/python3 setup.py egg_info --egg-base ../../build/saf build --build-base /home/hh4000/ros2_ws/build/saf/build install --record /home/hh4000/ros2_ws/build/saf/install.log --single-version-externally-managed
[3.757s] Level 1:colcon.colcon_core.environment:checking '/home/hh4000/ros2_ws/install/saf' for CMake config files
[3.758s] Level 1:colcon.colcon_core.environment:checking '/home/hh4000/ros2_ws/install/saf/lib'
[3.759s] Level 1:colcon.colcon_core.environment:checking '/home/hh4000/ros2_ws/install/saf/bin'
[3.759s] Level 1:colcon.colcon_core.environment:checking '/home/hh4000/ros2_ws/install/saf/lib/pkgconfig/saf.pc'
[3.759s] Level 1:colcon.colcon_core.environment:checking '/home/hh4000/ros2_ws/install/saf/lib/python3.10/site-packages'
[3.759s] Level 1:colcon.colcon_core.shell:create_environment_hook('saf', 'pythonpath')
[3.761s] INFO:colcon.colcon_core.shell:Creating environment hook '/home/hh4000/ros2_ws/install/saf/share/saf/hook/pythonpath.ps1'
[3.762s] INFO:colcon.colcon_core.shell:Creating environment descriptor '/home/hh4000/ros2_ws/install/saf/share/saf/hook/pythonpath.dsv'
[3.762s] INFO:colcon.colcon_core.shell:Creating environment hook '/home/hh4000/ros2_ws/install/saf/share/saf/hook/pythonpath.sh'
[3.763s] Level 1:colcon.colcon_core.environment:checking '/home/hh4000/ros2_ws/install/saf/bin'
[3.763s] Level 1:colcon.colcon_core.environment:create_environment_scripts_only(saf)
[3.765s] INFO:colcon.colcon_core.shell:Creating package script '/home/hh4000/ros2_ws/install/saf/share/saf/package.ps1'
[3.766s] INFO:colcon.colcon_core.shell:Creating package descriptor '/home/hh4000/ros2_ws/install/saf/share/saf/package.dsv'
[3.766s] INFO:colcon.colcon_core.shell:Creating package script '/home/hh4000/ros2_ws/install/saf/share/saf/package.sh'
[3.767s] INFO:colcon.colcon_core.shell:Creating package script '/home/hh4000/ros2_ws/install/saf/share/saf/package.bash'
[3.768s] INFO:colcon.colcon_core.shell:Creating package script '/home/hh4000/ros2_ws/install/saf/share/saf/package.zsh'
[3.768s] Level 1:colcon.colcon_core.environment:create_file_with_runtime_dependencies(/home/hh4000/ros2_ws/install/saf/share/colcon-core/packages/saf)
[3.768s] DEBUG:colcon.colcon_parallel_executor.executor.parallel:closing loop
[3.769s] DEBUG:colcon.colcon_parallel_executor.executor.parallel:loop closed
[3.769s] DEBUG:colcon.colcon_parallel_executor.executor.parallel:run_until_complete finished with '0'
[3.769s] DEBUG:colcon.colcon_core.event_reactor:joining thread
[3.780s] INFO:colcon.colcon_core.plugin_system:Skipping extension 'colcon_notification.desktop_notification.terminal_notifier': Not used on non-Darwin systems
[3.781s] INFO:colcon.colcon_core.plugin_system:Skipping extension 'colcon_notification.desktop_notification.win32': Not used on non-Windows systems
[3.781s] INFO:colcon.colcon_notification.desktop_notification:Sending desktop notification using 'notify2'
[3.802s] DEBUG:colcon.colcon_core.event_reactor:joined thread
[3.806s] INFO:colcon.colcon_core.shell:Creating prefix script '/home/hh4000/ros2_ws/install/local_setup.ps1'
[3.810s] INFO:colcon.colcon_core.shell:Creating prefix util module '/home/hh4000/ros2_ws/install/_local_setup_util_ps1.py'
[3.812s] INFO:colcon.colcon_core.shell:Creating prefix chain script '/home/hh4000/ros2_ws/install/setup.ps1'
[3.814s] INFO:colcon.colcon_core.shell:Creating prefix script '/home/hh4000/ros2_ws/install/local_setup.sh'
[3.815s] INFO:colcon.colcon_core.shell:Creating prefix util module '/home/hh4000/ros2_ws/install/_local_setup_util_sh.py'
[3.816s] INFO:colcon.colcon_core.shell:Creating prefix chain script '/home/hh4000/ros2_ws/install/setup.sh'
[3.818s] INFO:colcon.colcon_core.shell:Creating prefix script '/home/hh4000/ros2_ws/install/local_setup.bash'
[3.819s] INFO:colcon.colcon_core.shell:Creating prefix chain script '/home/hh4000/ros2_ws/install/setup.bash'
[3.823s] INFO:colcon.colcon_core.shell:Creating prefix script '/home/hh4000/ros2_ws/install/local_setup.zsh'
[3.826s] INFO:colcon.colcon_core.shell:Creating prefix chain script '/home/hh4000/ros2_ws/install/setup.zsh'
