[0.651s] DEBUG:colcon:Command line arguments: ['/usr/bin/colcon', 'build']
[0.651s] DEBUG:colcon:Parsed command line arguments: Namespace(log_base=None, log_level=None, verb_name='build', build_base='build', install_base='install', merge_install=False, symlink_install=False, test_result_base=None, continue_on_error=False, executor='parallel', parallel_workers=4, event_handlers=None, ignore_user_meta=False, metas=['./colcon.meta'], base_paths=['.'], packages_ignore=None, packages_ignore_regex=None, paths=None, packages_up_to=None, packages_up_to_regex=None, packages_above=None, packages_above_and_dependencies=None, packages_above_depth=None, packages_select_by_dep=None, packages_skip_by_dep=None, packages_skip_up_to=None, packages_select_build_failed=False, packages_skip_build_finished=False, packages_select_test_failures=False, packages_skip_test_passed=False, packages_select=None, packages_skip=None, packages_select_regex=None, packages_skip_regex=None, packages_start=None, packages_end=None, allow_overriding=[], cmake_args=None, cmake_target=None, cmake_target_skip_unavailable=False, cmake_clean_cache=False, cmake_clean_first=False, cmake_force_configure=False, ament_cmake_args=None, catkin_cmake_args=None, catkin_skip_building_tests=False, verb_parser=<colcon_defaults.argument_parser.defaults.DefaultArgumentsDecorator object at 0x7f413a2bda50>, verb_extension=<colcon_core.verb.build.BuildVerb object at 0x7f413a2bd4e0>, main=<bound method BuildVerb.main of <colcon_core.verb.build.BuildVerb object at 0x7f413a2bd4e0>>)
[0.703s] Level 1:colcon.colcon_core.package_discovery:discover_packages(colcon_meta) check parameters
[0.703s] Level 1:colcon.colcon_core.package_discovery:discover_packages(recursive) check parameters
[0.703s] Level 1:colcon.colcon_core.package_discovery:discover_packages(ignore) check parameters
[0.703s] Level 1:colcon.colcon_core.package_discovery:discover_packages(path) check parameters
[0.703s] Level 1:colcon.colcon_core.package_discovery:discover_packages(colcon_meta) discover
[0.703s] Level 1:colcon.colcon_core.package_discovery:discover_packages(recursive) discover
[0.704s] INFO:colcon.colcon_core.package_discovery:Crawling recursively for packages in '/home/hh4000/ros2_ws'
[0.704s] Level 1:colcon.colcon_core.package_identification:_identify(.) by extensions ['ignore', 'ignore_ament_install']
[0.704s] Level 1:colcon.colcon_core.package_identification:_identify(.) by extension 'ignore'
[0.704s] Level 1:colcon.colcon_core.package_identification:_identify(.) by extension 'ignore_ament_install'
[0.704s] Level 1:colcon.colcon_core.package_identification:_identify(.) by extensions ['colcon_pkg']
[0.704s] Level 1:colcon.colcon_core.package_identification:_identify(.) by extension 'colcon_pkg'
[0.704s] Level 1:colcon.colcon_core.package_identification:_identify(.) by extensions ['colcon_meta']
[0.704s] Level 1:colcon.colcon_core.package_identification:_identify(.) by extension 'colcon_meta'
[0.704s] Level 1:colcon.colcon_core.package_identification:_identify(.) by extensions ['ros']
[0.704s] Level 1:colcon.colcon_core.package_identification:_identify(.) by extension 'ros'
[0.723s] Level 1:colcon.colcon_core.package_identification:_identify(.) by extensions ['cmake', 'python']
[0.723s] Level 1:colcon.colcon_core.package_identification:_identify(.) by extension 'cmake'
[0.724s] Level 1:colcon.colcon_core.package_identification:_identify(.) by extension 'python'
[0.724s] Level 1:colcon.colcon_core.package_identification:_identify(.) by extensions ['python_setup_py']
[0.724s] Level 1:colcon.colcon_core.package_identification:_identify(.) by extension 'python_setup_py'
[0.724s] Level 1:colcon.colcon_core.package_identification:_identify(build) by extensions ['ignore', 'ignore_ament_install']
[0.724s] Level 1:colcon.colcon_core.package_identification:_identify(build) by extension 'ignore'
[0.724s] Level 1:colcon.colcon_core.package_identification:_identify(build) ignored
[0.724s] Level 1:colcon.colcon_core.package_identification:_identify(install) by extensions ['ignore', 'ignore_ament_install']
[0.725s] Level 1:colcon.colcon_core.package_identification:_identify(install) by extension 'ignore'
[0.725s] Level 1:colcon.colcon_core.package_identification:_identify(install) ignored
[0.725s] Level 1:colcon.colcon_core.package_identification:_identify(log) by extensions ['ignore', 'ignore_ament_install']
[0.725s] Level 1:colcon.colcon_core.package_identification:_identify(log) by extension 'ignore'
[0.725s] Level 1:colcon.colcon_core.package_identification:_identify(log) ignored
[0.725s] Level 1:colcon.colcon_core.package_identification:_identify(src) by extensions ['ignore', 'ignore_ament_install']
[0.725s] Level 1:colcon.colcon_core.package_identification:_identify(src) by extension 'ignore'
[0.725s] Level 1:colcon.colcon_core.package_identification:_identify(src) by extension 'ignore_ament_install'
[0.725s] Level 1:colcon.colcon_core.package_identification:_identify(src) by extensions ['colcon_pkg']
[0.725s] Level 1:colcon.colcon_core.package_identification:_identify(src) by extension 'colcon_pkg'
[0.726s] Level 1:colcon.colcon_core.package_identification:_identify(src) by extensions ['colcon_meta']
[0.726s] Level 1:colcon.colcon_core.package_identification:_identify(src) by extension 'colcon_meta'
[0.726s] Level 1:colcon.colcon_core.package_identification:_identify(src) by extensions ['ros']
[0.726s] Level 1:colcon.colcon_core.package_identification:_identify(src) by extension 'ros'
[0.726s] Level 1:colcon.colcon_core.package_identification:_identify(src) by extensions ['cmake', 'python']
[0.726s] Level 1:colcon.colcon_core.package_identification:_identify(src) by extension 'cmake'
[0.726s] Level 1:colcon.colcon_core.package_identification:_identify(src) by extension 'python'
[0.726s] Level 1:colcon.colcon_core.package_identification:_identify(src) by extensions ['python_setup_py']
[0.726s] Level 1:colcon.colcon_core.package_identification:_identify(src) by extension 'python_setup_py'
[0.726s] Level 1:colcon.colcon_core.package_identification:_identify(src/saf) by extensions ['ignore', 'ignore_ament_install']
[0.726s] Level 1:colcon.colcon_core.package_identification:_identify(src/saf) by extension 'ignore'
[0.727s] Level 1:colcon.colcon_core.package_identification:_identify(src/saf) by extension 'ignore_ament_install'
[0.727s] Level 1:colcon.colcon_core.package_identification:_identify(src/saf) by extensions ['colcon_pkg']
[0.727s] Level 1:colcon.colcon_core.package_identification:_identify(src/saf) by extension 'colcon_pkg'
[0.727s] Level 1:colcon.colcon_core.package_identification:_identify(src/saf) by extensions ['colcon_meta']
[0.727s] Level 1:colcon.colcon_core.package_identification:_identify(src/saf) by extension 'colcon_meta'
[0.727s] Level 1:colcon.colcon_core.package_identification:_identify(src/saf) by extensions ['ros']
[0.727s] Level 1:colcon.colcon_core.package_identification:_identify(src/saf) by extension 'ros'
[0.737s] DEBUG:colcon.colcon_core.package_identification:Package 'src/saf' with type 'ros.ament_python' and name 'saf'
[0.738s] Level 1:colcon.colcon_core.package_identification:_identify(src/saf_msgs) by extensions ['ignore', 'ignore_ament_install']
[0.738s] Level 1:colcon.colcon_core.package_identification:_identify(src/saf_msgs) by extension 'ignore'
[0.738s] Level 1:colcon.colcon_core.package_identification:_identify(src/saf_msgs) by extension 'ignore_ament_install'
[0.738s] Level 1:colcon.colcon_core.package_identification:_identify(src/saf_msgs) by extensions ['colcon_pkg']
[0.738s] Level 1:colcon.colcon_core.package_identification:_identify(src/saf_msgs) by extension 'colcon_pkg'
[0.738s] Level 1:colcon.colcon_core.package_identification:_identify(src/saf_msgs) by extensions ['colcon_meta']
[0.738s] Level 1:colcon.colcon_core.package_identification:_identify(src/saf_msgs) by extension 'colcon_meta'
[0.738s] Level 1:colcon.colcon_core.package_identification:_identify(src/saf_msgs) by extensions ['ros']
[0.738s] Level 1:colcon.colcon_core.package_identification:_identify(src/saf_msgs) by extension 'ros'
[0.739s] DEBUG:colcon.colcon_core.package_identification:Package 'src/saf_msgs' with type 'ros.ament_cmake' and name 'saf_msgs'
[0.739s] Level 1:colcon.colcon_core.package_discovery:discover_packages(recursive) using defaults
[0.740s] Level 1:colcon.colcon_core.package_discovery:discover_packages(ignore) discover
[0.740s] Level 1:colcon.colcon_core.package_discovery:discover_packages(ignore) using defaults
[0.740s] Level 1:colcon.colcon_core.package_discovery:discover_packages(path) discover
[0.740s] Level 1:colcon.colcon_core.package_discovery:discover_packages(path) using defaults
[0.790s] Level 1:colcon.colcon_core.package_discovery:discover_packages(prefix_path) check parameters
[0.790s] Level 1:colcon.colcon_core.package_discovery:discover_packages(prefix_path) discover
[0.795s] DEBUG:colcon.colcon_installed_package_information.package_discovery:Found 2 installed packages in /home/hh4000/ros2_ws/install
[0.798s] DEBUG:colcon.colcon_installed_package_information.package_discovery:Found 284 installed packages in /opt/ros/humble
[0.800s] Level 1:colcon.colcon_core.package_discovery:discover_packages(prefix_path) using defaults
[0.923s] Level 5:colcon.colcon_core.verb:set package 'saf_msgs' build argument 'cmake_args' from command line to 'None'
[0.923s] Level 5:colcon.colcon_core.verb:set package 'saf_msgs' build argument 'cmake_target' from command line to 'None'
[0.923s] Level 5:colcon.colcon_core.verb:set package 'saf_msgs' build argument 'cmake_target_skip_unavailable' from command line to 'False'
[0.924s] Level 5:colcon.colcon_core.verb:set package 'saf_msgs' build argument 'cmake_clean_cache' from command line to 'False'
[0.924s] Level 5:colcon.colcon_core.verb:set package 'saf_msgs' build argument 'cmake_clean_first' from command line to 'False'
[0.924s] Level 5:colcon.colcon_core.verb:set package 'saf_msgs' build argument 'cmake_force_configure' from command line to 'False'
[0.924s] Level 5:colcon.colcon_core.verb:set package 'saf_msgs' build argument 'ament_cmake_args' from command line to 'None'
[0.924s] Level 5:colcon.colcon_core.verb:set package 'saf_msgs' build argument 'catkin_cmake_args' from command line to 'None'
[0.924s] Level 5:colcon.colcon_core.verb:set package 'saf_msgs' build argument 'catkin_skip_building_tests' from command line to 'False'
[0.924s] DEBUG:colcon.colcon_core.verb:Building package 'saf_msgs' with the following arguments: {'ament_cmake_args': None, 'build_base': '/home/hh4000/ros2_ws/build/saf_msgs', 'catkin_cmake_args': None, 'catkin_skip_building_tests': False, 'cmake_args': None, 'cmake_clean_cache': False, 'cmake_clean_first': False, 'cmake_force_configure': False, 'cmake_target': None, 'cmake_target_skip_unavailable': False, 'install_base': '/home/hh4000/ros2_ws/install/saf_msgs', 'merge_install': False, 'path': '/home/hh4000/ros2_ws/src/saf_msgs', 'symlink_install': False, 'test_result_base': None}
[0.925s] Level 5:colcon.colcon_core.verb:set package 'saf' build argument 'cmake_args' from command line to 'None'
[0.926s] Level 5:colcon.colcon_core.verb:set package 'saf' build argument 'cmake_target' from command line to 'None'
[0.926s] Level 5:colcon.colcon_core.verb:set package 'saf' build argument 'cmake_target_skip_unavailable' from command line to 'False'
[0.926s] Level 5:colcon.colcon_core.verb:set package 'saf' build argument 'cmake_clean_cache' from command line to 'False'
[0.926s] Level 5:colcon.colcon_core.verb:set package 'saf' build argument 'cmake_clean_first' from command line to 'False'
[0.926s] Level 5:colcon.colcon_core.verb:set package 'saf' build argument 'cmake_force_configure' from command line to 'False'
[0.926s] Level 5:colcon.colcon_core.verb:set package 'saf' build argument 'ament_cmake_args' from command line to 'None'
[0.926s] Level 5:colcon.colcon_core.verb:set package 'saf' build argument 'catkin_cmake_args' from command line to 'None'
[0.926s] Level 5:colcon.colcon_core.verb:set package 'saf' build argument 'catkin_skip_building_tests' from command line to 'False'
[0.926s] DEBUG:colcon.colcon_core.verb:Building package 'saf' with the following arguments: {'ament_cmake_args': None, 'build_base': '/home/hh4000/ros2_ws/build/saf', 'catkin_cmake_args': None, 'catkin_skip_building_tests': False, 'cmake_args': None, 'cmake_clean_cache': False, 'cmake_clean_first': False, 'cmake_force_configure': False, 'cmake_target': None, 'cmake_target_skip_unavailable': False, 'install_base': '/home/hh4000/ros2_ws/install/saf', 'merge_install': False, 'path': '/home/hh4000/ros2_ws/src/saf', 'symlink_install': False, 'test_result_base': None}
[0.927s] INFO:colcon.colcon_core.executor:Executing jobs using 'parallel' executor
[0.931s] DEBUG:colcon.colcon_parallel_executor.executor.parallel:run_until_complete
[0.932s] INFO:colcon.colcon_ros.task.ament_cmake.build:Building ROS package in '/home/hh4000/ros2_ws/src/saf_msgs' with build type 'ament_cmake'
[0.932s] INFO:colcon.colcon_cmake.task.cmake.build:Building CMake package in '/home/hh4000/ros2_ws/src/saf_msgs'
[0.944s] INFO:colcon.colcon_core.plugin_system:Skipping extension 'colcon_core.shell.bat': Not used on non-Windows systems
[0.944s] INFO:colcon.colcon_core.shell:Skip shell extension 'powershell' for command environment: Not usable outside of PowerShell
[0.944s] DEBUG:colcon.colcon_core.shell:Skip shell extension 'dsv' for command environment
[0.957s] DEBUG:colcon.colcon_core.event_handler.log_command:Invoking command in '/home/hh4000/ros2_ws/build/saf_msgs': CMAKE_PREFIX_PATH=${CMAKE_PREFIX_PATH}:/home/hh4000/ros2_ws/install/saf:/opt/ros/humble /usr/bin/cmake --build /home/hh4000/ros2_ws/build/saf_msgs -- -j4 -l4
[1.843s] DEBUG:colcon.colcon_core.event_handler.log_command:Invoked command in '/home/hh4000/ros2_ws/build/saf_msgs' returned '0': CMAKE_PREFIX_PATH=${CMAKE_PREFIX_PATH}:/home/hh4000/ros2_ws/install/saf:/opt/ros/humble /usr/bin/cmake --build /home/hh4000/ros2_ws/build/saf_msgs -- -j4 -l4
[1.929s] DEBUG:colcon.colcon_core.event_handler.log_command:Invoking command in '/home/hh4000/ros2_ws/build/saf_msgs': CMAKE_PREFIX_PATH=${CMAKE_PREFIX_PATH}:/home/hh4000/ros2_ws/install/saf:/opt/ros/humble /usr/bin/cmake --install /home/hh4000/ros2_ws/build/saf_msgs
[2.032s] Level 1:colcon.colcon_core.environment:create_environment_scripts_only(saf_msgs)
[2.033s] DEBUG:colcon.colcon_core.event_handler.log_command:Invoked command in '/home/hh4000/ros2_ws/build/saf_msgs' returned '0': CMAKE_PREFIX_PATH=${CMAKE_PREFIX_PATH}:/home/hh4000/ros2_ws/install/saf:/opt/ros/humble /usr/bin/cmake --install /home/hh4000/ros2_ws/build/saf_msgs
[2.041s] Level 1:colcon.colcon_core.environment:checking '/home/hh4000/ros2_ws/install/saf_msgs' for CMake module files
[2.043s] Level 1:colcon.colcon_core.environment:checking '/home/hh4000/ros2_ws/install/saf_msgs' for CMake config files
[2.043s] Level 1:colcon.colcon_core.shell:create_environment_hook('saf_msgs', 'cmake_prefix_path')
[2.045s] INFO:colcon.colcon_core.shell:Creating environment hook '/home/hh4000/ros2_ws/install/saf_msgs/share/saf_msgs/hook/cmake_prefix_path.ps1'
[2.046s] INFO:colcon.colcon_core.shell:Creating environment descriptor '/home/hh4000/ros2_ws/install/saf_msgs/share/saf_msgs/hook/cmake_prefix_path.dsv'
[2.047s] INFO:colcon.colcon_core.shell:Creating environment hook '/home/hh4000/ros2_ws/install/saf_msgs/share/saf_msgs/hook/cmake_prefix_path.sh'
[2.048s] Level 1:colcon.colcon_core.environment:checking '/home/hh4000/ros2_ws/install/saf_msgs/lib'
[2.048s] Level 1:colcon.colcon_core.shell:create_environment_hook('saf_msgs', 'ld_library_path_lib')
[2.050s] INFO:colcon.colcon_core.shell:Creating environment hook '/home/hh4000/ros2_ws/install/saf_msgs/share/saf_msgs/hook/ld_library_path_lib.ps1'
[2.051s] INFO:colcon.colcon_core.shell:Creating environment descriptor '/home/hh4000/ros2_ws/install/saf_msgs/share/saf_msgs/hook/ld_library_path_lib.dsv'
[2.051s] INFO:colcon.colcon_core.shell:Creating environment hook '/home/hh4000/ros2_ws/install/saf_msgs/share/saf_msgs/hook/ld_library_path_lib.sh'
[2.052s] Level 1:colcon.colcon_core.environment:checking '/home/hh4000/ros2_ws/install/saf_msgs/bin'
[2.052s] Level 1:colcon.colcon_core.environment:checking '/home/hh4000/ros2_ws/install/saf_msgs/lib/pkgconfig/saf_msgs.pc'
[2.053s] Level 1:colcon.colcon_core.environment:checking '/home/hh4000/ros2_ws/install/saf_msgs/lib/python3.10/site-packages'
[2.053s] Level 1:colcon.colcon_core.environment:checking '/home/hh4000/ros2_ws/install/saf_msgs/bin'
[2.055s] INFO:colcon.colcon_core.shell:Creating package script '/home/hh4000/ros2_ws/install/saf_msgs/share/saf_msgs/package.ps1'
[2.057s] INFO:colcon.colcon_core.shell:Creating package descriptor '/home/hh4000/ros2_ws/install/saf_msgs/share/saf_msgs/package.dsv'
[2.057s] INFO:colcon.colcon_core.shell:Creating package script '/home/hh4000/ros2_ws/install/saf_msgs/share/saf_msgs/package.sh'
[2.059s] INFO:colcon.colcon_core.shell:Creating package script '/home/hh4000/ros2_ws/install/saf_msgs/share/saf_msgs/package.bash'
[2.060s] INFO:colcon.colcon_core.shell:Creating package script '/home/hh4000/ros2_ws/install/saf_msgs/share/saf_msgs/package.zsh'
[2.061s] Level 1:colcon.colcon_core.environment:create_file_with_runtime_dependencies(/home/hh4000/ros2_ws/install/saf_msgs/share/colcon-core/packages/saf_msgs)
[2.134s] Level 1:colcon.colcon_core.environment:create_environment_scripts_only(saf_msgs)
[2.137s] Level 1:colcon.colcon_core.environment:checking '/home/hh4000/ros2_ws/install/saf_msgs' for CMake module files
[2.138s] Level 1:colcon.colcon_core.environment:checking '/home/hh4000/ros2_ws/install/saf_msgs' for CMake config files
[2.139s] Level 1:colcon.colcon_core.shell:create_environment_hook('saf_msgs', 'cmake_prefix_path')
[2.141s] INFO:colcon.colcon_core.shell:Creating environment hook '/home/hh4000/ros2_ws/install/saf_msgs/share/saf_msgs/hook/cmake_prefix_path.ps1'
[2.141s] INFO:colcon.colcon_core.shell:Creating environment descriptor '/home/hh4000/ros2_ws/install/saf_msgs/share/saf_msgs/hook/cmake_prefix_path.dsv'
[2.142s] INFO:colcon.colcon_core.shell:Creating environment hook '/home/hh4000/ros2_ws/install/saf_msgs/share/saf_msgs/hook/cmake_prefix_path.sh'
[2.143s] Level 1:colcon.colcon_core.environment:checking '/home/hh4000/ros2_ws/install/saf_msgs/lib'
[2.143s] Level 1:colcon.colcon_core.shell:create_environment_hook('saf_msgs', 'ld_library_path_lib')
[2.145s] INFO:colcon.colcon_core.shell:Creating environment hook '/home/hh4000/ros2_ws/install/saf_msgs/share/saf_msgs/hook/ld_library_path_lib.ps1'
[2.146s] INFO:colcon.colcon_core.shell:Creating environment descriptor '/home/hh4000/ros2_ws/install/saf_msgs/share/saf_msgs/hook/ld_library_path_lib.dsv'
[2.146s] INFO:colcon.colcon_core.shell:Creating environment hook '/home/hh4000/ros2_ws/install/saf_msgs/share/saf_msgs/hook/ld_library_path_lib.sh'
[2.147s] Level 1:colcon.colcon_core.environment:checking '/home/hh4000/ros2_ws/install/saf_msgs/bin'
[2.147s] Level 1:colcon.colcon_core.environment:checking '/home/hh4000/ros2_ws/install/saf_msgs/lib/pkgconfig/saf_msgs.pc'
[2.148s] Level 1:colcon.colcon_core.environment:checking '/home/hh4000/ros2_ws/install/saf_msgs/lib/python3.10/site-packages'
[2.148s] Level 1:colcon.colcon_core.environment:checking '/home/hh4000/ros2_ws/install/saf_msgs/bin'
[2.150s] INFO:colcon.colcon_core.shell:Creating package script '/home/hh4000/ros2_ws/install/saf_msgs/share/saf_msgs/package.ps1'
[2.151s] INFO:colcon.colcon_core.shell:Creating package descriptor '/home/hh4000/ros2_ws/install/saf_msgs/share/saf_msgs/package.dsv'
[2.152s] INFO:colcon.colcon_core.shell:Creating package script '/home/hh4000/ros2_ws/install/saf_msgs/share/saf_msgs/package.sh'
[2.153s] INFO:colcon.colcon_core.shell:Creating package script '/home/hh4000/ros2_ws/install/saf_msgs/share/saf_msgs/package.bash'
[2.153s] INFO:colcon.colcon_core.shell:Creating package script '/home/hh4000/ros2_ws/install/saf_msgs/share/saf_msgs/package.zsh'
[2.154s] Level 1:colcon.colcon_core.environment:create_file_with_runtime_dependencies(/home/hh4000/ros2_ws/install/saf_msgs/share/colcon-core/packages/saf_msgs)
[2.155s] INFO:colcon.colcon_ros.task.ament_python.build:Building ROS package in '/home/hh4000/ros2_ws/src/saf' with build type 'ament_python'
[2.155s] Level 1:colcon.colcon_core.shell:create_environment_hook('saf', 'ament_prefix_path')
[2.157s] INFO:colcon.colcon_core.shell:Creating environment hook '/home/hh4000/ros2_ws/install/saf/share/saf/hook/ament_prefix_path.ps1'
[2.158s] INFO:colcon.colcon_core.shell:Creating environment descriptor '/home/hh4000/ros2_ws/install/saf/share/saf/hook/ament_prefix_path.dsv'
[2.159s] INFO:colcon.colcon_core.shell:Creating environment hook '/home/hh4000/ros2_ws/install/saf/share/saf/hook/ament_prefix_path.sh'
[2.161s] INFO:colcon.colcon_core.shell:Skip shell extension 'powershell' for command environment: Not usable outside of PowerShell
[2.161s] DEBUG:colcon.colcon_core.shell:Skip shell extension 'dsv' for command environment
[2.583s] INFO:colcon.colcon_core.task.python.build:Building Python package in '/home/hh4000/ros2_ws/src/saf'
[2.586s] INFO:colcon.colcon_core.shell:Skip shell extension 'powershell' for command environment: Not usable outside of PowerShell
[2.586s] DEBUG:colcon.colcon_core.shell:Skip shell extension 'dsv' for command environment
[3.137s] DEBUG:colcon.colcon_core.event_handler.log_command:Invoking command in '/home/hh4000/ros2_ws/src/saf': PYTHONPATH=/home/hh4000/ros2_ws/build/saf/prefix_override:/home/hh4000/ros2_ws/install/saf/lib/python3.10/site-packages:${PYTHONPATH} /usr/bin/python3 setup.py egg_info --egg-base ../../build/saf build --build-base /home/hh4000/ros2_ws/build/saf/build install --record /home/hh4000/ros2_ws/build/saf/install.log --single-version-externally-managed
[3.615s] Level 1:colcon.colcon_core.environment:checking '/home/hh4000/ros2_ws/install/saf' for CMake module files
[3.616s] DEBUG:colcon.colcon_core.event_handler.log_command:Invoked command in '/home/hh4000/ros2_ws/src/saf' returned '0': PYTHONPATH=/home/hh4000/ros2_ws/build/saf/prefix_override:/home/hh4000/ros2_ws/install/saf/lib/python3.10/site-packages:${PYTHONPATH} /usr/bin/python3 setup.py egg_info --egg-base ../../build/saf build --build-base /home/hh4000/ros2_ws/build/saf/build install --record /home/hh4000/ros2_ws/build/saf/install.log --single-version-externally-managed
[3.616s] Level 1:colcon.colcon_core.environment:checking '/home/hh4000/ros2_ws/install/saf' for CMake config files
[3.617s] Level 1:colcon.colcon_core.environment:checking '/home/hh4000/ros2_ws/install/saf/lib'
[3.617s] Level 1:colcon.colcon_core.environment:checking '/home/hh4000/ros2_ws/install/saf/bin'
[3.617s] Level 1:colcon.colcon_core.environment:checking '/home/hh4000/ros2_ws/install/saf/lib/pkgconfig/saf.pc'
[3.618s] Level 1:colcon.colcon_core.environment:checking '/home/hh4000/ros2_ws/install/saf/lib/python3.10/site-packages'
[3.618s] Level 1:colcon.colcon_core.shell:create_environment_hook('saf', 'pythonpath')
[3.619s] INFO:colcon.colcon_core.shell:Creating environment hook '/home/hh4000/ros2_ws/install/saf/share/saf/hook/pythonpath.ps1'
[3.620s] INFO:colcon.colcon_core.shell:Creating environment descriptor '/home/hh4000/ros2_ws/install/saf/share/saf/hook/pythonpath.dsv'
[3.621s] INFO:colcon.colcon_core.shell:Creating environment hook '/home/hh4000/ros2_ws/install/saf/share/saf/hook/pythonpath.sh'
[3.622s] Level 1:colcon.colcon_core.environment:checking '/home/hh4000/ros2_ws/install/saf/bin'
[3.622s] Level 1:colcon.colcon_core.environment:create_environment_scripts_only(saf)
[3.623s] INFO:colcon.colcon_core.shell:Creating package script '/home/hh4000/ros2_ws/install/saf/share/saf/package.ps1'
[3.624s] INFO:colcon.colcon_core.shell:Creating package descriptor '/home/hh4000/ros2_ws/install/saf/share/saf/package.dsv'
[3.625s] INFO:colcon.colcon_core.shell:Creating package script '/home/hh4000/ros2_ws/install/saf/share/saf/package.sh'
[3.625s] INFO:colcon.colcon_core.shell:Creating package script '/home/hh4000/ros2_ws/install/saf/share/saf/package.bash'
[3.626s] INFO:colcon.colcon_core.shell:Creating package script '/home/hh4000/ros2_ws/install/saf/share/saf/package.zsh'
[3.626s] Level 1:colcon.colcon_core.environment:create_file_with_runtime_dependencies(/home/hh4000/ros2_ws/install/saf/share/colcon-core/packages/saf)
[3.627s] DEBUG:colcon.colcon_parallel_executor.executor.parallel:closing loop
[3.627s] DEBUG:colcon.colcon_parallel_executor.executor.parallel:loop closed
[3.628s] DEBUG:colcon.colcon_parallel_executor.executor.parallel:run_until_complete finished with '0'
[3.628s] DEBUG:colcon.colcon_core.event_reactor:joining thread
[3.639s] INFO:colcon.colcon_core.plugin_system:Skipping extension 'colcon_notification.desktop_notification.terminal_notifier': Not used on non-Darwin systems
[3.639s] INFO:colcon.colcon_core.plugin_system:Skipping extension 'colcon_notification.desktop_notification.win32': Not used on non-Windows systems
[3.639s] INFO:colcon.colcon_notification.desktop_notification:Sending desktop notification using 'notify2'
[3.662s] DEBUG:colcon.colcon_core.event_reactor:joined thread
[3.667s] INFO:colcon.colcon_core.shell:Creating prefix script '/home/hh4000/ros2_ws/install/local_setup.ps1'
[3.672s] INFO:colcon.colcon_core.shell:Creating prefix util module '/home/hh4000/ros2_ws/install/_local_setup_util_ps1.py'
[3.674s] INFO:colcon.colcon_core.shell:Creating prefix chain script '/home/hh4000/ros2_ws/install/setup.ps1'
[3.678s] INFO:colcon.colcon_core.shell:Creating prefix script '/home/hh4000/ros2_ws/install/local_setup.sh'
[3.681s] INFO:colcon.colcon_core.shell:Creating prefix util module '/home/hh4000/ros2_ws/install/_local_setup_util_sh.py'
[3.682s] INFO:colcon.colcon_core.shell:Creating prefix chain script '/home/hh4000/ros2_ws/install/setup.sh'
[3.684s] INFO:colcon.colcon_core.shell:Creating prefix script '/home/hh4000/ros2_ws/install/local_setup.bash'
[3.685s] INFO:colcon.colcon_core.shell:Creating prefix chain script '/home/hh4000/ros2_ws/install/setup.bash'
[3.687s] INFO:colcon.colcon_core.shell:Creating prefix script '/home/hh4000/ros2_ws/install/local_setup.zsh'
[3.688s] INFO:colcon.colcon_core.shell:Creating prefix chain script '/home/hh4000/ros2_ws/install/setup.zsh'
