[0.546s] DEBUG:colcon:Command line arguments: ['/usr/bin/colcon', 'build']
[0.546s] DEBUG:colcon:Parsed command line arguments: Namespace(log_base=None, log_level=None, verb_name='build', build_base='build', install_base='install', merge_install=False, symlink_install=False, test_result_base=None, continue_on_error=False, executor='parallel', parallel_workers=4, event_handlers=None, ignore_user_meta=False, metas=['./colcon.meta'], base_paths=['.'], packages_ignore=None, packages_ignore_regex=None, paths=None, packages_up_to=None, packages_up_to_regex=None, packages_above=None, packages_above_and_dependencies=None, packages_above_depth=None, packages_select_by_dep=None, packages_skip_by_dep=None, packages_skip_up_to=None, packages_select_build_failed=False, packages_skip_build_finished=False, packages_select_test_failures=False, packages_skip_test_passed=False, packages_select=None, packages_skip=None, packages_select_regex=None, packages_skip_regex=None, packages_start=None, packages_end=None, allow_overriding=[], cmake_args=None, cmake_target=None, cmake_target_skip_unavailable=False, cmake_clean_cache=False, cmake_clean_first=False, cmake_force_configure=False, ament_cmake_args=None, catkin_cmake_args=None, catkin_skip_building_tests=False, verb_parser=<colcon_defaults.argument_parser.defaults.DefaultArgumentsDecorator object at 0x7fc08e0fd7b0>, verb_extension=<colcon_core.verb.build.BuildVerb object at 0x7fc08e0fd240>, main=<bound method BuildVerb.main of <colcon_core.verb.build.BuildVerb object at 0x7fc08e0fd240>>)
[0.581s] Level 1:colcon.colcon_core.package_discovery:discover_packages(colcon_meta) check parameters
[0.581s] Level 1:colcon.colcon_core.package_discovery:discover_packages(recursive) check parameters
[0.581s] Level 1:colcon.colcon_core.package_discovery:discover_packages(ignore) check parameters
[0.581s] Level 1:colcon.colcon_core.package_discovery:discover_packages(path) check parameters
[0.581s] Level 1:colcon.colcon_core.package_discovery:discover_packages(colcon_meta) discover
[0.581s] Level 1:colcon.colcon_core.package_discovery:discover_packages(recursive) discover
[0.581s] INFO:colcon.colcon_core.package_discovery:Crawling recursively for packages in '/home/hh4000/ros2_ws'
[0.581s] Level 1:colcon.colcon_core.package_identification:_identify(.) by extensions ['ignore', 'ignore_ament_install']
[0.581s] Level 1:colcon.colcon_core.package_identification:_identify(.) by extension 'ignore'
[0.582s] Level 1:colcon.colcon_core.package_identification:_identify(.) by extension 'ignore_ament_install'
[0.582s] Level 1:colcon.colcon_core.package_identification:_identify(.) by extensions ['colcon_pkg']
[0.582s] Level 1:colcon.colcon_core.package_identification:_identify(.) by extension 'colcon_pkg'
[0.582s] Level 1:colcon.colcon_core.package_identification:_identify(.) by extensions ['colcon_meta']
[0.582s] Level 1:colcon.colcon_core.package_identification:_identify(.) by extension 'colcon_meta'
[0.582s] Level 1:colcon.colcon_core.package_identification:_identify(.) by extensions ['ros']
[0.582s] Level 1:colcon.colcon_core.package_identification:_identify(.) by extension 'ros'
[0.597s] Level 1:colcon.colcon_core.package_identification:_identify(.) by extensions ['cmake', 'python']
[0.597s] Level 1:colcon.colcon_core.package_identification:_identify(.) by extension 'cmake'
[0.598s] Level 1:colcon.colcon_core.package_identification:_identify(.) by extension 'python'
[0.598s] Level 1:colcon.colcon_core.package_identification:_identify(.) by extensions ['python_setup_py']
[0.598s] Level 1:colcon.colcon_core.package_identification:_identify(.) by extension 'python_setup_py'
[0.598s] Level 1:colcon.colcon_core.package_identification:_identify(build) by extensions ['ignore', 'ignore_ament_install']
[0.598s] Level 1:colcon.colcon_core.package_identification:_identify(build) by extension 'ignore'
[0.598s] Level 1:colcon.colcon_core.package_identification:_identify(build) ignored
[0.598s] Level 1:colcon.colcon_core.package_identification:_identify(install) by extensions ['ignore', 'ignore_ament_install']
[0.599s] Level 1:colcon.colcon_core.package_identification:_identify(install) by extension 'ignore'
[0.599s] Level 1:colcon.colcon_core.package_identification:_identify(install) ignored
[0.599s] Level 1:colcon.colcon_core.package_identification:_identify(log) by extensions ['ignore', 'ignore_ament_install']
[0.599s] Level 1:colcon.colcon_core.package_identification:_identify(log) by extension 'ignore'
[0.599s] Level 1:colcon.colcon_core.package_identification:_identify(log) ignored
[0.599s] Level 1:colcon.colcon_core.package_identification:_identify(src) by extensions ['ignore', 'ignore_ament_install']
[0.599s] Level 1:colcon.colcon_core.package_identification:_identify(src) by extension 'ignore'
[0.599s] Level 1:colcon.colcon_core.package_identification:_identify(src) by extension 'ignore_ament_install'
[0.599s] Level 1:colcon.colcon_core.package_identification:_identify(src) by extensions ['colcon_pkg']
[0.599s] Level 1:colcon.colcon_core.package_identification:_identify(src) by extension 'colcon_pkg'
[0.600s] Level 1:colcon.colcon_core.package_identification:_identify(src) by extensions ['colcon_meta']
[0.600s] Level 1:colcon.colcon_core.package_identification:_identify(src) by extension 'colcon_meta'
[0.600s] Level 1:colcon.colcon_core.package_identification:_identify(src) by extensions ['ros']
[0.600s] Level 1:colcon.colcon_core.package_identification:_identify(src) by extension 'ros'
[0.600s] Level 1:colcon.colcon_core.package_identification:_identify(src) by extensions ['cmake', 'python']
[0.600s] Level 1:colcon.colcon_core.package_identification:_identify(src) by extension 'cmake'
[0.600s] Level 1:colcon.colcon_core.package_identification:_identify(src) by extension 'python'
[0.600s] Level 1:colcon.colcon_core.package_identification:_identify(src) by extensions ['python_setup_py']
[0.600s] Level 1:colcon.colcon_core.package_identification:_identify(src) by extension 'python_setup_py'
[0.600s] Level 1:colcon.colcon_core.package_identification:_identify(src/saf) by extensions ['ignore', 'ignore_ament_install']
[0.600s] Level 1:colcon.colcon_core.package_identification:_identify(src/saf) by extension 'ignore'
[0.600s] Level 1:colcon.colcon_core.package_identification:_identify(src/saf) by extension 'ignore_ament_install'
[0.600s] Level 1:colcon.colcon_core.package_identification:_identify(src/saf) by extensions ['colcon_pkg']
[0.600s] Level 1:colcon.colcon_core.package_identification:_identify(src/saf) by extension 'colcon_pkg'
[0.601s] Level 1:colcon.colcon_core.package_identification:_identify(src/saf) by extensions ['colcon_meta']
[0.601s] Level 1:colcon.colcon_core.package_identification:_identify(src/saf) by extension 'colcon_meta'
[0.601s] Level 1:colcon.colcon_core.package_identification:_identify(src/saf) by extensions ['ros']
[0.601s] Level 1:colcon.colcon_core.package_identification:_identify(src/saf) by extension 'ros'
[0.605s] DEBUG:colcon.colcon_core.package_identification:Package 'src/saf' with type 'ros.ament_python' and name 'saf'
[0.605s] Level 1:colcon.colcon_core.package_identification:_identify(src/saf_msgs) by extensions ['ignore', 'ignore_ament_install']
[0.606s] Level 1:colcon.colcon_core.package_identification:_identify(src/saf_msgs) by extension 'ignore'
[0.606s] Level 1:colcon.colcon_core.package_identification:_identify(src/saf_msgs) by extension 'ignore_ament_install'
[0.606s] Level 1:colcon.colcon_core.package_identification:_identify(src/saf_msgs) by extensions ['colcon_pkg']
[0.606s] Level 1:colcon.colcon_core.package_identification:_identify(src/saf_msgs) by extension 'colcon_pkg'
[0.606s] Level 1:colcon.colcon_core.package_identification:_identify(src/saf_msgs) by extensions ['colcon_meta']
[0.606s] Level 1:colcon.colcon_core.package_identification:_identify(src/saf_msgs) by extension 'colcon_meta'
[0.606s] Level 1:colcon.colcon_core.package_identification:_identify(src/saf_msgs) by extensions ['ros']
[0.606s] Level 1:colcon.colcon_core.package_identification:_identify(src/saf_msgs) by extension 'ros'
[0.607s] DEBUG:colcon.colcon_core.package_identification:Package 'src/saf_msgs' with type 'ros.ament_cmake' and name 'saf_msgs'
[0.607s] Level 1:colcon.colcon_core.package_discovery:discover_packages(recursive) using defaults
[0.607s] Level 1:colcon.colcon_core.package_discovery:discover_packages(ignore) discover
[0.607s] Level 1:colcon.colcon_core.package_discovery:discover_packages(ignore) using defaults
[0.607s] Level 1:colcon.colcon_core.package_discovery:discover_packages(path) discover
[0.607s] Level 1:colcon.colcon_core.package_discovery:discover_packages(path) using defaults
[0.641s] Level 1:colcon.colcon_core.package_discovery:discover_packages(prefix_path) check parameters
[0.641s] Level 1:colcon.colcon_core.package_discovery:discover_packages(prefix_path) discover
[0.645s] DEBUG:colcon.colcon_installed_package_information.package_discovery:Found 2 installed packages in /home/hh4000/ros2_ws/install
[0.648s] DEBUG:colcon.colcon_installed_package_information.package_discovery:Found 284 installed packages in /opt/ros/humble
[0.650s] Level 1:colcon.colcon_core.package_discovery:discover_packages(prefix_path) using defaults
[0.749s] Level 5:colcon.colcon_core.verb:set package 'saf_msgs' build argument 'cmake_args' from command line to 'None'
[0.750s] Level 5:colcon.colcon_core.verb:set package 'saf_msgs' build argument 'cmake_target' from command line to 'None'
[0.750s] Level 5:colcon.colcon_core.verb:set package 'saf_msgs' build argument 'cmake_target_skip_unavailable' from command line to 'False'
[0.750s] Level 5:colcon.colcon_core.verb:set package 'saf_msgs' build argument 'cmake_clean_cache' from command line to 'False'
[0.750s] Level 5:colcon.colcon_core.verb:set package 'saf_msgs' build argument 'cmake_clean_first' from command line to 'False'
[0.750s] Level 5:colcon.colcon_core.verb:set package 'saf_msgs' build argument 'cmake_force_configure' from command line to 'False'
[0.750s] Level 5:colcon.colcon_core.verb:set package 'saf_msgs' build argument 'ament_cmake_args' from command line to 'None'
[0.750s] Level 5:colcon.colcon_core.verb:set package 'saf_msgs' build argument 'catkin_cmake_args' from command line to 'None'
[0.750s] Level 5:colcon.colcon_core.verb:set package 'saf_msgs' build argument 'catkin_skip_building_tests' from command line to 'False'
[0.750s] DEBUG:colcon.colcon_core.verb:Building package 'saf_msgs' with the following arguments: {'ament_cmake_args': None, 'build_base': '/home/hh4000/ros2_ws/build/saf_msgs', 'catkin_cmake_args': None, 'catkin_skip_building_tests': False, 'cmake_args': None, 'cmake_clean_cache': False, 'cmake_clean_first': False, 'cmake_force_configure': False, 'cmake_target': None, 'cmake_target_skip_unavailable': False, 'install_base': '/home/hh4000/ros2_ws/install/saf_msgs', 'merge_install': False, 'path': '/home/hh4000/ros2_ws/src/saf_msgs', 'symlink_install': False, 'test_result_base': None}
[0.754s] Level 5:colcon.colcon_core.verb:set package 'saf' build argument 'cmake_args' from command line to 'None'
[0.754s] Level 5:colcon.colcon_core.verb:set package 'saf' build argument 'cmake_target' from command line to 'None'
[0.754s] Level 5:colcon.colcon_core.verb:set package 'saf' build argument 'cmake_target_skip_unavailable' from command line to 'False'
[0.754s] Level 5:colcon.colcon_core.verb:set package 'saf' build argument 'cmake_clean_cache' from command line to 'False'
[0.754s] Level 5:colcon.colcon_core.verb:set package 'saf' build argument 'cmake_clean_first' from command line to 'False'
[0.754s] Level 5:colcon.colcon_core.verb:set package 'saf' build argument 'cmake_force_configure' from command line to 'False'
[0.754s] Level 5:colcon.colcon_core.verb:set package 'saf' build argument 'ament_cmake_args' from command line to 'None'
[0.755s] Level 5:colcon.colcon_core.verb:set package 'saf' build argument 'catkin_cmake_args' from command line to 'None'
[0.755s] Level 5:colcon.colcon_core.verb:set package 'saf' build argument 'catkin_skip_building_tests' from command line to 'False'
[0.755s] DEBUG:colcon.colcon_core.verb:Building package 'saf' with the following arguments: {'ament_cmake_args': None, 'build_base': '/home/hh4000/ros2_ws/build/saf', 'catkin_cmake_args': None, 'catkin_skip_building_tests': False, 'cmake_args': None, 'cmake_clean_cache': False, 'cmake_clean_first': False, 'cmake_force_configure': False, 'cmake_target': None, 'cmake_target_skip_unavailable': False, 'install_base': '/home/hh4000/ros2_ws/install/saf', 'merge_install': False, 'path': '/home/hh4000/ros2_ws/src/saf', 'symlink_install': False, 'test_result_base': None}
[0.757s] INFO:colcon.colcon_core.executor:Executing jobs using 'parallel' executor
[0.765s] DEBUG:colcon.colcon_parallel_executor.executor.parallel:run_until_complete
[0.766s] INFO:colcon.colcon_ros.task.ament_cmake.build:Building ROS package in '/home/hh4000/ros2_ws/src/saf_msgs' with build type 'ament_cmake'
[0.766s] INFO:colcon.colcon_cmake.task.cmake.build:Building CMake package in '/home/hh4000/ros2_ws/src/saf_msgs'
[0.773s] INFO:colcon.colcon_core.plugin_system:Skipping extension 'colcon_core.shell.bat': Not used on non-Windows systems
[0.773s] INFO:colcon.colcon_core.shell:Skip shell extension 'powershell' for command environment: Not usable outside of PowerShell
[0.773s] DEBUG:colcon.colcon_core.shell:Skip shell extension 'dsv' for command environment
[0.792s] DEBUG:colcon.colcon_core.event_handler.log_command:Invoking command in '/home/hh4000/ros2_ws/build/saf_msgs': CMAKE_PREFIX_PATH=${CMAKE_PREFIX_PATH}:/home/hh4000/ros2_ws/install/saf:/opt/ros/humble /usr/bin/cmake --build /home/hh4000/ros2_ws/build/saf_msgs -- -j4 -l4
[1.530s] DEBUG:colcon.colcon_core.event_handler.log_command:Invoked command in '/home/hh4000/ros2_ws/build/saf_msgs' returned '0': CMAKE_PREFIX_PATH=${CMAKE_PREFIX_PATH}:/home/hh4000/ros2_ws/install/saf:/opt/ros/humble /usr/bin/cmake --build /home/hh4000/ros2_ws/build/saf_msgs -- -j4 -l4
[1.621s] DEBUG:colcon.colcon_core.event_handler.log_command:Invoking command in '/home/hh4000/ros2_ws/build/saf_msgs': CMAKE_PREFIX_PATH=${CMAKE_PREFIX_PATH}:/home/hh4000/ros2_ws/install/saf:/opt/ros/humble /usr/bin/cmake --install /home/hh4000/ros2_ws/build/saf_msgs
[1.729s] Level 1:colcon.colcon_core.environment:create_environment_scripts_only(saf_msgs)
[1.744s] DEBUG:colcon.colcon_core.event_handler.log_command:Invoked command in '/home/hh4000/ros2_ws/build/saf_msgs' returned '0': CMAKE_PREFIX_PATH=${CMAKE_PREFIX_PATH}:/home/hh4000/ros2_ws/install/saf:/opt/ros/humble /usr/bin/cmake --install /home/hh4000/ros2_ws/build/saf_msgs
[1.747s] Level 1:colcon.colcon_core.environment:checking '/home/hh4000/ros2_ws/install/saf_msgs' for CMake module files
[1.749s] Level 1:colcon.colcon_core.environment:checking '/home/hh4000/ros2_ws/install/saf_msgs' for CMake config files
[1.751s] Level 1:colcon.colcon_core.shell:create_environment_hook('saf_msgs', 'cmake_prefix_path')
[1.754s] INFO:colcon.colcon_core.shell:Creating environment hook '/home/hh4000/ros2_ws/install/saf_msgs/share/saf_msgs/hook/cmake_prefix_path.ps1'
[1.756s] INFO:colcon.colcon_core.shell:Creating environment descriptor '/home/hh4000/ros2_ws/install/saf_msgs/share/saf_msgs/hook/cmake_prefix_path.dsv'
[1.757s] INFO:colcon.colcon_core.shell:Creating environment hook '/home/hh4000/ros2_ws/install/saf_msgs/share/saf_msgs/hook/cmake_prefix_path.sh'
[1.759s] Level 1:colcon.colcon_core.environment:checking '/home/hh4000/ros2_ws/install/saf_msgs/lib'
[1.759s] Level 1:colcon.colcon_core.shell:create_environment_hook('saf_msgs', 'ld_library_path_lib')
[1.763s] INFO:colcon.colcon_core.shell:Creating environment hook '/home/hh4000/ros2_ws/install/saf_msgs/share/saf_msgs/hook/ld_library_path_lib.ps1'
[1.764s] INFO:colcon.colcon_core.shell:Creating environment descriptor '/home/hh4000/ros2_ws/install/saf_msgs/share/saf_msgs/hook/ld_library_path_lib.dsv'
[1.765s] INFO:colcon.colcon_core.shell:Creating environment hook '/home/hh4000/ros2_ws/install/saf_msgs/share/saf_msgs/hook/ld_library_path_lib.sh'
[1.767s] Level 1:colcon.colcon_core.environment:checking '/home/hh4000/ros2_ws/install/saf_msgs/bin'
[1.767s] Level 1:colcon.colcon_core.environment:checking '/home/hh4000/ros2_ws/install/saf_msgs/lib/pkgconfig/saf_msgs.pc'
[1.768s] Level 1:colcon.colcon_core.environment:checking '/home/hh4000/ros2_ws/install/saf_msgs/lib/python3.10/site-packages'
[1.768s] Level 1:colcon.colcon_core.environment:checking '/home/hh4000/ros2_ws/install/saf_msgs/bin'
[1.772s] INFO:colcon.colcon_core.shell:Creating package script '/home/hh4000/ros2_ws/install/saf_msgs/share/saf_msgs/package.ps1'
[1.774s] INFO:colcon.colcon_core.shell:Creating package descriptor '/home/hh4000/ros2_ws/install/saf_msgs/share/saf_msgs/package.dsv'
[1.775s] INFO:colcon.colcon_core.shell:Creating package script '/home/hh4000/ros2_ws/install/saf_msgs/share/saf_msgs/package.sh'
[1.777s] INFO:colcon.colcon_core.shell:Creating package script '/home/hh4000/ros2_ws/install/saf_msgs/share/saf_msgs/package.bash'
[1.779s] INFO:colcon.colcon_core.shell:Creating package script '/home/hh4000/ros2_ws/install/saf_msgs/share/saf_msgs/package.zsh'
[1.781s] Level 1:colcon.colcon_core.environment:create_file_with_runtime_dependencies(/home/hh4000/ros2_ws/install/saf_msgs/share/colcon-core/packages/saf_msgs)
[1.876s] Level 1:colcon.colcon_core.environment:create_environment_scripts_only(saf_msgs)
[1.879s] Level 1:colcon.colcon_core.environment:checking '/home/hh4000/ros2_ws/install/saf_msgs' for CMake module files
[1.880s] Level 1:colcon.colcon_core.environment:checking '/home/hh4000/ros2_ws/install/saf_msgs' for CMake config files
[1.880s] Level 1:colcon.colcon_core.shell:create_environment_hook('saf_msgs', 'cmake_prefix_path')
[1.883s] INFO:colcon.colcon_core.shell:Creating environment hook '/home/hh4000/ros2_ws/install/saf_msgs/share/saf_msgs/hook/cmake_prefix_path.ps1'
[1.883s] INFO:colcon.colcon_core.shell:Creating environment descriptor '/home/hh4000/ros2_ws/install/saf_msgs/share/saf_msgs/hook/cmake_prefix_path.dsv'
[1.884s] INFO:colcon.colcon_core.shell:Creating environment hook '/home/hh4000/ros2_ws/install/saf_msgs/share/saf_msgs/hook/cmake_prefix_path.sh'
[1.885s] Level 1:colcon.colcon_core.environment:checking '/home/hh4000/ros2_ws/install/saf_msgs/lib'
[1.885s] Level 1:colcon.colcon_core.shell:create_environment_hook('saf_msgs', 'ld_library_path_lib')
[1.887s] INFO:colcon.colcon_core.shell:Creating environment hook '/home/hh4000/ros2_ws/install/saf_msgs/share/saf_msgs/hook/ld_library_path_lib.ps1'
[1.887s] INFO:colcon.colcon_core.shell:Creating environment descriptor '/home/hh4000/ros2_ws/install/saf_msgs/share/saf_msgs/hook/ld_library_path_lib.dsv'
[1.888s] INFO:colcon.colcon_core.shell:Creating environment hook '/home/hh4000/ros2_ws/install/saf_msgs/share/saf_msgs/hook/ld_library_path_lib.sh'
[1.889s] Level 1:colcon.colcon_core.environment:checking '/home/hh4000/ros2_ws/install/saf_msgs/bin'
[1.889s] Level 1:colcon.colcon_core.environment:checking '/home/hh4000/ros2_ws/install/saf_msgs/lib/pkgconfig/saf_msgs.pc'
[1.889s] Level 1:colcon.colcon_core.environment:checking '/home/hh4000/ros2_ws/install/saf_msgs/lib/python3.10/site-packages'
[1.889s] Level 1:colcon.colcon_core.environment:checking '/home/hh4000/ros2_ws/install/saf_msgs/bin'
[1.892s] INFO:colcon.colcon_core.shell:Creating package script '/home/hh4000/ros2_ws/install/saf_msgs/share/saf_msgs/package.ps1'
[1.892s] INFO:colcon.colcon_core.shell:Creating package descriptor '/home/hh4000/ros2_ws/install/saf_msgs/share/saf_msgs/package.dsv'
[1.893s] INFO:colcon.colcon_core.shell:Creating package script '/home/hh4000/ros2_ws/install/saf_msgs/share/saf_msgs/package.sh'
[1.894s] INFO:colcon.colcon_core.shell:Creating package script '/home/hh4000/ros2_ws/install/saf_msgs/share/saf_msgs/package.bash'
[1.896s] INFO:colcon.colcon_core.shell:Creating package script '/home/hh4000/ros2_ws/install/saf_msgs/share/saf_msgs/package.zsh'
[1.897s] Level 1:colcon.colcon_core.environment:create_file_with_runtime_dependencies(/home/hh4000/ros2_ws/install/saf_msgs/share/colcon-core/packages/saf_msgs)
[1.898s] INFO:colcon.colcon_ros.task.ament_python.build:Building ROS package in '/home/hh4000/ros2_ws/src/saf' with build type 'ament_python'
[1.899s] Level 1:colcon.colcon_core.shell:create_environment_hook('saf', 'ament_prefix_path')
[1.903s] INFO:colcon.colcon_core.shell:Creating environment hook '/home/hh4000/ros2_ws/install/saf/share/saf/hook/ament_prefix_path.ps1'
[1.904s] INFO:colcon.colcon_core.shell:Creating environment descriptor '/home/hh4000/ros2_ws/install/saf/share/saf/hook/ament_prefix_path.dsv'
[1.905s] INFO:colcon.colcon_core.shell:Creating environment hook '/home/hh4000/ros2_ws/install/saf/share/saf/hook/ament_prefix_path.sh'
[1.908s] INFO:colcon.colcon_core.shell:Skip shell extension 'powershell' for command environment: Not usable outside of PowerShell
[1.908s] DEBUG:colcon.colcon_core.shell:Skip shell extension 'dsv' for command environment
[2.366s] INFO:colcon.colcon_core.task.python.build:Building Python package in '/home/hh4000/ros2_ws/src/saf'
[2.370s] INFO:colcon.colcon_core.shell:Skip shell extension 'powershell' for command environment: Not usable outside of PowerShell
[2.370s] DEBUG:colcon.colcon_core.shell:Skip shell extension 'dsv' for command environment
[2.925s] DEBUG:colcon.colcon_core.event_handler.log_command:Invoking command in '/home/hh4000/ros2_ws/src/saf': PYTHONPATH=/home/hh4000/ros2_ws/build/saf/prefix_override:/home/hh4000/ros2_ws/install/saf/lib/python3.10/site-packages:${PYTHONPATH} /usr/bin/python3 setup.py egg_info --egg-base ../../build/saf build --build-base /home/hh4000/ros2_ws/build/saf/build install --record /home/hh4000/ros2_ws/build/saf/install.log --single-version-externally-managed
[3.515s] Level 1:colcon.colcon_core.environment:checking '/home/hh4000/ros2_ws/install/saf' for CMake module files
[3.516s] DEBUG:colcon.colcon_core.event_handler.log_command:Invoked command in '/home/hh4000/ros2_ws/src/saf' returned '0': PYTHONPATH=/home/hh4000/ros2_ws/build/saf/prefix_override:/home/hh4000/ros2_ws/install/saf/lib/python3.10/site-packages:${PYTHONPATH} /usr/bin/python3 setup.py egg_info --egg-base ../../build/saf build --build-base /home/hh4000/ros2_ws/build/saf/build install --record /home/hh4000/ros2_ws/build/saf/install.log --single-version-externally-managed
[3.517s] Level 1:colcon.colcon_core.environment:checking '/home/hh4000/ros2_ws/install/saf' for CMake config files
[3.518s] Level 1:colcon.colcon_core.environment:checking '/home/hh4000/ros2_ws/install/saf/lib'
[3.518s] Level 1:colcon.colcon_core.environment:checking '/home/hh4000/ros2_ws/install/saf/bin'
[3.518s] Level 1:colcon.colcon_core.environment:checking '/home/hh4000/ros2_ws/install/saf/lib/pkgconfig/saf.pc'
[3.519s] Level 1:colcon.colcon_core.environment:checking '/home/hh4000/ros2_ws/install/saf/lib/python3.10/site-packages'
[3.519s] Level 1:colcon.colcon_core.shell:create_environment_hook('saf', 'pythonpath')
[3.523s] INFO:colcon.colcon_core.shell:Creating environment hook '/home/hh4000/ros2_ws/install/saf/share/saf/hook/pythonpath.ps1'
[3.525s] INFO:colcon.colcon_core.shell:Creating environment descriptor '/home/hh4000/ros2_ws/install/saf/share/saf/hook/pythonpath.dsv'
[3.525s] INFO:colcon.colcon_core.shell:Creating environment hook '/home/hh4000/ros2_ws/install/saf/share/saf/hook/pythonpath.sh'
[3.527s] Level 1:colcon.colcon_core.environment:checking '/home/hh4000/ros2_ws/install/saf/bin'
[3.527s] Level 1:colcon.colcon_core.environment:create_environment_scripts_only(saf)
[3.530s] INFO:colcon.colcon_core.shell:Creating package script '/home/hh4000/ros2_ws/install/saf/share/saf/package.ps1'
[3.532s] INFO:colcon.colcon_core.shell:Creating package descriptor '/home/hh4000/ros2_ws/install/saf/share/saf/package.dsv'
[3.533s] INFO:colcon.colcon_core.shell:Creating package script '/home/hh4000/ros2_ws/install/saf/share/saf/package.sh'
[3.534s] INFO:colcon.colcon_core.shell:Creating package script '/home/hh4000/ros2_ws/install/saf/share/saf/package.bash'
[3.534s] INFO:colcon.colcon_core.shell:Creating package script '/home/hh4000/ros2_ws/install/saf/share/saf/package.zsh'
[3.535s] Level 1:colcon.colcon_core.environment:create_file_with_runtime_dependencies(/home/hh4000/ros2_ws/install/saf/share/colcon-core/packages/saf)
[3.536s] DEBUG:colcon.colcon_parallel_executor.executor.parallel:closing loop
[3.536s] DEBUG:colcon.colcon_parallel_executor.executor.parallel:loop closed
[3.537s] DEBUG:colcon.colcon_parallel_executor.executor.parallel:run_until_complete finished with '0'
[3.537s] DEBUG:colcon.colcon_core.event_reactor:joining thread
[3.544s] INFO:colcon.colcon_core.plugin_system:Skipping extension 'colcon_notification.desktop_notification.terminal_notifier': Not used on non-Darwin systems
[3.544s] INFO:colcon.colcon_core.plugin_system:Skipping extension 'colcon_notification.desktop_notification.win32': Not used on non-Windows systems
[3.544s] INFO:colcon.colcon_notification.desktop_notification:Sending desktop notification using 'notify2'
[3.562s] DEBUG:colcon.colcon_core.event_reactor:joined thread
[3.567s] INFO:colcon.colcon_core.shell:Creating prefix script '/home/hh4000/ros2_ws/install/local_setup.ps1'
[3.571s] INFO:colcon.colcon_core.shell:Creating prefix util module '/home/hh4000/ros2_ws/install/_local_setup_util_ps1.py'
[3.574s] INFO:colcon.colcon_core.shell:Creating prefix chain script '/home/hh4000/ros2_ws/install/setup.ps1'
[3.581s] INFO:colcon.colcon_core.shell:Creating prefix script '/home/hh4000/ros2_ws/install/local_setup.sh'
[3.583s] INFO:colcon.colcon_core.shell:Creating prefix util module '/home/hh4000/ros2_ws/install/_local_setup_util_sh.py'
[3.583s] INFO:colcon.colcon_core.shell:Creating prefix chain script '/home/hh4000/ros2_ws/install/setup.sh'
[3.585s] INFO:colcon.colcon_core.shell:Creating prefix script '/home/hh4000/ros2_ws/install/local_setup.bash'
[3.586s] INFO:colcon.colcon_core.shell:Creating prefix chain script '/home/hh4000/ros2_ws/install/setup.bash'
[3.588s] INFO:colcon.colcon_core.shell:Creating prefix script '/home/hh4000/ros2_ws/install/local_setup.zsh'
[3.590s] INFO:colcon.colcon_core.shell:Creating prefix chain script '/home/hh4000/ros2_ws/install/setup.zsh'
