[0.955s] DEBUG:colcon:Command line arguments: ['/usr/bin/colcon', 'build']
[0.955s] DEBUG:colcon:Parsed command line arguments: Namespace(log_base=None, log_level=None, verb_name='build', build_base='build', install_base='install', merge_install=False, symlink_install=False, test_result_base=None, continue_on_error=False, executor='parallel', parallel_workers=4, event_handlers=None, ignore_user_meta=False, metas=['./colcon.meta'], base_paths=['.'], packages_ignore=None, packages_ignore_regex=None, paths=None, packages_up_to=None, packages_up_to_regex=None, packages_above=None, packages_above_and_dependencies=None, packages_above_depth=None, packages_select_by_dep=None, packages_skip_by_dep=None, packages_skip_up_to=None, packages_select_build_failed=False, packages_skip_build_finished=False, packages_select_test_failures=False, packages_skip_test_passed=False, packages_select=None, packages_skip=None, packages_select_regex=None, packages_skip_regex=None, packages_start=None, packages_end=None, allow_overriding=[], cmake_args=None, cmake_target=None, cmake_target_skip_unavailable=False, cmake_clean_cache=False, cmake_clean_first=False, cmake_force_configure=False, ament_cmake_args=None, catkin_cmake_args=None, catkin_skip_building_tests=False, verb_parser=<colcon_defaults.argument_parser.defaults.DefaultArgumentsDecorator object at 0x7fbd393dcf40>, verb_extension=<colcon_core.verb.build.BuildVerb object at 0x7fbd393dc9d0>, main=<bound method BuildVerb.main of <colcon_core.verb.build.BuildVerb object at 0x7fbd393dc9d0>>)
[1.018s] Level 1:colcon.colcon_core.package_discovery:discover_packages(colcon_meta) check parameters
[1.018s] Level 1:colcon.colcon_core.package_discovery:discover_packages(recursive) check parameters
[1.018s] Level 1:colcon.colcon_core.package_discovery:discover_packages(ignore) check parameters
[1.018s] Level 1:colcon.colcon_core.package_discovery:discover_packages(path) check parameters
[1.018s] Level 1:colcon.colcon_core.package_discovery:discover_packages(colcon_meta) discover
[1.019s] Level 1:colcon.colcon_core.package_discovery:discover_packages(recursive) discover
[1.019s] INFO:colcon.colcon_core.package_discovery:Crawling recursively for packages in '/home/hh4000/ros2_ws'
[1.019s] Level 1:colcon.colcon_core.package_identification:_identify(.) by extensions ['ignore', 'ignore_ament_install']
[1.019s] Level 1:colcon.colcon_core.package_identification:_identify(.) by extension 'ignore'
[1.020s] Level 1:colcon.colcon_core.package_identification:_identify(.) by extension 'ignore_ament_install'
[1.020s] Level 1:colcon.colcon_core.package_identification:_identify(.) by extensions ['colcon_pkg']
[1.020s] Level 1:colcon.colcon_core.package_identification:_identify(.) by extension 'colcon_pkg'
[1.020s] Level 1:colcon.colcon_core.package_identification:_identify(.) by extensions ['colcon_meta']
[1.020s] Level 1:colcon.colcon_core.package_identification:_identify(.) by extension 'colcon_meta'
[1.020s] Level 1:colcon.colcon_core.package_identification:_identify(.) by extensions ['ros']
[1.020s] Level 1:colcon.colcon_core.package_identification:_identify(.) by extension 'ros'
[1.052s] Level 1:colcon.colcon_core.package_identification:_identify(.) by extensions ['cmake', 'python']
[1.052s] Level 1:colcon.colcon_core.package_identification:_identify(.) by extension 'cmake'
[1.052s] Level 1:colcon.colcon_core.package_identification:_identify(.) by extension 'python'
[1.053s] Level 1:colcon.colcon_core.package_identification:_identify(.) by extensions ['python_setup_py']
[1.054s] Level 1:colcon.colcon_core.package_identification:_identify(.) by extension 'python_setup_py'
[1.055s] Level 1:colcon.colcon_core.package_identification:_identify(build) by extensions ['ignore', 'ignore_ament_install']
[1.055s] Level 1:colcon.colcon_core.package_identification:_identify(build) by extension 'ignore'
[1.055s] Level 1:colcon.colcon_core.package_identification:_identify(build) ignored
[1.055s] Level 1:colcon.colcon_core.package_identification:_identify(install) by extensions ['ignore', 'ignore_ament_install']
[1.055s] Level 1:colcon.colcon_core.package_identification:_identify(install) by extension 'ignore'
[1.055s] Level 1:colcon.colcon_core.package_identification:_identify(install) ignored
[1.055s] Level 1:colcon.colcon_core.package_identification:_identify(log) by extensions ['ignore', 'ignore_ament_install']
[1.056s] Level 1:colcon.colcon_core.package_identification:_identify(log) by extension 'ignore'
[1.056s] Level 1:colcon.colcon_core.package_identification:_identify(log) ignored
[1.056s] Level 1:colcon.colcon_core.package_identification:_identify(src) by extensions ['ignore', 'ignore_ament_install']
[1.056s] Level 1:colcon.colcon_core.package_identification:_identify(src) by extension 'ignore'
[1.056s] Level 1:colcon.colcon_core.package_identification:_identify(src) by extension 'ignore_ament_install'
[1.056s] Level 1:colcon.colcon_core.package_identification:_identify(src) by extensions ['colcon_pkg']
[1.056s] Level 1:colcon.colcon_core.package_identification:_identify(src) by extension 'colcon_pkg'
[1.056s] Level 1:colcon.colcon_core.package_identification:_identify(src) by extensions ['colcon_meta']
[1.056s] Level 1:colcon.colcon_core.package_identification:_identify(src) by extension 'colcon_meta'
[1.056s] Level 1:colcon.colcon_core.package_identification:_identify(src) by extensions ['ros']
[1.056s] Level 1:colcon.colcon_core.package_identification:_identify(src) by extension 'ros'
[1.057s] Level 1:colcon.colcon_core.package_identification:_identify(src) by extensions ['cmake', 'python']
[1.057s] Level 1:colcon.colcon_core.package_identification:_identify(src) by extension 'cmake'
[1.057s] Level 1:colcon.colcon_core.package_identification:_identify(src) by extension 'python'
[1.057s] Level 1:colcon.colcon_core.package_identification:_identify(src) by extensions ['python_setup_py']
[1.057s] Level 1:colcon.colcon_core.package_identification:_identify(src) by extension 'python_setup_py'
[1.058s] Level 1:colcon.colcon_core.package_identification:_identify(src/saf) by extensions ['ignore', 'ignore_ament_install']
[1.058s] Level 1:colcon.colcon_core.package_identification:_identify(src/saf) by extension 'ignore'
[1.058s] Level 1:colcon.colcon_core.package_identification:_identify(src/saf) by extension 'ignore_ament_install'
[1.058s] Level 1:colcon.colcon_core.package_identification:_identify(src/saf) by extensions ['colcon_pkg']
[1.058s] Level 1:colcon.colcon_core.package_identification:_identify(src/saf) by extension 'colcon_pkg'
[1.058s] Level 1:colcon.colcon_core.package_identification:_identify(src/saf) by extensions ['colcon_meta']
[1.058s] Level 1:colcon.colcon_core.package_identification:_identify(src/saf) by extension 'colcon_meta'
[1.058s] Level 1:colcon.colcon_core.package_identification:_identify(src/saf) by extensions ['ros']
[1.059s] Level 1:colcon.colcon_core.package_identification:_identify(src/saf) by extension 'ros'
[1.067s] DEBUG:colcon.colcon_core.package_identification:Package 'src/saf' with type 'ros.ament_python' and name 'saf'
[1.067s] Level 1:colcon.colcon_core.package_identification:_identify(src/saf_msgs) by extensions ['ignore', 'ignore_ament_install']
[1.067s] Level 1:colcon.colcon_core.package_identification:_identify(src/saf_msgs) by extension 'ignore'
[1.068s] Level 1:colcon.colcon_core.package_identification:_identify(src/saf_msgs) by extension 'ignore_ament_install'
[1.068s] Level 1:colcon.colcon_core.package_identification:_identify(src/saf_msgs) by extensions ['colcon_pkg']
[1.068s] Level 1:colcon.colcon_core.package_identification:_identify(src/saf_msgs) by extension 'colcon_pkg'
[1.068s] Level 1:colcon.colcon_core.package_identification:_identify(src/saf_msgs) by extensions ['colcon_meta']
[1.068s] Level 1:colcon.colcon_core.package_identification:_identify(src/saf_msgs) by extension 'colcon_meta'
[1.068s] Level 1:colcon.colcon_core.package_identification:_identify(src/saf_msgs) by extensions ['ros']
[1.068s] Level 1:colcon.colcon_core.package_identification:_identify(src/saf_msgs) by extension 'ros'
[1.069s] DEBUG:colcon.colcon_core.package_identification:Package 'src/saf_msgs' with type 'ros.ament_cmake' and name 'saf_msgs'
[1.069s] Level 1:colcon.colcon_core.package_discovery:discover_packages(recursive) using defaults
[1.069s] Level 1:colcon.colcon_core.package_discovery:discover_packages(ignore) discover
[1.069s] Level 1:colcon.colcon_core.package_discovery:discover_packages(ignore) using defaults
[1.070s] Level 1:colcon.colcon_core.package_discovery:discover_packages(path) discover
[1.070s] Level 1:colcon.colcon_core.package_discovery:discover_packages(path) using defaults
[1.123s] Level 1:colcon.colcon_core.package_discovery:discover_packages(prefix_path) check parameters
[1.123s] Level 1:colcon.colcon_core.package_discovery:discover_packages(prefix_path) discover
[1.132s] DEBUG:colcon.colcon_installed_package_information.package_discovery:Found 284 installed packages in /opt/ros/humble
[1.136s] Level 1:colcon.colcon_core.package_discovery:discover_packages(prefix_path) using defaults
[1.306s] Level 5:colcon.colcon_core.verb:set package 'saf_msgs' build argument 'cmake_args' from command line to 'None'
[1.307s] Level 5:colcon.colcon_core.verb:set package 'saf_msgs' build argument 'cmake_target' from command line to 'None'
[1.307s] Level 5:colcon.colcon_core.verb:set package 'saf_msgs' build argument 'cmake_target_skip_unavailable' from command line to 'False'
[1.307s] Level 5:colcon.colcon_core.verb:set package 'saf_msgs' build argument 'cmake_clean_cache' from command line to 'False'
[1.307s] Level 5:colcon.colcon_core.verb:set package 'saf_msgs' build argument 'cmake_clean_first' from command line to 'False'
[1.307s] Level 5:colcon.colcon_core.verb:set package 'saf_msgs' build argument 'cmake_force_configure' from command line to 'False'
[1.307s] Level 5:colcon.colcon_core.verb:set package 'saf_msgs' build argument 'ament_cmake_args' from command line to 'None'
[1.307s] Level 5:colcon.colcon_core.verb:set package 'saf_msgs' build argument 'catkin_cmake_args' from command line to 'None'
[1.307s] Level 5:colcon.colcon_core.verb:set package 'saf_msgs' build argument 'catkin_skip_building_tests' from command line to 'False'
[1.307s] DEBUG:colcon.colcon_core.verb:Building package 'saf_msgs' with the following arguments: {'ament_cmake_args': None, 'build_base': '/home/hh4000/ros2_ws/build/saf_msgs', 'catkin_cmake_args': None, 'catkin_skip_building_tests': False, 'cmake_args': None, 'cmake_clean_cache': False, 'cmake_clean_first': False, 'cmake_force_configure': False, 'cmake_target': None, 'cmake_target_skip_unavailable': False, 'install_base': '/home/hh4000/ros2_ws/install/saf_msgs', 'merge_install': False, 'path': '/home/hh4000/ros2_ws/src/saf_msgs', 'symlink_install': False, 'test_result_base': None}
[1.309s] Level 5:colcon.colcon_core.verb:set package 'saf' build argument 'cmake_args' from command line to 'None'
[1.309s] Level 5:colcon.colcon_core.verb:set package 'saf' build argument 'cmake_target' from command line to 'None'
[1.309s] Level 5:colcon.colcon_core.verb:set package 'saf' build argument 'cmake_target_skip_unavailable' from command line to 'False'
[1.309s] Level 5:colcon.colcon_core.verb:set package 'saf' build argument 'cmake_clean_cache' from command line to 'False'
[1.309s] Level 5:colcon.colcon_core.verb:set package 'saf' build argument 'cmake_clean_first' from command line to 'False'
[1.309s] Level 5:colcon.colcon_core.verb:set package 'saf' build argument 'cmake_force_configure' from command line to 'False'
[1.309s] Level 5:colcon.colcon_core.verb:set package 'saf' build argument 'ament_cmake_args' from command line to 'None'
[1.309s] Level 5:colcon.colcon_core.verb:set package 'saf' build argument 'catkin_cmake_args' from command line to 'None'
[1.309s] Level 5:colcon.colcon_core.verb:set package 'saf' build argument 'catkin_skip_building_tests' from command line to 'False'
[1.309s] DEBUG:colcon.colcon_core.verb:Building package 'saf' with the following arguments: {'ament_cmake_args': None, 'build_base': '/home/hh4000/ros2_ws/build/saf', 'catkin_cmake_args': None, 'catkin_skip_building_tests': False, 'cmake_args': None, 'cmake_clean_cache': False, 'cmake_clean_first': False, 'cmake_force_configure': False, 'cmake_target': None, 'cmake_target_skip_unavailable': False, 'install_base': '/home/hh4000/ros2_ws/install/saf', 'merge_install': False, 'path': '/home/hh4000/ros2_ws/src/saf', 'symlink_install': False, 'test_result_base': None}
[1.312s] INFO:colcon.colcon_core.executor:Executing jobs using 'parallel' executor
[1.317s] DEBUG:colcon.colcon_parallel_executor.executor.parallel:run_until_complete
[1.318s] INFO:colcon.colcon_ros.task.ament_cmake.build:Building ROS package in '/home/hh4000/ros2_ws/src/saf_msgs' with build type 'ament_cmake'
[1.318s] INFO:colcon.colcon_cmake.task.cmake.build:Building CMake package in '/home/hh4000/ros2_ws/src/saf_msgs'
[1.330s] INFO:colcon.colcon_core.plugin_system:Skipping extension 'colcon_core.shell.bat': Not used on non-Windows systems
[1.330s] INFO:colcon.colcon_core.shell:Skip shell extension 'powershell' for command environment: Not usable outside of PowerShell
[1.330s] DEBUG:colcon.colcon_core.shell:Skip shell extension 'dsv' for command environment
[1.342s] DEBUG:colcon.colcon_core.event_handler.log_command:Invoking command in '/home/hh4000/ros2_ws/build/saf_msgs': CMAKE_PREFIX_PATH=/opt/ros/humble /usr/bin/cmake /home/hh4000/ros2_ws/src/saf_msgs -DCMAKE_INSTALL_PREFIX=/home/hh4000/ros2_ws/install/saf_msgs
[4.876s] DEBUG:colcon.colcon_core.event_handler.log_command:Invoked command in '/home/hh4000/ros2_ws/build/saf_msgs' returned '0': CMAKE_PREFIX_PATH=/opt/ros/humble /usr/bin/cmake /home/hh4000/ros2_ws/src/saf_msgs -DCMAKE_INSTALL_PREFIX=/home/hh4000/ros2_ws/install/saf_msgs
[4.877s] DEBUG:colcon.colcon_core.event_handler.log_command:Invoking command in '/home/hh4000/ros2_ws/build/saf_msgs': CMAKE_PREFIX_PATH=/opt/ros/humble /usr/bin/cmake --build /home/hh4000/ros2_ws/build/saf_msgs -- -j4 -l4
[11.029s] DEBUG:colcon.colcon_core.event_handler.log_command:Invoked command in '/home/hh4000/ros2_ws/build/saf_msgs' returned '0': CMAKE_PREFIX_PATH=/opt/ros/humble /usr/bin/cmake --build /home/hh4000/ros2_ws/build/saf_msgs -- -j4 -l4
[11.126s] DEBUG:colcon.colcon_core.event_handler.log_command:Invoking command in '/home/hh4000/ros2_ws/build/saf_msgs': CMAKE_PREFIX_PATH=/opt/ros/humble /usr/bin/cmake --install /home/hh4000/ros2_ws/build/saf_msgs
[11.260s] Level 1:colcon.colcon_core.environment:create_environment_scripts_only(saf_msgs)
[11.262s] DEBUG:colcon.colcon_core.event_handler.log_command:Invoked command in '/home/hh4000/ros2_ws/build/saf_msgs' returned '0': CMAKE_PREFIX_PATH=/opt/ros/humble /usr/bin/cmake --install /home/hh4000/ros2_ws/build/saf_msgs
[11.300s] Level 1:colcon.colcon_core.environment:checking '/home/hh4000/ros2_ws/install/saf_msgs' for CMake module files
[11.301s] Level 1:colcon.colcon_core.environment:checking '/home/hh4000/ros2_ws/install/saf_msgs' for CMake config files
[11.303s] Level 1:colcon.colcon_core.shell:create_environment_hook('saf_msgs', 'cmake_prefix_path')
[11.307s] INFO:colcon.colcon_core.shell:Creating environment hook '/home/hh4000/ros2_ws/install/saf_msgs/share/saf_msgs/hook/cmake_prefix_path.ps1'
[11.309s] INFO:colcon.colcon_core.shell:Creating environment descriptor '/home/hh4000/ros2_ws/install/saf_msgs/share/saf_msgs/hook/cmake_prefix_path.dsv'
[11.310s] INFO:colcon.colcon_core.shell:Creating environment hook '/home/hh4000/ros2_ws/install/saf_msgs/share/saf_msgs/hook/cmake_prefix_path.sh'
[11.313s] Level 1:colcon.colcon_core.environment:checking '/home/hh4000/ros2_ws/install/saf_msgs/lib'
[11.314s] Level 1:colcon.colcon_core.shell:create_environment_hook('saf_msgs', 'ld_library_path_lib')
[11.318s] INFO:colcon.colcon_core.shell:Creating environment hook '/home/hh4000/ros2_ws/install/saf_msgs/share/saf_msgs/hook/ld_library_path_lib.ps1'
[11.319s] INFO:colcon.colcon_core.shell:Creating environment descriptor '/home/hh4000/ros2_ws/install/saf_msgs/share/saf_msgs/hook/ld_library_path_lib.dsv'
[11.320s] INFO:colcon.colcon_core.shell:Creating environment hook '/home/hh4000/ros2_ws/install/saf_msgs/share/saf_msgs/hook/ld_library_path_lib.sh'
[11.321s] Level 1:colcon.colcon_core.environment:checking '/home/hh4000/ros2_ws/install/saf_msgs/bin'
[11.321s] Level 1:colcon.colcon_core.environment:checking '/home/hh4000/ros2_ws/install/saf_msgs/lib/pkgconfig/saf_msgs.pc'
[11.321s] Level 1:colcon.colcon_core.environment:checking '/home/hh4000/ros2_ws/install/saf_msgs/lib/python3.10/site-packages'
[11.322s] Level 1:colcon.colcon_core.environment:checking '/home/hh4000/ros2_ws/install/saf_msgs/bin'
[11.324s] INFO:colcon.colcon_core.shell:Creating package script '/home/hh4000/ros2_ws/install/saf_msgs/share/saf_msgs/package.ps1'
[11.325s] INFO:colcon.colcon_core.shell:Creating package descriptor '/home/hh4000/ros2_ws/install/saf_msgs/share/saf_msgs/package.dsv'
[11.327s] INFO:colcon.colcon_core.shell:Creating package script '/home/hh4000/ros2_ws/install/saf_msgs/share/saf_msgs/package.sh'
[11.329s] INFO:colcon.colcon_core.shell:Creating package script '/home/hh4000/ros2_ws/install/saf_msgs/share/saf_msgs/package.bash'
[11.330s] INFO:colcon.colcon_core.shell:Creating package script '/home/hh4000/ros2_ws/install/saf_msgs/share/saf_msgs/package.zsh'
[11.331s] Level 1:colcon.colcon_core.environment:create_file_with_runtime_dependencies(/home/hh4000/ros2_ws/install/saf_msgs/share/colcon-core/packages/saf_msgs)
[11.427s] Level 1:colcon.colcon_core.environment:create_environment_scripts_only(saf_msgs)
[11.430s] Level 1:colcon.colcon_core.environment:checking '/home/hh4000/ros2_ws/install/saf_msgs' for CMake module files
[11.431s] Level 1:colcon.colcon_core.environment:checking '/home/hh4000/ros2_ws/install/saf_msgs' for CMake config files
[11.432s] Level 1:colcon.colcon_core.shell:create_environment_hook('saf_msgs', 'cmake_prefix_path')
[11.434s] INFO:colcon.colcon_core.shell:Creating environment hook '/home/hh4000/ros2_ws/install/saf_msgs/share/saf_msgs/hook/cmake_prefix_path.ps1'
[11.435s] INFO:colcon.colcon_core.shell:Creating environment descriptor '/home/hh4000/ros2_ws/install/saf_msgs/share/saf_msgs/hook/cmake_prefix_path.dsv'
[11.436s] INFO:colcon.colcon_core.shell:Creating environment hook '/home/hh4000/ros2_ws/install/saf_msgs/share/saf_msgs/hook/cmake_prefix_path.sh'
[11.436s] Level 1:colcon.colcon_core.environment:checking '/home/hh4000/ros2_ws/install/saf_msgs/lib'
[11.437s] Level 1:colcon.colcon_core.shell:create_environment_hook('saf_msgs', 'ld_library_path_lib')
[11.438s] INFO:colcon.colcon_core.shell:Creating environment hook '/home/hh4000/ros2_ws/install/saf_msgs/share/saf_msgs/hook/ld_library_path_lib.ps1'
[11.439s] INFO:colcon.colcon_core.shell:Creating environment descriptor '/home/hh4000/ros2_ws/install/saf_msgs/share/saf_msgs/hook/ld_library_path_lib.dsv'
[11.440s] INFO:colcon.colcon_core.shell:Creating environment hook '/home/hh4000/ros2_ws/install/saf_msgs/share/saf_msgs/hook/ld_library_path_lib.sh'
[11.440s] Level 1:colcon.colcon_core.environment:checking '/home/hh4000/ros2_ws/install/saf_msgs/bin'
[11.441s] Level 1:colcon.colcon_core.environment:checking '/home/hh4000/ros2_ws/install/saf_msgs/lib/pkgconfig/saf_msgs.pc'
[11.441s] Level 1:colcon.colcon_core.environment:checking '/home/hh4000/ros2_ws/install/saf_msgs/lib/python3.10/site-packages'
[11.441s] Level 1:colcon.colcon_core.environment:checking '/home/hh4000/ros2_ws/install/saf_msgs/bin'
[11.444s] INFO:colcon.colcon_core.shell:Creating package script '/home/hh4000/ros2_ws/install/saf_msgs/share/saf_msgs/package.ps1'
[11.444s] INFO:colcon.colcon_core.shell:Creating package descriptor '/home/hh4000/ros2_ws/install/saf_msgs/share/saf_msgs/package.dsv'
[11.445s] INFO:colcon.colcon_core.shell:Creating package script '/home/hh4000/ros2_ws/install/saf_msgs/share/saf_msgs/package.sh'
[11.446s] INFO:colcon.colcon_core.shell:Creating package script '/home/hh4000/ros2_ws/install/saf_msgs/share/saf_msgs/package.bash'
[11.447s] INFO:colcon.colcon_core.shell:Creating package script '/home/hh4000/ros2_ws/install/saf_msgs/share/saf_msgs/package.zsh'
[11.447s] Level 1:colcon.colcon_core.environment:create_file_with_runtime_dependencies(/home/hh4000/ros2_ws/install/saf_msgs/share/colcon-core/packages/saf_msgs)
[11.448s] INFO:colcon.colcon_ros.task.ament_python.build:Building ROS package in '/home/hh4000/ros2_ws/src/saf' with build type 'ament_python'
[11.448s] Level 1:colcon.colcon_core.shell:create_environment_hook('saf', 'ament_prefix_path')
[11.450s] INFO:colcon.colcon_core.shell:Creating environment hook '/home/hh4000/ros2_ws/install/saf/share/saf/hook/ament_prefix_path.ps1'
[11.451s] INFO:colcon.colcon_core.shell:Creating environment descriptor '/home/hh4000/ros2_ws/install/saf/share/saf/hook/ament_prefix_path.dsv'
[11.452s] INFO:colcon.colcon_core.shell:Creating environment hook '/home/hh4000/ros2_ws/install/saf/share/saf/hook/ament_prefix_path.sh'
[11.454s] INFO:colcon.colcon_core.shell:Skip shell extension 'powershell' for command environment: Not usable outside of PowerShell
[11.454s] DEBUG:colcon.colcon_core.shell:Skip shell extension 'dsv' for command environment
[12.090s] INFO:colcon.colcon_core.task.python.build:Building Python package in '/home/hh4000/ros2_ws/src/saf'
[12.092s] INFO:colcon.colcon_core.shell:Skip shell extension 'powershell' for command environment: Not usable outside of PowerShell
[12.092s] DEBUG:colcon.colcon_core.shell:Skip shell extension 'dsv' for command environment
[12.799s] DEBUG:colcon.colcon_core.event_handler.log_command:Invoking command in '/home/hh4000/ros2_ws/src/saf': AMENT_PREFIX_PATH=/home/hh4000/ros2_ws/install/saf_msgs:${AMENT_PREFIX_PATH} CMAKE_PREFIX_PATH=/home/hh4000/ros2_ws/install/saf_msgs LD_LIBRARY_PATH=/home/hh4000/ros2_ws/install/saf_msgs/lib:${LD_LIBRARY_PATH} PYTHONPATH=/home/hh4000/ros2_ws/build/saf/prefix_override:/home/hh4000/ros2_ws/install/saf/lib/python3.10/site-packages:/home/hh4000/ros2_ws/install/saf_msgs/local/lib/python3.10/dist-packages:${PYTHONPATH} /usr/bin/python3 setup.py egg_info --egg-base ../../build/saf build --build-base /home/hh4000/ros2_ws/build/saf/build install --record /home/hh4000/ros2_ws/build/saf/install.log --single-version-externally-managed
[13.336s] Level 1:colcon.colcon_core.environment:checking '/home/hh4000/ros2_ws/install/saf' for CMake module files
[13.337s] DEBUG:colcon.colcon_core.event_handler.log_command:Invoked command in '/home/hh4000/ros2_ws/src/saf' returned '0': AMENT_PREFIX_PATH=/home/hh4000/ros2_ws/install/saf_msgs:${AMENT_PREFIX_PATH} CMAKE_PREFIX_PATH=/home/hh4000/ros2_ws/install/saf_msgs LD_LIBRARY_PATH=/home/hh4000/ros2_ws/install/saf_msgs/lib:${LD_LIBRARY_PATH} PYTHONPATH=/home/hh4000/ros2_ws/build/saf/prefix_override:/home/hh4000/ros2_ws/install/saf/lib/python3.10/site-packages:/home/hh4000/ros2_ws/install/saf_msgs/local/lib/python3.10/dist-packages:${PYTHONPATH} /usr/bin/python3 setup.py egg_info --egg-base ../../build/saf build --build-base /home/hh4000/ros2_ws/build/saf/build install --record /home/hh4000/ros2_ws/build/saf/install.log --single-version-externally-managed
[13.338s] Level 1:colcon.colcon_core.environment:checking '/home/hh4000/ros2_ws/install/saf' for CMake config files
[13.338s] Level 1:colcon.colcon_core.environment:checking '/home/hh4000/ros2_ws/install/saf/lib'
[13.339s] Level 1:colcon.colcon_core.environment:checking '/home/hh4000/ros2_ws/install/saf/bin'
[13.339s] Level 1:colcon.colcon_core.environment:checking '/home/hh4000/ros2_ws/install/saf/lib/pkgconfig/saf.pc'
[13.339s] Level 1:colcon.colcon_core.environment:checking '/home/hh4000/ros2_ws/install/saf/lib/python3.10/site-packages'
[13.339s] Level 1:colcon.colcon_core.shell:create_environment_hook('saf', 'pythonpath')
[13.341s] INFO:colcon.colcon_core.shell:Creating environment hook '/home/hh4000/ros2_ws/install/saf/share/saf/hook/pythonpath.ps1'
[13.342s] INFO:colcon.colcon_core.shell:Creating environment descriptor '/home/hh4000/ros2_ws/install/saf/share/saf/hook/pythonpath.dsv'
[13.342s] INFO:colcon.colcon_core.shell:Creating environment hook '/home/hh4000/ros2_ws/install/saf/share/saf/hook/pythonpath.sh'
[13.343s] Level 1:colcon.colcon_core.environment:checking '/home/hh4000/ros2_ws/install/saf/bin'
[13.343s] Level 1:colcon.colcon_core.environment:create_environment_scripts_only(saf)
[13.346s] INFO:colcon.colcon_core.shell:Creating package script '/home/hh4000/ros2_ws/install/saf/share/saf/package.ps1'
[13.346s] INFO:colcon.colcon_core.shell:Creating package descriptor '/home/hh4000/ros2_ws/install/saf/share/saf/package.dsv'
[13.348s] INFO:colcon.colcon_core.shell:Creating package script '/home/hh4000/ros2_ws/install/saf/share/saf/package.sh'
[13.349s] INFO:colcon.colcon_core.shell:Creating package script '/home/hh4000/ros2_ws/install/saf/share/saf/package.bash'
[13.350s] INFO:colcon.colcon_core.shell:Creating package script '/home/hh4000/ros2_ws/install/saf/share/saf/package.zsh'
[13.351s] Level 1:colcon.colcon_core.environment:create_file_with_runtime_dependencies(/home/hh4000/ros2_ws/install/saf/share/colcon-core/packages/saf)
[13.351s] DEBUG:colcon.colcon_parallel_executor.executor.parallel:closing loop
[13.352s] DEBUG:colcon.colcon_parallel_executor.executor.parallel:loop closed
[13.352s] DEBUG:colcon.colcon_parallel_executor.executor.parallel:run_until_complete finished with '0'
[13.352s] DEBUG:colcon.colcon_core.event_reactor:joining thread
[13.368s] INFO:colcon.colcon_core.plugin_system:Skipping extension 'colcon_notification.desktop_notification.terminal_notifier': Not used on non-Darwin systems
[13.369s] INFO:colcon.colcon_core.plugin_system:Skipping extension 'colcon_notification.desktop_notification.win32': Not used on non-Windows systems
[13.369s] INFO:colcon.colcon_notification.desktop_notification:Sending desktop notification using 'notify2'
[13.393s] DEBUG:colcon.colcon_core.event_reactor:joined thread
[13.397s] INFO:colcon.colcon_core.shell:Creating prefix script '/home/hh4000/ros2_ws/install/local_setup.ps1'
[13.401s] INFO:colcon.colcon_core.shell:Creating prefix util module '/home/hh4000/ros2_ws/install/_local_setup_util_ps1.py'
[13.406s] INFO:colcon.colcon_core.shell:Creating prefix chain script '/home/hh4000/ros2_ws/install/setup.ps1'
[13.412s] INFO:colcon.colcon_core.shell:Creating prefix script '/home/hh4000/ros2_ws/install/local_setup.sh'
[13.416s] INFO:colcon.colcon_core.shell:Creating prefix util module '/home/hh4000/ros2_ws/install/_local_setup_util_sh.py'
[13.419s] INFO:colcon.colcon_core.shell:Creating prefix chain script '/home/hh4000/ros2_ws/install/setup.sh'
[13.423s] INFO:colcon.colcon_core.shell:Creating prefix script '/home/hh4000/ros2_ws/install/local_setup.bash'
[13.425s] INFO:colcon.colcon_core.shell:Creating prefix chain script '/home/hh4000/ros2_ws/install/setup.bash'
[13.429s] INFO:colcon.colcon_core.shell:Creating prefix script '/home/hh4000/ros2_ws/install/local_setup.zsh'
[13.431s] INFO:colcon.colcon_core.shell:Creating prefix chain script '/home/hh4000/ros2_ws/install/setup.zsh'
