-- Found ament_cmake: 1.3.4 (/opt/ros/humble/share/ament_cmake/cmake)
-- Found geometry_msgs: 4.2.3 (/opt/ros/humble/share/geometry_msgs/cmake)
-- Found rosidl_generator_c: 3.1.4 (/opt/ros/humble/share/rosidl_generator_c/cmake)
-- Found rosidl_adapter: 3.1.4 (/opt/ros/humble/share/rosidl_adapter/cmake)
-- Found rosidl_generator_cpp: 3.1.4 (/opt/ros/humble/share/rosidl_generator_cpp/cmake)
-- Using all available rosidl_typesupport_c: rosidl_typesupport_fastrtps_c;rosidl_typesupport_introspection_c
-- Using all available rosidl_typesupport_cpp: rosidl_typesupport_fastrtps_cpp;rosidl_typesupport_introspection_cpp
-- Found rosidl_default_generators: 1.2.0 (/opt/ros/humble/share/rosidl_default_generators/cmake)
-- Found ament_cmake_ros: 0.10.0 (/opt/ros/humble/share/ament_cmake_ros/cmake)
-- Using all available rosidl_typesupport_c: rosidl_typesupport_fastrtps_c;rosidl_typesupport_introspection_c
-- Using all available rosidl_typesupport_cpp: rosidl_typesupport_fastrtps_cpp;rosidl_typesupport_introspection_cpp
-- Found python_cmake_module: 0.10.0 (/opt/ros/humble/share/python_cmake_module/cmake)
-- Using PYTHON_EXECUTABLE: /usr/bin/python3
-- Using PYTHON_INCLUDE_DIRS: /usr/include/python3.10
-- Using PYTHON_LIBRARIES: /usr/lib/x86_64-linux-gnu/libpython3.10.so
-- Found ament_lint_auto: 0.12.6 (/opt/ros/humble/share/ament_lint_auto/cmake)
-- Added test 'lint_cmake' to check CMake code style
-- Added test 'xmllint' to check XML markup files
-- Configuring done
-- Generating done
-- Build files have been written to: /home/hh4000/ros2_ws/build/saf_msgs
[  3%] [34m[1mGenerating C code for ROS interfaces[0m
[  6%] [34m[1mGenerating C++ code for ROS interfaces[0m
[  6%] Built target ament_cmake_python_copy_saf_msgs
[  6%] Built target saf_msgs__cpp
[35m[1mConsolidate compiler generated dependencies of target saf_msgs__rosidl_generator_c[0m
[  9%] [34m[1mGenerating C++ type support dispatch for ROS interfaces[0m
[ 12%] [34m[1mGenerating C++ type support for eProsima Fast-RTPS[0m
[ 16%] [32mBuilding C object CMakeFiles/saf_msgs__rosidl_generator_c.dir/rosidl_generator_c/saf_msgs/msg/detail/carrier__functions.c.o[0m
running egg_info
writing saf_msgs.egg-info/PKG-INFO
writing dependency_links to saf_msgs.egg-info/dependency_links.txt
writing top-level names to saf_msgs.egg-info/top_level.txt
reading manifest file 'saf_msgs.egg-info/SOURCES.txt'
writing manifest file 'saf_msgs.egg-info/SOURCES.txt'
[ 16%] Built target ament_cmake_python_build_saf_msgs_egg
[ 19%] [34m[1mGenerating C++ introspection for ROS interfaces[0m
[ 22%] [32m[1mLinking C shared library libsaf_msgs__rosidl_generator_c.so[0m
[ 22%] Built target saf_msgs__rosidl_generator_c
[ 25%] [34m[1mGenerating C type support for eProsima Fast-RTPS[0m
[35m[1mConsolidate compiler generated dependencies of target saf_msgs__rosidl_typesupport_cpp[0m
[ 29%] [32mBuilding CXX object CMakeFiles/saf_msgs__rosidl_typesupport_cpp.dir/rosidl_typesupport_cpp/saf_msgs/msg/carrier__type_support.cpp.o[0m
[35m[1mConsolidate compiler generated dependencies of target saf_msgs__rosidl_typesupport_fastrtps_cpp[0m
[ 32%] [32mBuilding CXX object CMakeFiles/saf_msgs__rosidl_typesupport_fastrtps_cpp.dir/rosidl_typesupport_fastrtps_cpp/saf_msgs/msg/detail/dds_fastrtps/carrier__type_support.cpp.o[0m
[35m[1mConsolidate compiler generated dependencies of target saf_msgs__rosidl_typesupport_introspection_cpp[0m
[ 35%] [32mBuilding CXX object CMakeFiles/saf_msgs__rosidl_typesupport_introspection_cpp.dir/rosidl_typesupport_introspection_cpp/saf_msgs/msg/detail/carrier__type_support.cpp.o[0m
[35m[1mConsolidate compiler generated dependencies of target saf_msgs__rosidl_typesupport_fastrtps_c[0m
[ 38%] [32mBuilding CXX object CMakeFiles/saf_msgs__rosidl_typesupport_fastrtps_c.dir/rosidl_typesupport_fastrtps_c/saf_msgs/msg/detail/carrier__type_support_c.cpp.o[0m
[ 41%] [32m[1mLinking CXX shared library libsaf_msgs__rosidl_typesupport_cpp.so[0m
[ 41%] Built target saf_msgs__rosidl_typesupport_cpp
[ 45%] [34m[1mGenerating C introspection for ROS interfaces[0m
[ 48%] [32m[1mLinking CXX shared library libsaf_msgs__rosidl_typesupport_fastrtps_cpp.so[0m
[ 48%] Built target saf_msgs__rosidl_typesupport_fastrtps_cpp
[ 51%] [34m[1mGenerating C type support dispatch for ROS interfaces[0m
[ 54%] [32m[1mLinking CXX shared library libsaf_msgs__rosidl_typesupport_fastrtps_c.so[0m
[ 58%] [32m[1mLinking CXX shared library libsaf_msgs__rosidl_typesupport_introspection_cpp.so[0m
[ 58%] Built target saf_msgs__rosidl_typesupport_introspection_cpp
[ 58%] Built target saf_msgs__rosidl_typesupport_fastrtps_c
[35m[1mConsolidate compiler generated dependencies of target saf_msgs__rosidl_typesupport_introspection_c[0m
[ 61%] [32mBuilding C object CMakeFiles/saf_msgs__rosidl_typesupport_introspection_c.dir/rosidl_typesupport_introspection_c/saf_msgs/msg/detail/carrier__type_support.c.o[0m
[ 64%] [32m[1mLinking C shared library libsaf_msgs__rosidl_typesupport_introspection_c.so[0m
[35m[1mConsolidate compiler generated dependencies of target saf_msgs__rosidl_typesupport_c[0m
[ 67%] [32mBuilding CXX object CMakeFiles/saf_msgs__rosidl_typesupport_c.dir/rosidl_typesupport_c/saf_msgs/msg/carrier__type_support.cpp.o[0m
[ 67%] Built target saf_msgs__rosidl_typesupport_introspection_c
[ 70%] [32m[1mLinking CXX shared library libsaf_msgs__rosidl_typesupport_c.so[0m
[ 70%] Built target saf_msgs__rosidl_typesupport_c
[ 70%] Built target saf_msgs
[ 74%] [34m[1mGenerating Python code for ROS interfaces[0m
[ 74%] Built target saf_msgs__py
[35m[1mConsolidate compiler generated dependencies of target saf_msgs__rosidl_generator_py[0m
[ 77%] [32mBuilding C object CMakeFiles/saf_msgs__rosidl_generator_py.dir/rosidl_generator_py/saf_msgs/msg/_carrier_s.c.o[0m
[ 80%] [32m[1mLinking C shared library rosidl_generator_py/saf_msgs/libsaf_msgs__rosidl_generator_py.so[0m
[ 80%] Built target saf_msgs__rosidl_generator_py
[35m[1mConsolidate compiler generated dependencies of target saf_msgs__rosidl_typesupport_fastrtps_c__pyext[0m
[35m[1mConsolidate compiler generated dependencies of target saf_msgs__rosidl_typesupport_introspection_c__pyext[0m
[35m[1mConsolidate compiler generated dependencies of target saf_msgs__rosidl_typesupport_c__pyext[0m
[ 83%] [32mBuilding C object CMakeFiles/saf_msgs__rosidl_typesupport_fastrtps_c__pyext.dir/rosidl_generator_py/saf_msgs/_saf_msgs_s.ep.rosidl_typesupport_fastrtps_c.c.o[0m
[ 87%] [32mBuilding C object CMakeFiles/saf_msgs__rosidl_typesupport_c__pyext.dir/rosidl_generator_py/saf_msgs/_saf_msgs_s.ep.rosidl_typesupport_c.c.o[0m
[ 90%] [32mBuilding C object CMakeFiles/saf_msgs__rosidl_typesupport_introspection_c__pyext.dir/rosidl_generator_py/saf_msgs/_saf_msgs_s.ep.rosidl_typesupport_introspection_c.c.o[0m
[ 93%] [32m[1mLinking C shared library rosidl_generator_py/saf_msgs/saf_msgs_s__rosidl_typesupport_c.cpython-310-x86_64-linux-gnu.so[0m
[ 96%] [32m[1mLinking C shared library rosidl_generator_py/saf_msgs/saf_msgs_s__rosidl_typesupport_introspection_c.cpython-310-x86_64-linux-gnu.so[0m
[100%] [32m[1mLinking C shared library rosidl_generator_py/saf_msgs/saf_msgs_s__rosidl_typesupport_fastrtps_c.cpython-310-x86_64-linux-gnu.so[0m
[100%] Built target saf_msgs__rosidl_typesupport_c__pyext
[100%] Built target saf_msgs__rosidl_typesupport_fastrtps_c__pyext
[100%] Built target saf_msgs__rosidl_typesupport_introspection_c__pyext
-- Install configuration: ""
-- Up-to-date: /home/hh4000/ros2_ws/install/saf_msgs/share/ament_index/resource_index/rosidl_interfaces/saf_msgs
-- Up-to-date: /home/hh4000/ros2_ws/install/saf_msgs/include/saf_msgs/saf_msgs
-- Up-to-date: /home/hh4000/ros2_ws/install/saf_msgs/include/saf_msgs/saf_msgs/msg
-- Up-to-date: /home/hh4000/ros2_ws/install/saf_msgs/include/saf_msgs/saf_msgs/msg/rosidl_generator_c__visibility_control.h
-- Installing: /home/hh4000/ros2_ws/install/saf_msgs/include/saf_msgs/saf_msgs/msg/carrier.h
-- Up-to-date: /home/hh4000/ros2_ws/install/saf_msgs/include/saf_msgs/saf_msgs/msg/detail
-- Installing: /home/hh4000/ros2_ws/install/saf_msgs/include/saf_msgs/saf_msgs/msg/detail/carrier__type_support.h
-- Installing: /home/hh4000/ros2_ws/install/saf_msgs/include/saf_msgs/saf_msgs/msg/detail/carrier__functions.c
-- Installing: /home/hh4000/ros2_ws/install/saf_msgs/include/saf_msgs/saf_msgs/msg/detail/carrier__struct.h
-- Installing: /home/hh4000/ros2_ws/install/saf_msgs/include/saf_msgs/saf_msgs/msg/detail/carrier__functions.h
-- Up-to-date: /home/hh4000/ros2_ws/install/saf_msgs/share/saf_msgs/environment/library_path.sh
-- Installing: /home/hh4000/ros2_ws/install/saf_msgs/share/saf_msgs/environment/library_path.dsv
-- Installing: /home/hh4000/ros2_ws/install/saf_msgs/lib/libsaf_msgs__rosidl_generator_c.so
-- Set runtime path of "/home/hh4000/ros2_ws/install/saf_msgs/lib/libsaf_msgs__rosidl_generator_c.so" to ""
-- Up-to-date: /home/hh4000/ros2_ws/install/saf_msgs/include/saf_msgs/saf_msgs
-- Up-to-date: /home/hh4000/ros2_ws/install/saf_msgs/include/saf_msgs/saf_msgs/msg
-- Up-to-date: /home/hh4000/ros2_ws/install/saf_msgs/include/saf_msgs/saf_msgs/msg/rosidl_typesupport_fastrtps_c__visibility_control.h
-- Up-to-date: /home/hh4000/ros2_ws/install/saf_msgs/include/saf_msgs/saf_msgs/msg/detail
-- Installing: /home/hh4000/ros2_ws/install/saf_msgs/include/saf_msgs/saf_msgs/msg/detail/carrier__rosidl_typesupport_fastrtps_c.h
-- Installing: /home/hh4000/ros2_ws/install/saf_msgs/lib/libsaf_msgs__rosidl_typesupport_fastrtps_c.so
-- Set runtime path of "/home/hh4000/ros2_ws/install/saf_msgs/lib/libsaf_msgs__rosidl_typesupport_fastrtps_c.so" to ""
-- Up-to-date: /home/hh4000/ros2_ws/install/saf_msgs/include/saf_msgs/saf_msgs
-- Up-to-date: /home/hh4000/ros2_ws/install/saf_msgs/include/saf_msgs/saf_msgs/msg
-- Up-to-date: /home/hh4000/ros2_ws/install/saf_msgs/include/saf_msgs/saf_msgs/msg/detail
-- Installing: /home/hh4000/ros2_ws/install/saf_msgs/include/saf_msgs/saf_msgs/msg/detail/carrier__traits.hpp
-- Installing: /home/hh4000/ros2_ws/install/saf_msgs/include/saf_msgs/saf_msgs/msg/detail/carrier__builder.hpp
-- Installing: /home/hh4000/ros2_ws/install/saf_msgs/include/saf_msgs/saf_msgs/msg/detail/carrier__struct.hpp
-- Installing: /home/hh4000/ros2_ws/install/saf_msgs/include/saf_msgs/saf_msgs/msg/carrier.hpp
-- Up-to-date: /home/hh4000/ros2_ws/install/saf_msgs/include/saf_msgs/saf_msgs
-- Up-to-date: /home/hh4000/ros2_ws/install/saf_msgs/include/saf_msgs/saf_msgs/msg
-- Up-to-date: /home/hh4000/ros2_ws/install/saf_msgs/include/saf_msgs/saf_msgs/msg/rosidl_typesupport_fastrtps_cpp__visibility_control.h
-- Up-to-date: /home/hh4000/ros2_ws/install/saf_msgs/include/saf_msgs/saf_msgs/msg/detail
-- Up-to-date: /home/hh4000/ros2_ws/install/saf_msgs/include/saf_msgs/saf_msgs/msg/detail/dds_fastrtps
-- Installing: /home/hh4000/ros2_ws/install/saf_msgs/include/saf_msgs/saf_msgs/msg/detail/carrier__rosidl_typesupport_fastrtps_cpp.hpp
-- Installing: /home/hh4000/ros2_ws/install/saf_msgs/lib/libsaf_msgs__rosidl_typesupport_fastrtps_cpp.so
-- Set runtime path of "/home/hh4000/ros2_ws/install/saf_msgs/lib/libsaf_msgs__rosidl_typesupport_fastrtps_cpp.so" to ""
-- Up-to-date: /home/hh4000/ros2_ws/install/saf_msgs/include/saf_msgs/saf_msgs
-- Up-to-date: /home/hh4000/ros2_ws/install/saf_msgs/include/saf_msgs/saf_msgs/msg
-- Up-to-date: /home/hh4000/ros2_ws/install/saf_msgs/include/saf_msgs/saf_msgs/msg/detail
-- Installing: /home/hh4000/ros2_ws/install/saf_msgs/include/saf_msgs/saf_msgs/msg/detail/carrier__rosidl_typesupport_introspection_c.h
-- Installing: /home/hh4000/ros2_ws/install/saf_msgs/include/saf_msgs/saf_msgs/msg/detail/carrier__type_support.c
-- Up-to-date: /home/hh4000/ros2_ws/install/saf_msgs/include/saf_msgs/saf_msgs/msg/rosidl_typesupport_introspection_c__visibility_control.h
-- Installing: /home/hh4000/ros2_ws/install/saf_msgs/lib/libsaf_msgs__rosidl_typesupport_introspection_c.so
-- Set runtime path of "/home/hh4000/ros2_ws/install/saf_msgs/lib/libsaf_msgs__rosidl_typesupport_introspection_c.so" to ""
-- Installing: /home/hh4000/ros2_ws/install/saf_msgs/lib/libsaf_msgs__rosidl_typesupport_c.so
-- Set runtime path of "/home/hh4000/ros2_ws/install/saf_msgs/lib/libsaf_msgs__rosidl_typesupport_c.so" to ""
-- Up-to-date: /home/hh4000/ros2_ws/install/saf_msgs/include/saf_msgs/saf_msgs
-- Up-to-date: /home/hh4000/ros2_ws/install/saf_msgs/include/saf_msgs/saf_msgs/msg
-- Up-to-date: /home/hh4000/ros2_ws/install/saf_msgs/include/saf_msgs/saf_msgs/msg/detail
-- Installing: /home/hh4000/ros2_ws/install/saf_msgs/include/saf_msgs/saf_msgs/msg/detail/carrier__rosidl_typesupport_introspection_cpp.hpp
-- Installing: /home/hh4000/ros2_ws/install/saf_msgs/include/saf_msgs/saf_msgs/msg/detail/carrier__type_support.cpp
-- Installing: /home/hh4000/ros2_ws/install/saf_msgs/lib/libsaf_msgs__rosidl_typesupport_introspection_cpp.so
-- Set runtime path of "/home/hh4000/ros2_ws/install/saf_msgs/lib/libsaf_msgs__rosidl_typesupport_introspection_cpp.so" to ""
-- Installing: /home/hh4000/ros2_ws/install/saf_msgs/lib/libsaf_msgs__rosidl_typesupport_cpp.so
-- Set runtime path of "/home/hh4000/ros2_ws/install/saf_msgs/lib/libsaf_msgs__rosidl_typesupport_cpp.so" to ""
-- Up-to-date: /home/hh4000/ros2_ws/install/saf_msgs/share/saf_msgs/environment/pythonpath.sh
-- Installing: /home/hh4000/ros2_ws/install/saf_msgs/share/saf_msgs/environment/pythonpath.dsv
-- Up-to-date: /home/hh4000/ros2_ws/install/saf_msgs/local/lib/python3.10/dist-packages/saf_msgs-1.0.0-py3.10.egg-info
-- Installing: /home/hh4000/ros2_ws/install/saf_msgs/local/lib/python3.10/dist-packages/saf_msgs-1.0.0-py3.10.egg-info/top_level.txt
-- Installing: /home/hh4000/ros2_ws/install/saf_msgs/local/lib/python3.10/dist-packages/saf_msgs-1.0.0-py3.10.egg-info/dependency_links.txt
-- Installing: /home/hh4000/ros2_ws/install/saf_msgs/local/lib/python3.10/dist-packages/saf_msgs-1.0.0-py3.10.egg-info/PKG-INFO
-- Installing: /home/hh4000/ros2_ws/install/saf_msgs/local/lib/python3.10/dist-packages/saf_msgs-1.0.0-py3.10.egg-info/SOURCES.txt
-- Up-to-date: /home/hh4000/ros2_ws/install/saf_msgs/local/lib/python3.10/dist-packages/saf_msgs
-- Installing: /home/hh4000/ros2_ws/install/saf_msgs/local/lib/python3.10/dist-packages/saf_msgs/__init__.py
-- Up-to-date: /home/hh4000/ros2_ws/install/saf_msgs/local/lib/python3.10/dist-packages/saf_msgs/msg
-- Installing: /home/hh4000/ros2_ws/install/saf_msgs/local/lib/python3.10/dist-packages/saf_msgs/msg/__init__.py
-- Installing: /home/hh4000/ros2_ws/install/saf_msgs/local/lib/python3.10/dist-packages/saf_msgs/msg/_carrier.py
-- Installing: /home/hh4000/ros2_ws/install/saf_msgs/local/lib/python3.10/dist-packages/saf_msgs/msg/_carrier_s.c
-- Installing: /home/hh4000/ros2_ws/install/saf_msgs/local/lib/python3.10/dist-packages/saf_msgs/saf_msgs_s__rosidl_typesupport_c.cpython-310-x86_64-linux-gnu.so
-- Installing: /home/hh4000/ros2_ws/install/saf_msgs/local/lib/python3.10/dist-packages/saf_msgs/_saf_msgs_s.ep.rosidl_typesupport_fastrtps_c.c
-- Installing: /home/hh4000/ros2_ws/install/saf_msgs/local/lib/python3.10/dist-packages/saf_msgs/libsaf_msgs__rosidl_generator_py.so
-- Installing: /home/hh4000/ros2_ws/install/saf_msgs/local/lib/python3.10/dist-packages/saf_msgs/_saf_msgs_s.ep.rosidl_typesupport_introspection_c.c
-- Installing: /home/hh4000/ros2_ws/install/saf_msgs/local/lib/python3.10/dist-packages/saf_msgs/saf_msgs_s__rosidl_typesupport_introspection_c.cpython-310-x86_64-linux-gnu.so
-- Installing: /home/hh4000/ros2_ws/install/saf_msgs/local/lib/python3.10/dist-packages/saf_msgs/_saf_msgs_s.ep.rosidl_typesupport_c.c
-- Installing: /home/hh4000/ros2_ws/install/saf_msgs/local/lib/python3.10/dist-packages/saf_msgs/saf_msgs_s__rosidl_typesupport_fastrtps_c.cpython-310-x86_64-linux-gnu.so
Listing '/home/hh4000/ros2_ws/install/saf_msgs/local/lib/python3.10/dist-packages/saf_msgs'...
Compiling '/home/hh4000/ros2_ws/install/saf_msgs/local/lib/python3.10/dist-packages/saf_msgs/__init__.py'...
Listing '/home/hh4000/ros2_ws/install/saf_msgs/local/lib/python3.10/dist-packages/saf_msgs/msg'...
Compiling '/home/hh4000/ros2_ws/install/saf_msgs/local/lib/python3.10/dist-packages/saf_msgs/msg/__init__.py'...
Compiling '/home/hh4000/ros2_ws/install/saf_msgs/local/lib/python3.10/dist-packages/saf_msgs/msg/_carrier.py'...
-- Installing: /home/hh4000/ros2_ws/install/saf_msgs/local/lib/python3.10/dist-packages/saf_msgs/saf_msgs_s__rosidl_typesupport_fastrtps_c.cpython-310-x86_64-linux-gnu.so
-- Set runtime path of "/home/hh4000/ros2_ws/install/saf_msgs/local/lib/python3.10/dist-packages/saf_msgs/saf_msgs_s__rosidl_typesupport_fastrtps_c.cpython-310-x86_64-linux-gnu.so" to ""
-- Installing: /home/hh4000/ros2_ws/install/saf_msgs/local/lib/python3.10/dist-packages/saf_msgs/saf_msgs_s__rosidl_typesupport_introspection_c.cpython-310-x86_64-linux-gnu.so
-- Set runtime path of "/home/hh4000/ros2_ws/install/saf_msgs/local/lib/python3.10/dist-packages/saf_msgs/saf_msgs_s__rosidl_typesupport_introspection_c.cpython-310-x86_64-linux-gnu.so" to ""
-- Installing: /home/hh4000/ros2_ws/install/saf_msgs/local/lib/python3.10/dist-packages/saf_msgs/saf_msgs_s__rosidl_typesupport_c.cpython-310-x86_64-linux-gnu.so
-- Set runtime path of "/home/hh4000/ros2_ws/install/saf_msgs/local/lib/python3.10/dist-packages/saf_msgs/saf_msgs_s__rosidl_typesupport_c.cpython-310-x86_64-linux-gnu.so" to ""
-- Installing: /home/hh4000/ros2_ws/install/saf_msgs/lib/libsaf_msgs__rosidl_generator_py.so
-- Set runtime path of "/home/hh4000/ros2_ws/install/saf_msgs/lib/libsaf_msgs__rosidl_generator_py.so" to ""
-- Installing: /home/hh4000/ros2_ws/install/saf_msgs/share/saf_msgs/msg/Carrier.idl
-- Installing: /home/hh4000/ros2_ws/install/saf_msgs/share/saf_msgs/msg/Carrier.msg
-- Up-to-date: /home/hh4000/ros2_ws/install/saf_msgs/share/ament_index/resource_index/package_run_dependencies/saf_msgs
-- Up-to-date: /home/hh4000/ros2_ws/install/saf_msgs/share/ament_index/resource_index/parent_prefix_path/saf_msgs
-- Up-to-date: /home/hh4000/ros2_ws/install/saf_msgs/share/saf_msgs/environment/ament_prefix_path.sh
-- Installing: /home/hh4000/ros2_ws/install/saf_msgs/share/saf_msgs/environment/ament_prefix_path.dsv
-- Up-to-date: /home/hh4000/ros2_ws/install/saf_msgs/share/saf_msgs/environment/path.sh
-- Installing: /home/hh4000/ros2_ws/install/saf_msgs/share/saf_msgs/environment/path.dsv
-- Up-to-date: /home/hh4000/ros2_ws/install/saf_msgs/share/saf_msgs/local_setup.bash
-- Up-to-date: /home/hh4000/ros2_ws/install/saf_msgs/share/saf_msgs/local_setup.sh
-- Up-to-date: /home/hh4000/ros2_ws/install/saf_msgs/share/saf_msgs/local_setup.zsh
-- Installing: /home/hh4000/ros2_ws/install/saf_msgs/share/saf_msgs/local_setup.dsv
-- Installing: /home/hh4000/ros2_ws/install/saf_msgs/share/saf_msgs/package.dsv
-- Up-to-date: /home/hh4000/ros2_ws/install/saf_msgs/share/ament_index/resource_index/packages/saf_msgs
-- Up-to-date: /home/hh4000/ros2_ws/install/saf_msgs/share/saf_msgs/cmake/export_saf_msgs__rosidl_generator_cExport.cmake
-- Up-to-date: /home/hh4000/ros2_ws/install/saf_msgs/share/saf_msgs/cmake/export_saf_msgs__rosidl_generator_cExport-noconfig.cmake
-- Up-to-date: /home/hh4000/ros2_ws/install/saf_msgs/share/saf_msgs/cmake/export_saf_msgs__rosidl_typesupport_fastrtps_cExport.cmake
-- Up-to-date: /home/hh4000/ros2_ws/install/saf_msgs/share/saf_msgs/cmake/export_saf_msgs__rosidl_typesupport_fastrtps_cExport-noconfig.cmake
-- Up-to-date: /home/hh4000/ros2_ws/install/saf_msgs/share/saf_msgs/cmake/export_saf_msgs__rosidl_generator_cppExport.cmake
-- Up-to-date: /home/hh4000/ros2_ws/install/saf_msgs/share/saf_msgs/cmake/export_saf_msgs__rosidl_typesupport_fastrtps_cppExport.cmake
-- Up-to-date: /home/hh4000/ros2_ws/install/saf_msgs/share/saf_msgs/cmake/export_saf_msgs__rosidl_typesupport_fastrtps_cppExport-noconfig.cmake
-- Up-to-date: /home/hh4000/ros2_ws/install/saf_msgs/share/saf_msgs/cmake/saf_msgs__rosidl_typesupport_introspection_cExport.cmake
-- Up-to-date: /home/hh4000/ros2_ws/install/saf_msgs/share/saf_msgs/cmake/saf_msgs__rosidl_typesupport_introspection_cExport-noconfig.cmake
-- Up-to-date: /home/hh4000/ros2_ws/install/saf_msgs/share/saf_msgs/cmake/saf_msgs__rosidl_typesupport_cExport.cmake
-- Up-to-date: /home/hh4000/ros2_ws/install/saf_msgs/share/saf_msgs/cmake/saf_msgs__rosidl_typesupport_cExport-noconfig.cmake
-- Up-to-date: /home/hh4000/ros2_ws/install/saf_msgs/share/saf_msgs/cmake/saf_msgs__rosidl_typesupport_introspection_cppExport.cmake
-- Up-to-date: /home/hh4000/ros2_ws/install/saf_msgs/share/saf_msgs/cmake/saf_msgs__rosidl_typesupport_introspection_cppExport-noconfig.cmake
-- Up-to-date: /home/hh4000/ros2_ws/install/saf_msgs/share/saf_msgs/cmake/saf_msgs__rosidl_typesupport_cppExport.cmake
-- Up-to-date: /home/hh4000/ros2_ws/install/saf_msgs/share/saf_msgs/cmake/saf_msgs__rosidl_typesupport_cppExport-noconfig.cmake
-- Up-to-date: /home/hh4000/ros2_ws/install/saf_msgs/share/saf_msgs/cmake/export_saf_msgs__rosidl_generator_pyExport.cmake
-- Up-to-date: /home/hh4000/ros2_ws/install/saf_msgs/share/saf_msgs/cmake/export_saf_msgs__rosidl_generator_pyExport-noconfig.cmake
-- Up-to-date: /home/hh4000/ros2_ws/install/saf_msgs/share/saf_msgs/cmake/rosidl_cmake-extras.cmake
-- Up-to-date: /home/hh4000/ros2_ws/install/saf_msgs/share/saf_msgs/cmake/ament_cmake_export_dependencies-extras.cmake
-- Up-to-date: /home/hh4000/ros2_ws/install/saf_msgs/share/saf_msgs/cmake/ament_cmake_export_include_directories-extras.cmake
-- Up-to-date: /home/hh4000/ros2_ws/install/saf_msgs/share/saf_msgs/cmake/ament_cmake_export_libraries-extras.cmake
-- Up-to-date: /home/hh4000/ros2_ws/install/saf_msgs/share/saf_msgs/cmake/ament_cmake_export_targets-extras.cmake
-- Up-to-date: /home/hh4000/ros2_ws/install/saf_msgs/share/saf_msgs/cmake/rosidl_cmake_export_typesupport_targets-extras.cmake
-- Up-to-date: /home/hh4000/ros2_ws/install/saf_msgs/share/saf_msgs/cmake/rosidl_cmake_export_typesupport_libraries-extras.cmake
-- Up-to-date: /home/hh4000/ros2_ws/install/saf_msgs/share/saf_msgs/cmake/saf_msgsConfig.cmake
-- Up-to-date: /home/hh4000/ros2_ws/install/saf_msgs/share/saf_msgs/cmake/saf_msgsConfig-version.cmake
-- Up-to-date: /home/hh4000/ros2_ws/install/saf_msgs/share/saf_msgs/package.xml
