[0.025s] Invoking command in '/home/hh4000/ros2_ws/build/saf_msgs': CMAKE_PREFIX_PATH=/opt/ros/humble /usr/bin/cmake --build /home/hh4000/ros2_ws/build/saf_msgs -- -j4 -l4
[0.127s] -- Found ament_cmake: 1.3.4 (/opt/ros/humble/share/ament_cmake/cmake)
[0.451s] -- Found geometry_msgs: 4.2.3 (/opt/ros/humble/share/geometry_msgs/cmake)
[0.512s] -- Found rosidl_generator_c: 3.1.4 (/opt/ros/humble/share/rosidl_generator_c/cmake)
[0.517s] -- Found rosidl_adapter: 3.1.4 (/opt/ros/humble/share/rosidl_adapter/cmake)
[0.529s] -- Found rosidl_generator_cpp: 3.1.4 (/opt/ros/humble/share/rosidl_generator_cpp/cmake)
[0.550s] -- Using all available rosidl_typesupport_c: rosidl_typesupport_fastrtps_c;rosidl_typesupport_introspection_c
[0.577s] -- Using all available rosidl_typesupport_cpp: rosidl_typesupport_fastrtps_cpp;rosidl_typesupport_introspection_cpp
[0.758s] -- Found rosidl_default_generators: 1.2.0 (/opt/ros/humble/share/rosidl_default_generators/cmake)
[1.159s] -- Found ament_cmake_ros: 0.10.0 (/opt/ros/humble/share/ament_cmake_ros/cmake)
[1.737s] -- Using all available rosidl_typesupport_c: rosidl_typesupport_fastrtps_c;rosidl_typesupport_introspection_c
[1.968s] -- Using all available rosidl_typesupport_cpp: rosidl_typesupport_fastrtps_cpp;rosidl_typesupport_introspection_cpp
[2.000s] -- Found python_cmake_module: 0.10.0 (/opt/ros/humble/share/python_cmake_module/cmake)
[2.030s] -- Using PYTHON_EXECUTABLE: /usr/bin/python3
[2.031s] -- Using PYTHON_INCLUDE_DIRS: /usr/include/python3.10
[2.031s] -- Using PYTHON_LIBRARIES: /usr/lib/x86_64-linux-gnu/libpython3.10.so
[2.083s] -- Found ament_lint_auto: 0.12.6 (/opt/ros/humble/share/ament_lint_auto/cmake)
[2.105s] -- Added test 'lint_cmake' to check CMake code style
[2.107s] -- Added test 'xmllint' to check XML markup files
[2.110s] -- Configuring done
[2.189s] -- Generating done
[2.195s] -- Build files have been written to: /home/hh4000/ros2_ws/build/saf_msgs
[2.235s] [  3%] [34m[1mGenerating C code for ROS interfaces[0m
[2.249s] [  6%] [34m[1mGenerating C++ code for ROS interfaces[0m
[2.277s] [  6%] Built target ament_cmake_python_copy_saf_msgs
[2.980s] [  6%] Built target saf_msgs__cpp
[3.000s] [35m[1mConsolidate compiler generated dependencies of target saf_msgs__rosidl_generator_c[0m
[3.000s] [  9%] [34m[1mGenerating C++ type support dispatch for ROS interfaces[0m
[3.002s] [ 12%] [34m[1mGenerating C++ type support for eProsima Fast-RTPS[0m
[3.026s] [ 16%] [32mBuilding C object CMakeFiles/saf_msgs__rosidl_generator_c.dir/rosidl_generator_c/saf_msgs/msg/detail/carrier__functions.c.o[0m
[3.196s] running egg_info
[3.201s] writing saf_msgs.egg-info/PKG-INFO
[3.202s] writing dependency_links to saf_msgs.egg-info/dependency_links.txt
[3.203s] writing top-level names to saf_msgs.egg-info/top_level.txt
[3.209s] reading manifest file 'saf_msgs.egg-info/SOURCES.txt'
[3.215s] writing manifest file 'saf_msgs.egg-info/SOURCES.txt'
[3.351s] [ 16%] Built target ament_cmake_python_build_saf_msgs_egg
[3.378s] [ 19%] [34m[1mGenerating C++ introspection for ROS interfaces[0m
[3.406s] [ 22%] [32m[1mLinking C shared library libsaf_msgs__rosidl_generator_c.so[0m
[3.499s] [ 22%] Built target saf_msgs__rosidl_generator_c
[3.522s] [ 25%] [34m[1mGenerating C type support for eProsima Fast-RTPS[0m
[3.574s] [35m[1mConsolidate compiler generated dependencies of target saf_msgs__rosidl_typesupport_cpp[0m
[3.605s] [ 29%] [32mBuilding CXX object CMakeFiles/saf_msgs__rosidl_typesupport_cpp.dir/rosidl_typesupport_cpp/saf_msgs/msg/carrier__type_support.cpp.o[0m
[3.621s] [35m[1mConsolidate compiler generated dependencies of target saf_msgs__rosidl_typesupport_fastrtps_cpp[0m
[3.647s] [ 32%] [32mBuilding CXX object CMakeFiles/saf_msgs__rosidl_typesupport_fastrtps_cpp.dir/rosidl_typesupport_fastrtps_cpp/saf_msgs/msg/detail/dds_fastrtps/carrier__type_support.cpp.o[0m
[4.047s] [35m[1mConsolidate compiler generated dependencies of target saf_msgs__rosidl_typesupport_introspection_cpp[0m
[4.089s] [ 35%] [32mBuilding CXX object CMakeFiles/saf_msgs__rosidl_typesupport_introspection_cpp.dir/rosidl_typesupport_introspection_cpp/saf_msgs/msg/detail/carrier__type_support.cpp.o[0m
[4.170s] [35m[1mConsolidate compiler generated dependencies of target saf_msgs__rosidl_typesupport_fastrtps_c[0m
[4.209s] [ 38%] [32mBuilding CXX object CMakeFiles/saf_msgs__rosidl_typesupport_fastrtps_c.dir/rosidl_typesupport_fastrtps_c/saf_msgs/msg/detail/carrier__type_support_c.cpp.o[0m
[4.634s] [ 41%] [32m[1mLinking CXX shared library libsaf_msgs__rosidl_typesupport_cpp.so[0m
[4.748s] [ 41%] Built target saf_msgs__rosidl_typesupport_cpp
[4.775s] [ 45%] [34m[1mGenerating C introspection for ROS interfaces[0m
[4.829s] [ 48%] [32m[1mLinking CXX shared library libsaf_msgs__rosidl_typesupport_fastrtps_cpp.so[0m
[5.054s] [ 48%] Built target saf_msgs__rosidl_typesupport_fastrtps_cpp
[5.075s] [ 51%] [34m[1mGenerating C type support dispatch for ROS interfaces[0m
[5.199s] [ 54%] [32m[1mLinking CXX shared library libsaf_msgs__rosidl_typesupport_fastrtps_c.so[0m
[5.238s] [ 58%] [32m[1mLinking CXX shared library libsaf_msgs__rosidl_typesupport_introspection_cpp.so[0m
[5.336s] [ 58%] Built target saf_msgs__rosidl_typesupport_introspection_cpp
[5.386s] [ 58%] Built target saf_msgs__rosidl_typesupport_fastrtps_c
[5.454s] [35m[1mConsolidate compiler generated dependencies of target saf_msgs__rosidl_typesupport_introspection_c[0m
[5.471s] [ 61%] [32mBuilding C object CMakeFiles/saf_msgs__rosidl_typesupport_introspection_c.dir/rosidl_typesupport_introspection_c/saf_msgs/msg/detail/carrier__type_support.c.o[0m
[5.540s] [ 64%] [32m[1mLinking C shared library libsaf_msgs__rosidl_typesupport_introspection_c.so[0m
[5.545s] [35m[1mConsolidate compiler generated dependencies of target saf_msgs__rosidl_typesupport_c[0m
[5.560s] [ 67%] [32mBuilding CXX object CMakeFiles/saf_msgs__rosidl_typesupport_c.dir/rosidl_typesupport_c/saf_msgs/msg/carrier__type_support.cpp.o[0m
[5.582s] [ 67%] Built target saf_msgs__rosidl_typesupport_introspection_c
[5.603s] [ 70%] [32m[1mLinking CXX shared library libsaf_msgs__rosidl_typesupport_c.so[0m
[5.667s] [ 70%] Built target saf_msgs__rosidl_typesupport_c
[5.692s] [ 70%] Built target saf_msgs
[5.717s] [ 74%] [34m[1mGenerating Python code for ROS interfaces[0m
[6.160s] [ 74%] Built target saf_msgs__py
[6.174s] [35m[1mConsolidate compiler generated dependencies of target saf_msgs__rosidl_generator_py[0m
[6.198s] [ 77%] [32mBuilding C object CMakeFiles/saf_msgs__rosidl_generator_py.dir/rosidl_generator_py/saf_msgs/msg/_carrier_s.c.o[0m
[6.360s] [ 80%] [32m[1mLinking C shared library rosidl_generator_py/saf_msgs/libsaf_msgs__rosidl_generator_py.so[0m
[6.422s] [ 80%] Built target saf_msgs__rosidl_generator_py
[6.437s] [35m[1mConsolidate compiler generated dependencies of target saf_msgs__rosidl_typesupport_fastrtps_c__pyext[0m
[6.440s] [35m[1mConsolidate compiler generated dependencies of target saf_msgs__rosidl_typesupport_introspection_c__pyext[0m
[6.441s] [35m[1mConsolidate compiler generated dependencies of target saf_msgs__rosidl_typesupport_c__pyext[0m
[6.462s] [ 83%] [32mBuilding C object CMakeFiles/saf_msgs__rosidl_typesupport_fastrtps_c__pyext.dir/rosidl_generator_py/saf_msgs/_saf_msgs_s.ep.rosidl_typesupport_fastrtps_c.c.o[0m
[6.465s] [ 87%] [32mBuilding C object CMakeFiles/saf_msgs__rosidl_typesupport_c__pyext.dir/rosidl_generator_py/saf_msgs/_saf_msgs_s.ep.rosidl_typesupport_c.c.o[0m
[6.465s] [ 90%] [32mBuilding C object CMakeFiles/saf_msgs__rosidl_typesupport_introspection_c__pyext.dir/rosidl_generator_py/saf_msgs/_saf_msgs_s.ep.rosidl_typesupport_introspection_c.c.o[0m
[6.712s] [ 93%] [32m[1mLinking C shared library rosidl_generator_py/saf_msgs/saf_msgs_s__rosidl_typesupport_c.cpython-310-x86_64-linux-gnu.so[0m
[6.715s] [ 96%] [32m[1mLinking C shared library rosidl_generator_py/saf_msgs/saf_msgs_s__rosidl_typesupport_introspection_c.cpython-310-x86_64-linux-gnu.so[0m
[6.721s] [100%] [32m[1mLinking C shared library rosidl_generator_py/saf_msgs/saf_msgs_s__rosidl_typesupport_fastrtps_c.cpython-310-x86_64-linux-gnu.so[0m
[6.796s] [100%] Built target saf_msgs__rosidl_typesupport_c__pyext
[6.802s] [100%] Built target saf_msgs__rosidl_typesupport_fastrtps_c__pyext
[6.808s] [100%] Built target saf_msgs__rosidl_typesupport_introspection_c__pyext
[6.824s] Invoked command in '/home/hh4000/ros2_ws/build/saf_msgs' returned '0': CMAKE_PREFIX_PATH=/opt/ros/humble /usr/bin/cmake --build /home/hh4000/ros2_ws/build/saf_msgs -- -j4 -l4
[6.907s] Invoking command in '/home/hh4000/ros2_ws/build/saf_msgs': CMAKE_PREFIX_PATH=/opt/ros/humble /usr/bin/cmake --install /home/hh4000/ros2_ws/build/saf_msgs
[6.919s] -- Install configuration: ""
[6.920s] -- Up-to-date: /home/hh4000/ros2_ws/install/saf_msgs/share/ament_index/resource_index/rosidl_interfaces/saf_msgs
[6.920s] -- Up-to-date: /home/hh4000/ros2_ws/install/saf_msgs/include/saf_msgs/saf_msgs
[6.920s] -- Up-to-date: /home/hh4000/ros2_ws/install/saf_msgs/include/saf_msgs/saf_msgs/msg
[6.920s] -- Up-to-date: /home/hh4000/ros2_ws/install/saf_msgs/include/saf_msgs/saf_msgs/msg/rosidl_generator_c__visibility_control.h
[6.921s] -- Installing: /home/hh4000/ros2_ws/install/saf_msgs/include/saf_msgs/saf_msgs/msg/carrier.h
[6.921s] -- Up-to-date: /home/hh4000/ros2_ws/install/saf_msgs/include/saf_msgs/saf_msgs/msg/detail
[6.921s] -- Installing: /home/hh4000/ros2_ws/install/saf_msgs/include/saf_msgs/saf_msgs/msg/detail/carrier__type_support.h
[6.921s] -- Installing: /home/hh4000/ros2_ws/install/saf_msgs/include/saf_msgs/saf_msgs/msg/detail/carrier__functions.c
[6.922s] -- Installing: /home/hh4000/ros2_ws/install/saf_msgs/include/saf_msgs/saf_msgs/msg/detail/carrier__struct.h
[6.922s] -- Installing: /home/hh4000/ros2_ws/install/saf_msgs/include/saf_msgs/saf_msgs/msg/detail/carrier__functions.h
[6.922s] -- Up-to-date: /home/hh4000/ros2_ws/install/saf_msgs/share/saf_msgs/environment/library_path.sh
[6.923s] -- Installing: /home/hh4000/ros2_ws/install/saf_msgs/share/saf_msgs/environment/library_path.dsv
[6.924s] -- Installing: /home/hh4000/ros2_ws/install/saf_msgs/lib/libsaf_msgs__rosidl_generator_c.so
[6.924s] -- Set runtime path of "/home/hh4000/ros2_ws/install/saf_msgs/lib/libsaf_msgs__rosidl_generator_c.so" to ""
[6.925s] -- Up-to-date: /home/hh4000/ros2_ws/install/saf_msgs/include/saf_msgs/saf_msgs
[6.925s] -- Up-to-date: /home/hh4000/ros2_ws/install/saf_msgs/include/saf_msgs/saf_msgs/msg
[6.925s] -- Up-to-date: /home/hh4000/ros2_ws/install/saf_msgs/include/saf_msgs/saf_msgs/msg/rosidl_typesupport_fastrtps_c__visibility_control.h
[6.925s] -- Up-to-date: /home/hh4000/ros2_ws/install/saf_msgs/include/saf_msgs/saf_msgs/msg/detail
[6.925s] -- Installing: /home/hh4000/ros2_ws/install/saf_msgs/include/saf_msgs/saf_msgs/msg/detail/carrier__rosidl_typesupport_fastrtps_c.h
[6.926s] -- Installing: /home/hh4000/ros2_ws/install/saf_msgs/lib/libsaf_msgs__rosidl_typesupport_fastrtps_c.so
[6.926s] -- Set runtime path of "/home/hh4000/ros2_ws/install/saf_msgs/lib/libsaf_msgs__rosidl_typesupport_fastrtps_c.so" to ""
[6.927s] -- Up-to-date: /home/hh4000/ros2_ws/install/saf_msgs/include/saf_msgs/saf_msgs
[6.927s] -- Up-to-date: /home/hh4000/ros2_ws/install/saf_msgs/include/saf_msgs/saf_msgs/msg
[6.927s] -- Up-to-date: /home/hh4000/ros2_ws/install/saf_msgs/include/saf_msgs/saf_msgs/msg/detail
[6.927s] -- Installing: /home/hh4000/ros2_ws/install/saf_msgs/include/saf_msgs/saf_msgs/msg/detail/carrier__traits.hpp
[6.927s] -- Installing: /home/hh4000/ros2_ws/install/saf_msgs/include/saf_msgs/saf_msgs/msg/detail/carrier__builder.hpp
[6.928s] -- Installing: /home/hh4000/ros2_ws/install/saf_msgs/include/saf_msgs/saf_msgs/msg/detail/carrier__struct.hpp
[6.928s] -- Installing: /home/hh4000/ros2_ws/install/saf_msgs/include/saf_msgs/saf_msgs/msg/carrier.hpp
[6.928s] -- Up-to-date: /home/hh4000/ros2_ws/install/saf_msgs/include/saf_msgs/saf_msgs
[6.929s] -- Up-to-date: /home/hh4000/ros2_ws/install/saf_msgs/include/saf_msgs/saf_msgs/msg
[6.929s] -- Up-to-date: /home/hh4000/ros2_ws/install/saf_msgs/include/saf_msgs/saf_msgs/msg/rosidl_typesupport_fastrtps_cpp__visibility_control.h
[6.929s] -- Up-to-date: /home/hh4000/ros2_ws/install/saf_msgs/include/saf_msgs/saf_msgs/msg/detail
[6.929s] -- Up-to-date: /home/hh4000/ros2_ws/install/saf_msgs/include/saf_msgs/saf_msgs/msg/detail/dds_fastrtps
[6.929s] -- Installing: /home/hh4000/ros2_ws/install/saf_msgs/include/saf_msgs/saf_msgs/msg/detail/carrier__rosidl_typesupport_fastrtps_cpp.hpp
[6.929s] -- Installing: /home/hh4000/ros2_ws/install/saf_msgs/lib/libsaf_msgs__rosidl_typesupport_fastrtps_cpp.so
[6.930s] -- Set runtime path of "/home/hh4000/ros2_ws/install/saf_msgs/lib/libsaf_msgs__rosidl_typesupport_fastrtps_cpp.so" to ""
[6.930s] -- Up-to-date: /home/hh4000/ros2_ws/install/saf_msgs/include/saf_msgs/saf_msgs
[6.931s] -- Up-to-date: /home/hh4000/ros2_ws/install/saf_msgs/include/saf_msgs/saf_msgs/msg
[6.931s] -- Up-to-date: /home/hh4000/ros2_ws/install/saf_msgs/include/saf_msgs/saf_msgs/msg/detail
[6.931s] -- Installing: /home/hh4000/ros2_ws/install/saf_msgs/include/saf_msgs/saf_msgs/msg/detail/carrier__rosidl_typesupport_introspection_c.h
[6.931s] -- Installing: /home/hh4000/ros2_ws/install/saf_msgs/include/saf_msgs/saf_msgs/msg/detail/carrier__type_support.c
[6.931s] -- Up-to-date: /home/hh4000/ros2_ws/install/saf_msgs/include/saf_msgs/saf_msgs/msg/rosidl_typesupport_introspection_c__visibility_control.h
[6.932s] -- Installing: /home/hh4000/ros2_ws/install/saf_msgs/lib/libsaf_msgs__rosidl_typesupport_introspection_c.so
[6.932s] -- Set runtime path of "/home/hh4000/ros2_ws/install/saf_msgs/lib/libsaf_msgs__rosidl_typesupport_introspection_c.so" to ""
[6.933s] -- Installing: /home/hh4000/ros2_ws/install/saf_msgs/lib/libsaf_msgs__rosidl_typesupport_c.so
[6.934s] -- Set runtime path of "/home/hh4000/ros2_ws/install/saf_msgs/lib/libsaf_msgs__rosidl_typesupport_c.so" to ""
[6.934s] -- Up-to-date: /home/hh4000/ros2_ws/install/saf_msgs/include/saf_msgs/saf_msgs
[6.934s] -- Up-to-date: /home/hh4000/ros2_ws/install/saf_msgs/include/saf_msgs/saf_msgs/msg
[6.934s] -- Up-to-date: /home/hh4000/ros2_ws/install/saf_msgs/include/saf_msgs/saf_msgs/msg/detail
[6.934s] -- Installing: /home/hh4000/ros2_ws/install/saf_msgs/include/saf_msgs/saf_msgs/msg/detail/carrier__rosidl_typesupport_introspection_cpp.hpp
[6.934s] -- Installing: /home/hh4000/ros2_ws/install/saf_msgs/include/saf_msgs/saf_msgs/msg/detail/carrier__type_support.cpp
[6.935s] -- Installing: /home/hh4000/ros2_ws/install/saf_msgs/lib/libsaf_msgs__rosidl_typesupport_introspection_cpp.so
[6.936s] -- Set runtime path of "/home/hh4000/ros2_ws/install/saf_msgs/lib/libsaf_msgs__rosidl_typesupport_introspection_cpp.so" to ""
[6.936s] -- Installing: /home/hh4000/ros2_ws/install/saf_msgs/lib/libsaf_msgs__rosidl_typesupport_cpp.so
[6.937s] -- Set runtime path of "/home/hh4000/ros2_ws/install/saf_msgs/lib/libsaf_msgs__rosidl_typesupport_cpp.so" to ""
[6.937s] -- Up-to-date: /home/hh4000/ros2_ws/install/saf_msgs/share/saf_msgs/environment/pythonpath.sh
[6.937s] -- Installing: /home/hh4000/ros2_ws/install/saf_msgs/share/saf_msgs/environment/pythonpath.dsv
[6.938s] -- Up-to-date: /home/hh4000/ros2_ws/install/saf_msgs/local/lib/python3.10/dist-packages/saf_msgs-1.0.0-py3.10.egg-info
[6.938s] -- Installing: /home/hh4000/ros2_ws/install/saf_msgs/local/lib/python3.10/dist-packages/saf_msgs-1.0.0-py3.10.egg-info/top_level.txt
[6.939s] -- Installing: /home/hh4000/ros2_ws/install/saf_msgs/local/lib/python3.10/dist-packages/saf_msgs-1.0.0-py3.10.egg-info/dependency_links.txt
[6.939s] -- Installing: /home/hh4000/ros2_ws/install/saf_msgs/local/lib/python3.10/dist-packages/saf_msgs-1.0.0-py3.10.egg-info/PKG-INFO
[6.939s] -- Installing: /home/hh4000/ros2_ws/install/saf_msgs/local/lib/python3.10/dist-packages/saf_msgs-1.0.0-py3.10.egg-info/SOURCES.txt
[6.939s] -- Up-to-date: /home/hh4000/ros2_ws/install/saf_msgs/local/lib/python3.10/dist-packages/saf_msgs
[6.940s] -- Installing: /home/hh4000/ros2_ws/install/saf_msgs/local/lib/python3.10/dist-packages/saf_msgs/__init__.py
[6.940s] -- Up-to-date: /home/hh4000/ros2_ws/install/saf_msgs/local/lib/python3.10/dist-packages/saf_msgs/msg
[6.940s] -- Installing: /home/hh4000/ros2_ws/install/saf_msgs/local/lib/python3.10/dist-packages/saf_msgs/msg/__init__.py
[6.940s] -- Installing: /home/hh4000/ros2_ws/install/saf_msgs/local/lib/python3.10/dist-packages/saf_msgs/msg/_carrier.py
[6.940s] -- Installing: /home/hh4000/ros2_ws/install/saf_msgs/local/lib/python3.10/dist-packages/saf_msgs/msg/_carrier_s.c
[6.941s] -- Installing: /home/hh4000/ros2_ws/install/saf_msgs/local/lib/python3.10/dist-packages/saf_msgs/saf_msgs_s__rosidl_typesupport_c.cpython-310-x86_64-linux-gnu.so
[6.941s] -- Installing: /home/hh4000/ros2_ws/install/saf_msgs/local/lib/python3.10/dist-packages/saf_msgs/_saf_msgs_s.ep.rosidl_typesupport_fastrtps_c.c
[6.941s] -- Installing: /home/hh4000/ros2_ws/install/saf_msgs/local/lib/python3.10/dist-packages/saf_msgs/libsaf_msgs__rosidl_generator_py.so
[6.941s] -- Installing: /home/hh4000/ros2_ws/install/saf_msgs/local/lib/python3.10/dist-packages/saf_msgs/_saf_msgs_s.ep.rosidl_typesupport_introspection_c.c
[6.942s] -- Installing: /home/hh4000/ros2_ws/install/saf_msgs/local/lib/python3.10/dist-packages/saf_msgs/saf_msgs_s__rosidl_typesupport_introspection_c.cpython-310-x86_64-linux-gnu.so
[6.942s] -- Installing: /home/hh4000/ros2_ws/install/saf_msgs/local/lib/python3.10/dist-packages/saf_msgs/_saf_msgs_s.ep.rosidl_typesupport_c.c
[6.942s] -- Installing: /home/hh4000/ros2_ws/install/saf_msgs/local/lib/python3.10/dist-packages/saf_msgs/saf_msgs_s__rosidl_typesupport_fastrtps_c.cpython-310-x86_64-linux-gnu.so
[6.991s] Listing '/home/hh4000/ros2_ws/install/saf_msgs/local/lib/python3.10/dist-packages/saf_msgs'...
[6.991s] Compiling '/home/hh4000/ros2_ws/install/saf_msgs/local/lib/python3.10/dist-packages/saf_msgs/__init__.py'...
[6.991s] Listing '/home/hh4000/ros2_ws/install/saf_msgs/local/lib/python3.10/dist-packages/saf_msgs/msg'...
[6.991s] Compiling '/home/hh4000/ros2_ws/install/saf_msgs/local/lib/python3.10/dist-packages/saf_msgs/msg/__init__.py'...
[6.991s] Compiling '/home/hh4000/ros2_ws/install/saf_msgs/local/lib/python3.10/dist-packages/saf_msgs/msg/_carrier.py'...
[6.999s] -- Installing: /home/hh4000/ros2_ws/install/saf_msgs/local/lib/python3.10/dist-packages/saf_msgs/saf_msgs_s__rosidl_typesupport_fastrtps_c.cpython-310-x86_64-linux-gnu.so
[6.999s] -- Set runtime path of "/home/hh4000/ros2_ws/install/saf_msgs/local/lib/python3.10/dist-packages/saf_msgs/saf_msgs_s__rosidl_typesupport_fastrtps_c.cpython-310-x86_64-linux-gnu.so" to ""
[7.000s] -- Installing: /home/hh4000/ros2_ws/install/saf_msgs/local/lib/python3.10/dist-packages/saf_msgs/saf_msgs_s__rosidl_typesupport_introspection_c.cpython-310-x86_64-linux-gnu.so
[7.000s] -- Set runtime path of "/home/hh4000/ros2_ws/install/saf_msgs/local/lib/python3.10/dist-packages/saf_msgs/saf_msgs_s__rosidl_typesupport_introspection_c.cpython-310-x86_64-linux-gnu.so" to ""
[7.001s] -- Installing: /home/hh4000/ros2_ws/install/saf_msgs/local/lib/python3.10/dist-packages/saf_msgs/saf_msgs_s__rosidl_typesupport_c.cpython-310-x86_64-linux-gnu.so
[7.001s] -- Set runtime path of "/home/hh4000/ros2_ws/install/saf_msgs/local/lib/python3.10/dist-packages/saf_msgs/saf_msgs_s__rosidl_typesupport_c.cpython-310-x86_64-linux-gnu.so" to ""
[7.002s] -- Installing: /home/hh4000/ros2_ws/install/saf_msgs/lib/libsaf_msgs__rosidl_generator_py.so
[7.003s] -- Set runtime path of "/home/hh4000/ros2_ws/install/saf_msgs/lib/libsaf_msgs__rosidl_generator_py.so" to ""
[7.003s] -- Installing: /home/hh4000/ros2_ws/install/saf_msgs/share/saf_msgs/msg/Carrier.idl
[7.003s] -- Installing: /home/hh4000/ros2_ws/install/saf_msgs/share/saf_msgs/msg/Carrier.msg
[7.004s] -- Up-to-date: /home/hh4000/ros2_ws/install/saf_msgs/share/ament_index/resource_index/package_run_dependencies/saf_msgs
[7.004s] -- Up-to-date: /home/hh4000/ros2_ws/install/saf_msgs/share/ament_index/resource_index/parent_prefix_path/saf_msgs
[7.004s] -- Up-to-date: /home/hh4000/ros2_ws/install/saf_msgs/share/saf_msgs/environment/ament_prefix_path.sh
[7.004s] -- Installing: /home/hh4000/ros2_ws/install/saf_msgs/share/saf_msgs/environment/ament_prefix_path.dsv
[7.005s] -- Up-to-date: /home/hh4000/ros2_ws/install/saf_msgs/share/saf_msgs/environment/path.sh
[7.005s] -- Installing: /home/hh4000/ros2_ws/install/saf_msgs/share/saf_msgs/environment/path.dsv
[7.005s] -- Up-to-date: /home/hh4000/ros2_ws/install/saf_msgs/share/saf_msgs/local_setup.bash
[7.005s] -- Up-to-date: /home/hh4000/ros2_ws/install/saf_msgs/share/saf_msgs/local_setup.sh
[7.006s] -- Up-to-date: /home/hh4000/ros2_ws/install/saf_msgs/share/saf_msgs/local_setup.zsh
[7.006s] -- Installing: /home/hh4000/ros2_ws/install/saf_msgs/share/saf_msgs/local_setup.dsv
[7.006s] -- Installing: /home/hh4000/ros2_ws/install/saf_msgs/share/saf_msgs/package.dsv
[7.007s] -- Up-to-date: /home/hh4000/ros2_ws/install/saf_msgs/share/ament_index/resource_index/packages/saf_msgs
[7.007s] -- Up-to-date: /home/hh4000/ros2_ws/install/saf_msgs/share/saf_msgs/cmake/export_saf_msgs__rosidl_generator_cExport.cmake
[7.007s] -- Up-to-date: /home/hh4000/ros2_ws/install/saf_msgs/share/saf_msgs/cmake/export_saf_msgs__rosidl_generator_cExport-noconfig.cmake
[7.008s] -- Up-to-date: /home/hh4000/ros2_ws/install/saf_msgs/share/saf_msgs/cmake/export_saf_msgs__rosidl_typesupport_fastrtps_cExport.cmake
[7.008s] -- Up-to-date: /home/hh4000/ros2_ws/install/saf_msgs/share/saf_msgs/cmake/export_saf_msgs__rosidl_typesupport_fastrtps_cExport-noconfig.cmake
[7.008s] -- Up-to-date: /home/hh4000/ros2_ws/install/saf_msgs/share/saf_msgs/cmake/export_saf_msgs__rosidl_generator_cppExport.cmake
[7.009s] -- Up-to-date: /home/hh4000/ros2_ws/install/saf_msgs/share/saf_msgs/cmake/export_saf_msgs__rosidl_typesupport_fastrtps_cppExport.cmake
[7.009s] -- Up-to-date: /home/hh4000/ros2_ws/install/saf_msgs/share/saf_msgs/cmake/export_saf_msgs__rosidl_typesupport_fastrtps_cppExport-noconfig.cmake
[7.009s] -- Up-to-date: /home/hh4000/ros2_ws/install/saf_msgs/share/saf_msgs/cmake/saf_msgs__rosidl_typesupport_introspection_cExport.cmake
[7.010s] -- Up-to-date: /home/hh4000/ros2_ws/install/saf_msgs/share/saf_msgs/cmake/saf_msgs__rosidl_typesupport_introspection_cExport-noconfig.cmake
[7.010s] -- Up-to-date: /home/hh4000/ros2_ws/install/saf_msgs/share/saf_msgs/cmake/saf_msgs__rosidl_typesupport_cExport.cmake
[7.010s] -- Up-to-date: /home/hh4000/ros2_ws/install/saf_msgs/share/saf_msgs/cmake/saf_msgs__rosidl_typesupport_cExport-noconfig.cmake
[7.011s] -- Up-to-date: /home/hh4000/ros2_ws/install/saf_msgs/share/saf_msgs/cmake/saf_msgs__rosidl_typesupport_introspection_cppExport.cmake
[7.011s] -- Up-to-date: /home/hh4000/ros2_ws/install/saf_msgs/share/saf_msgs/cmake/saf_msgs__rosidl_typesupport_introspection_cppExport-noconfig.cmake
[7.011s] -- Up-to-date: /home/hh4000/ros2_ws/install/saf_msgs/share/saf_msgs/cmake/saf_msgs__rosidl_typesupport_cppExport.cmake
[7.012s] -- Up-to-date: /home/hh4000/ros2_ws/install/saf_msgs/share/saf_msgs/cmake/saf_msgs__rosidl_typesupport_cppExport-noconfig.cmake
[7.012s] -- Up-to-date: /home/hh4000/ros2_ws/install/saf_msgs/share/saf_msgs/cmake/export_saf_msgs__rosidl_generator_pyExport.cmake
[7.012s] -- Up-to-date: /home/hh4000/ros2_ws/install/saf_msgs/share/saf_msgs/cmake/export_saf_msgs__rosidl_generator_pyExport-noconfig.cmake
[7.012s] -- Up-to-date: /home/hh4000/ros2_ws/install/saf_msgs/share/saf_msgs/cmake/rosidl_cmake-extras.cmake
[7.013s] -- Up-to-date: /home/hh4000/ros2_ws/install/saf_msgs/share/saf_msgs/cmake/ament_cmake_export_dependencies-extras.cmake
[7.013s] -- Up-to-date: /home/hh4000/ros2_ws/install/saf_msgs/share/saf_msgs/cmake/ament_cmake_export_include_directories-extras.cmake
[7.013s] -- Up-to-date: /home/hh4000/ros2_ws/install/saf_msgs/share/saf_msgs/cmake/ament_cmake_export_libraries-extras.cmake
[7.013s] -- Up-to-date: /home/hh4000/ros2_ws/install/saf_msgs/share/saf_msgs/cmake/ament_cmake_export_targets-extras.cmake
[7.013s] -- Up-to-date: /home/hh4000/ros2_ws/install/saf_msgs/share/saf_msgs/cmake/rosidl_cmake_export_typesupport_targets-extras.cmake
[7.013s] -- Up-to-date: /home/hh4000/ros2_ws/install/saf_msgs/share/saf_msgs/cmake/rosidl_cmake_export_typesupport_libraries-extras.cmake
[7.013s] -- Up-to-date: /home/hh4000/ros2_ws/install/saf_msgs/share/saf_msgs/cmake/saf_msgsConfig.cmake
[7.013s] -- Up-to-date: /home/hh4000/ros2_ws/install/saf_msgs/share/saf_msgs/cmake/saf_msgsConfig-version.cmake
[7.013s] -- Up-to-date: /home/hh4000/ros2_ws/install/saf_msgs/share/saf_msgs/package.xml
[7.018s] Invoked command in '/home/hh4000/ros2_ws/build/saf_msgs' returned '0': CMAKE_PREFIX_PATH=/opt/ros/humble /usr/bin/cmake --install /home/hh4000/ros2_ws/build/saf_msgs
