[0.022s] Invoking command in '/home/hh4000/ros2_ws/build/saf_msgs': CMAKE_PREFIX_PATH=/opt/ros/humble /usr/bin/cmake /home/hh4000/ros2_ws/src/saf_msgs -DCMAKE_INSTALL_PREFIX=/home/hh4000/ros2_ws/install/saf_msgs
[0.153s] -- The C compiler identification is GNU 11.3.0
[0.312s] -- The CXX compiler identification is GNU 11.3.0
[0.346s] -- Detecting C compiler ABI info
[0.501s] -- Detecting C compiler ABI info - done
[0.522s] -- Check for working C compiler: /usr/bin/cc - skipped
[0.522s] -- Detecting C compile features
[0.523s] -- Detecting C compile features - done
[0.531s] -- Detecting CXX compiler ABI info
[0.667s] -- Detecting CXX compiler ABI info - done
[0.679s] -- Check for working CXX compiler: /usr/bin/c++ - skipped
[0.681s] -- Detecting CXX compile features
[0.681s] -- Detecting CXX compile features - done
[0.691s] -- Found ament_cmake: 1.3.4 (/opt/ros/humble/share/ament_cmake/cmake)
[1.014s] -- Found Python3: /usr/bin/python3.10 (found version "3.10.6") found components: Interpreter 
[1.163s] -- Found geometry_msgs: 4.2.3 (/opt/ros/humble/share/geometry_msgs/cmake)
[1.225s] -- Found rosidl_generator_c: 3.1.4 (/opt/ros/humble/share/rosidl_generator_c/cmake)
[1.235s] -- Found rosidl_adapter: 3.1.4 (/opt/ros/humble/share/rosidl_adapter/cmake)
[1.250s] -- Found rosidl_generator_cpp: 3.1.4 (/opt/ros/humble/share/rosidl_generator_cpp/cmake)
[1.278s] -- Using all available rosidl_typesupport_c: rosidl_typesupport_fastrtps_c;rosidl_typesupport_introspection_c
[1.326s] -- Using all available rosidl_typesupport_cpp: rosidl_typesupport_fastrtps_cpp;rosidl_typesupport_introspection_cpp
[1.538s] -- Found rosidl_default_generators: 1.2.0 (/opt/ros/humble/share/rosidl_default_generators/cmake)
[2.046s] -- Found ament_cmake_ros: 0.10.0 (/opt/ros/humble/share/ament_cmake_ros/cmake)
[2.842s] -- Using all available rosidl_typesupport_c: rosidl_typesupport_fastrtps_c;rosidl_typesupport_introspection_c
[3.147s] -- Using all available rosidl_typesupport_cpp: rosidl_typesupport_fastrtps_cpp;rosidl_typesupport_introspection_cpp
[3.192s] -- Found PythonInterp: /usr/bin/python3 (found suitable version "3.10.6", minimum required is "3.6") 
[3.195s] -- Found python_cmake_module: 0.10.0 (/opt/ros/humble/share/python_cmake_module/cmake)
[3.237s] -- Found PythonLibs: /usr/lib/x86_64-linux-gnu/libpython3.10.so (found suitable version "3.10.6", minimum required is "3.5") 
[3.237s] -- Using PYTHON_EXECUTABLE: /usr/bin/python3
[3.238s] -- Using PYTHON_INCLUDE_DIRS: /usr/include/python3.10
[3.238s] -- Using PYTHON_LIBRARIES: /usr/lib/x86_64-linux-gnu/libpython3.10.so
[3.269s] -- Found PythonExtra: .so  
[3.381s] -- Found ament_lint_auto: 0.12.6 (/opt/ros/humble/share/ament_lint_auto/cmake)
[3.447s] -- Added test 'lint_cmake' to check CMake code style
[3.449s] -- Added test 'xmllint' to check XML markup files
[3.453s] -- Configuring done
[3.527s] -- Generating done
[3.533s] -- Build files have been written to: /home/hh4000/ros2_ws/build/saf_msgs
[3.557s] Invoked command in '/home/hh4000/ros2_ws/build/saf_msgs' returned '0': CMAKE_PREFIX_PATH=/opt/ros/humble /usr/bin/cmake /home/hh4000/ros2_ws/src/saf_msgs -DCMAKE_INSTALL_PREFIX=/home/hh4000/ros2_ws/install/saf_msgs
[3.558s] Invoking command in '/home/hh4000/ros2_ws/build/saf_msgs': CMAKE_PREFIX_PATH=/opt/ros/humble /usr/bin/cmake --build /home/hh4000/ros2_ws/build/saf_msgs -- -j4 -l4
[3.625s] [  3%] [34m[1mGenerating C code for ROS interfaces[0m
[3.633s] [  6%] [34m[1mGenerating C++ code for ROS interfaces[0m
[3.651s] [  6%] Built target ament_cmake_python_copy_saf_msgs
[4.530s] running egg_info
[4.532s] creating saf_msgs.egg-info
[4.532s] writing saf_msgs.egg-info/PKG-INFO
[4.533s] writing dependency_links to saf_msgs.egg-info/dependency_links.txt
[4.533s] writing top-level names to saf_msgs.egg-info/top_level.txt
[4.534s] writing manifest file 'saf_msgs.egg-info/SOURCES.txt'
[4.540s] reading manifest file 'saf_msgs.egg-info/SOURCES.txt'
[4.541s] writing manifest file 'saf_msgs.egg-info/SOURCES.txt'
[4.634s] [  6%] Built target ament_cmake_python_build_saf_msgs_egg
[4.640s] [  6%] Built target saf_msgs__cpp
[4.659s] [  9%] [34m[1mGenerating C++ type support dispatch for ROS interfaces[0m
[4.665s] [ 12%] [34m[1mGenerating C++ introspection for ROS interfaces[0m
[4.688s] [ 16%] [32mBuilding C object CMakeFiles/saf_msgs__rosidl_generator_c.dir/rosidl_generator_c/saf_msgs/msg/detail/carrier__functions.c.o[0m
[4.696s] [ 19%] [34m[1mGenerating C++ type support for eProsima Fast-RTPS[0m
[5.034s] [ 22%] [32m[1mLinking C shared library libsaf_msgs__rosidl_generator_c.so[0m
[5.276s] [ 22%] Built target saf_msgs__rosidl_generator_c
[5.345s] [ 25%] [34m[1mGenerating C type support for eProsima Fast-RTPS[0m
[5.471s] [ 29%] [32mBuilding CXX object CMakeFiles/saf_msgs__rosidl_typesupport_cpp.dir/rosidl_typesupport_cpp/saf_msgs/msg/carrier__type_support.cpp.o[0m
[5.580s] [ 32%] [32mBuilding CXX object CMakeFiles/saf_msgs__rosidl_typesupport_introspection_cpp.dir/rosidl_typesupport_introspection_cpp/saf_msgs/msg/detail/carrier__type_support.cpp.o[0m
[5.789s] [ 35%] [32mBuilding CXX object CMakeFiles/saf_msgs__rosidl_typesupport_fastrtps_cpp.dir/rosidl_typesupport_fastrtps_cpp/saf_msgs/msg/detail/dds_fastrtps/carrier__type_support.cpp.o[0m
[6.255s] [ 38%] [32mBuilding CXX object CMakeFiles/saf_msgs__rosidl_typesupport_fastrtps_c.dir/rosidl_typesupport_fastrtps_c/saf_msgs/msg/detail/carrier__type_support_c.cpp.o[0m
[6.803s] [ 41%] [32m[1mLinking CXX shared library libsaf_msgs__rosidl_typesupport_cpp.so[0m
[7.068s] [ 41%] Built target saf_msgs__rosidl_typesupport_cpp
[7.115s] [ 45%] [34m[1mGenerating C introspection for ROS interfaces[0m
[7.239s] [ 48%] [32m[1mLinking CXX shared library libsaf_msgs__rosidl_typesupport_introspection_cpp.so[0m
[7.432s] [ 48%] Built target saf_msgs__rosidl_typesupport_introspection_cpp
[7.463s] [ 51%] [32m[1mLinking CXX shared library libsaf_msgs__rosidl_typesupport_fastrtps_c.so[0m
[7.481s] [ 54%] [34m[1mGenerating C type support dispatch for ROS interfaces[0m
[7.505s] [ 58%] [32m[1mLinking CXX shared library libsaf_msgs__rosidl_typesupport_fastrtps_cpp.so[0m
[7.722s] [ 58%] Built target saf_msgs__rosidl_typesupport_fastrtps_cpp
[7.807s] [ 58%] Built target saf_msgs__rosidl_typesupport_fastrtps_c
[7.901s] [ 61%] [32mBuilding C object CMakeFiles/saf_msgs__rosidl_typesupport_introspection_c.dir/rosidl_typesupport_introspection_c/saf_msgs/msg/detail/carrier__type_support.c.o[0m
[7.952s] [ 64%] [32m[1mLinking C shared library libsaf_msgs__rosidl_typesupport_introspection_c.so[0m
[8.000s] [ 64%] Built target saf_msgs__rosidl_typesupport_introspection_c
[8.094s] [ 67%] [32mBuilding CXX object CMakeFiles/saf_msgs__rosidl_typesupport_c.dir/rosidl_typesupport_c/saf_msgs/msg/carrier__type_support.cpp.o[0m
[8.137s] [ 70%] [32m[1mLinking CXX shared library libsaf_msgs__rosidl_typesupport_c.so[0m
[8.201s] [ 70%] Built target saf_msgs__rosidl_typesupport_c
[8.226s] [ 70%] Built target saf_msgs
[8.256s] [ 74%] [34m[1mGenerating Python code for ROS interfaces[0m
[8.960s] [ 74%] Built target saf_msgs__py
[8.987s] [ 77%] [32mBuilding C object CMakeFiles/saf_msgs__rosidl_generator_py.dir/rosidl_generator_py/saf_msgs/msg/_carrier_s.c.o[0m
[9.201s] [ 80%] [32m[1mLinking C shared library rosidl_generator_py/saf_msgs/libsaf_msgs__rosidl_generator_py.so[0m
[9.265s] [ 80%] Built target saf_msgs__rosidl_generator_py
[9.301s] [ 87%] [32mBuilding C object CMakeFiles/saf_msgs__rosidl_typesupport_c__pyext.dir/rosidl_generator_py/saf_msgs/_saf_msgs_s.ep.rosidl_typesupport_c.c.o[0m
[9.301s] [ 87%] [32mBuilding C object CMakeFiles/saf_msgs__rosidl_typesupport_fastrtps_c__pyext.dir/rosidl_generator_py/saf_msgs/_saf_msgs_s.ep.rosidl_typesupport_fastrtps_c.c.o[0m
[9.301s] [ 90%] [32mBuilding C object CMakeFiles/saf_msgs__rosidl_typesupport_introspection_c__pyext.dir/rosidl_generator_py/saf_msgs/_saf_msgs_s.ep.rosidl_typesupport_introspection_c.c.o[0m
[9.549s] [ 93%] [32m[1mLinking C shared library rosidl_generator_py/saf_msgs/saf_msgs_s__rosidl_typesupport_introspection_c.cpython-310-x86_64-linux-gnu.so[0m
[9.569s] [ 96%] [32m[1mLinking C shared library rosidl_generator_py/saf_msgs/saf_msgs_s__rosidl_typesupport_c.cpython-310-x86_64-linux-gnu.so[0m
[9.591s] [100%] [32m[1mLinking C shared library rosidl_generator_py/saf_msgs/saf_msgs_s__rosidl_typesupport_fastrtps_c.cpython-310-x86_64-linux-gnu.so[0m
[9.643s] [100%] Built target saf_msgs__rosidl_typesupport_introspection_c__pyext
[9.665s] [100%] Built target saf_msgs__rosidl_typesupport_c__pyext
[9.689s] [100%] Built target saf_msgs__rosidl_typesupport_fastrtps_c__pyext
[9.709s] Invoked command in '/home/hh4000/ros2_ws/build/saf_msgs' returned '0': CMAKE_PREFIX_PATH=/opt/ros/humble /usr/bin/cmake --build /home/hh4000/ros2_ws/build/saf_msgs -- -j4 -l4
[9.806s] Invoking command in '/home/hh4000/ros2_ws/build/saf_msgs': CMAKE_PREFIX_PATH=/opt/ros/humble /usr/bin/cmake --install /home/hh4000/ros2_ws/build/saf_msgs
[9.816s] -- Install configuration: ""
[9.816s] -- Installing: /home/hh4000/ros2_ws/install/saf_msgs/share/ament_index/resource_index/rosidl_interfaces/saf_msgs
[9.817s] -- Installing: /home/hh4000/ros2_ws/install/saf_msgs/include/saf_msgs/saf_msgs
[9.817s] -- Installing: /home/hh4000/ros2_ws/install/saf_msgs/include/saf_msgs/saf_msgs/msg
[9.817s] -- Installing: /home/hh4000/ros2_ws/install/saf_msgs/include/saf_msgs/saf_msgs/msg/rosidl_generator_c__visibility_control.h
[9.818s] -- Installing: /home/hh4000/ros2_ws/install/saf_msgs/include/saf_msgs/saf_msgs/msg/carrier.h
[9.818s] -- Installing: /home/hh4000/ros2_ws/install/saf_msgs/include/saf_msgs/saf_msgs/msg/detail
[9.818s] -- Installing: /home/hh4000/ros2_ws/install/saf_msgs/include/saf_msgs/saf_msgs/msg/detail/carrier__type_support.h
[9.819s] -- Installing: /home/hh4000/ros2_ws/install/saf_msgs/include/saf_msgs/saf_msgs/msg/detail/carrier__functions.c
[9.819s] -- Installing: /home/hh4000/ros2_ws/install/saf_msgs/include/saf_msgs/saf_msgs/msg/detail/carrier__struct.h
[9.819s] -- Installing: /home/hh4000/ros2_ws/install/saf_msgs/include/saf_msgs/saf_msgs/msg/detail/carrier__functions.h
[9.819s] -- Installing: /home/hh4000/ros2_ws/install/saf_msgs/share/saf_msgs/environment/library_path.sh
[9.819s] -- Installing: /home/hh4000/ros2_ws/install/saf_msgs/share/saf_msgs/environment/library_path.dsv
[9.822s] -- Installing: /home/hh4000/ros2_ws/install/saf_msgs/lib/libsaf_msgs__rosidl_generator_c.so
[9.823s] -- Set runtime path of "/home/hh4000/ros2_ws/install/saf_msgs/lib/libsaf_msgs__rosidl_generator_c.so" to ""
[9.824s] -- Up-to-date: /home/hh4000/ros2_ws/install/saf_msgs/include/saf_msgs/saf_msgs
[9.824s] -- Up-to-date: /home/hh4000/ros2_ws/install/saf_msgs/include/saf_msgs/saf_msgs/msg
[9.824s] -- Installing: /home/hh4000/ros2_ws/install/saf_msgs/include/saf_msgs/saf_msgs/msg/rosidl_typesupport_fastrtps_c__visibility_control.h
[9.824s] -- Up-to-date: /home/hh4000/ros2_ws/install/saf_msgs/include/saf_msgs/saf_msgs/msg/detail
[9.825s] -- Installing: /home/hh4000/ros2_ws/install/saf_msgs/include/saf_msgs/saf_msgs/msg/detail/carrier__rosidl_typesupport_fastrtps_c.h
[9.825s] -- Installing: /home/hh4000/ros2_ws/install/saf_msgs/lib/libsaf_msgs__rosidl_typesupport_fastrtps_c.so
[9.825s] -- Set runtime path of "/home/hh4000/ros2_ws/install/saf_msgs/lib/libsaf_msgs__rosidl_typesupport_fastrtps_c.so" to ""
[9.825s] -- Up-to-date: /home/hh4000/ros2_ws/install/saf_msgs/include/saf_msgs/saf_msgs
[9.826s] -- Up-to-date: /home/hh4000/ros2_ws/install/saf_msgs/include/saf_msgs/saf_msgs/msg
[9.826s] -- Up-to-date: /home/hh4000/ros2_ws/install/saf_msgs/include/saf_msgs/saf_msgs/msg/detail
[9.826s] -- Installing: /home/hh4000/ros2_ws/install/saf_msgs/include/saf_msgs/saf_msgs/msg/detail/carrier__traits.hpp
[9.826s] -- Installing: /home/hh4000/ros2_ws/install/saf_msgs/include/saf_msgs/saf_msgs/msg/detail/carrier__builder.hpp
[9.827s] -- Installing: /home/hh4000/ros2_ws/install/saf_msgs/include/saf_msgs/saf_msgs/msg/detail/carrier__struct.hpp
[9.827s] -- Installing: /home/hh4000/ros2_ws/install/saf_msgs/include/saf_msgs/saf_msgs/msg/carrier.hpp
[9.827s] -- Up-to-date: /home/hh4000/ros2_ws/install/saf_msgs/include/saf_msgs/saf_msgs
[9.827s] -- Up-to-date: /home/hh4000/ros2_ws/install/saf_msgs/include/saf_msgs/saf_msgs/msg
[9.827s] -- Installing: /home/hh4000/ros2_ws/install/saf_msgs/include/saf_msgs/saf_msgs/msg/rosidl_typesupport_fastrtps_cpp__visibility_control.h
[9.827s] -- Up-to-date: /home/hh4000/ros2_ws/install/saf_msgs/include/saf_msgs/saf_msgs/msg/detail
[9.828s] -- Installing: /home/hh4000/ros2_ws/install/saf_msgs/include/saf_msgs/saf_msgs/msg/detail/dds_fastrtps
[9.828s] -- Installing: /home/hh4000/ros2_ws/install/saf_msgs/include/saf_msgs/saf_msgs/msg/detail/carrier__rosidl_typesupport_fastrtps_cpp.hpp
[9.828s] -- Installing: /home/hh4000/ros2_ws/install/saf_msgs/lib/libsaf_msgs__rosidl_typesupport_fastrtps_cpp.so
[9.828s] -- Set runtime path of "/home/hh4000/ros2_ws/install/saf_msgs/lib/libsaf_msgs__rosidl_typesupport_fastrtps_cpp.so" to ""
[9.828s] -- Up-to-date: /home/hh4000/ros2_ws/install/saf_msgs/include/saf_msgs/saf_msgs
[9.829s] -- Up-to-date: /home/hh4000/ros2_ws/install/saf_msgs/include/saf_msgs/saf_msgs/msg
[9.829s] -- Up-to-date: /home/hh4000/ros2_ws/install/saf_msgs/include/saf_msgs/saf_msgs/msg/detail
[9.829s] -- Installing: /home/hh4000/ros2_ws/install/saf_msgs/include/saf_msgs/saf_msgs/msg/detail/carrier__rosidl_typesupport_introspection_c.h
[9.829s] -- Installing: /home/hh4000/ros2_ws/install/saf_msgs/include/saf_msgs/saf_msgs/msg/detail/carrier__type_support.c
[9.829s] -- Installing: /home/hh4000/ros2_ws/install/saf_msgs/include/saf_msgs/saf_msgs/msg/rosidl_typesupport_introspection_c__visibility_control.h
[9.830s] -- Installing: /home/hh4000/ros2_ws/install/saf_msgs/lib/libsaf_msgs__rosidl_typesupport_introspection_c.so
[9.830s] -- Set runtime path of "/home/hh4000/ros2_ws/install/saf_msgs/lib/libsaf_msgs__rosidl_typesupport_introspection_c.so" to ""
[9.830s] -- Installing: /home/hh4000/ros2_ws/install/saf_msgs/lib/libsaf_msgs__rosidl_typesupport_c.so
[9.840s] -- Set runtime path of "/home/hh4000/ros2_ws/install/saf_msgs/lib/libsaf_msgs__rosidl_typesupport_c.so" to ""
[9.841s] -- Up-to-date: /home/hh4000/ros2_ws/install/saf_msgs/include/saf_msgs/saf_msgs
[9.841s] -- Up-to-date: /home/hh4000/ros2_ws/install/saf_msgs/include/saf_msgs/saf_msgs/msg
[9.841s] -- Up-to-date: /home/hh4000/ros2_ws/install/saf_msgs/include/saf_msgs/saf_msgs/msg/detail
[9.841s] -- Installing: /home/hh4000/ros2_ws/install/saf_msgs/include/saf_msgs/saf_msgs/msg/detail/carrier__rosidl_typesupport_introspection_cpp.hpp
[9.842s] -- Installing: /home/hh4000/ros2_ws/install/saf_msgs/include/saf_msgs/saf_msgs/msg/detail/carrier__type_support.cpp
[9.842s] -- Installing: /home/hh4000/ros2_ws/install/saf_msgs/lib/libsaf_msgs__rosidl_typesupport_introspection_cpp.so
[9.842s] -- Set runtime path of "/home/hh4000/ros2_ws/install/saf_msgs/lib/libsaf_msgs__rosidl_typesupport_introspection_cpp.so" to ""
[9.842s] -- Installing: /home/hh4000/ros2_ws/install/saf_msgs/lib/libsaf_msgs__rosidl_typesupport_cpp.so
[9.843s] -- Set runtime path of "/home/hh4000/ros2_ws/install/saf_msgs/lib/libsaf_msgs__rosidl_typesupport_cpp.so" to ""
[9.843s] -- Installing: /home/hh4000/ros2_ws/install/saf_msgs/share/saf_msgs/environment/pythonpath.sh
[9.843s] -- Installing: /home/hh4000/ros2_ws/install/saf_msgs/share/saf_msgs/environment/pythonpath.dsv
[9.844s] -- Installing: /home/hh4000/ros2_ws/install/saf_msgs/local/lib/python3.10/dist-packages/saf_msgs-1.0.0-py3.10.egg-info
[9.844s] -- Installing: /home/hh4000/ros2_ws/install/saf_msgs/local/lib/python3.10/dist-packages/saf_msgs-1.0.0-py3.10.egg-info/top_level.txt
[9.844s] -- Installing: /home/hh4000/ros2_ws/install/saf_msgs/local/lib/python3.10/dist-packages/saf_msgs-1.0.0-py3.10.egg-info/dependency_links.txt
[9.844s] -- Installing: /home/hh4000/ros2_ws/install/saf_msgs/local/lib/python3.10/dist-packages/saf_msgs-1.0.0-py3.10.egg-info/PKG-INFO
[9.845s] -- Installing: /home/hh4000/ros2_ws/install/saf_msgs/local/lib/python3.10/dist-packages/saf_msgs-1.0.0-py3.10.egg-info/SOURCES.txt
[9.845s] -- Installing: /home/hh4000/ros2_ws/install/saf_msgs/local/lib/python3.10/dist-packages/saf_msgs
[9.845s] -- Installing: /home/hh4000/ros2_ws/install/saf_msgs/local/lib/python3.10/dist-packages/saf_msgs/__init__.py
[9.845s] -- Installing: /home/hh4000/ros2_ws/install/saf_msgs/local/lib/python3.10/dist-packages/saf_msgs/msg
[9.845s] -- Installing: /home/hh4000/ros2_ws/install/saf_msgs/local/lib/python3.10/dist-packages/saf_msgs/msg/__init__.py
[9.851s] -- Installing: /home/hh4000/ros2_ws/install/saf_msgs/local/lib/python3.10/dist-packages/saf_msgs/msg/_carrier.py
[9.851s] -- Installing: /home/hh4000/ros2_ws/install/saf_msgs/local/lib/python3.10/dist-packages/saf_msgs/msg/_carrier_s.c
[9.851s] -- Installing: /home/hh4000/ros2_ws/install/saf_msgs/local/lib/python3.10/dist-packages/saf_msgs/saf_msgs_s__rosidl_typesupport_c.cpython-310-x86_64-linux-gnu.so
[9.851s] -- Installing: /home/hh4000/ros2_ws/install/saf_msgs/local/lib/python3.10/dist-packages/saf_msgs/_saf_msgs_s.ep.rosidl_typesupport_fastrtps_c.c
[9.851s] -- Installing: /home/hh4000/ros2_ws/install/saf_msgs/local/lib/python3.10/dist-packages/saf_msgs/libsaf_msgs__rosidl_generator_py.so
[9.852s] -- Installing: /home/hh4000/ros2_ws/install/saf_msgs/local/lib/python3.10/dist-packages/saf_msgs/_saf_msgs_s.ep.rosidl_typesupport_introspection_c.c
[9.852s] -- Installing: /home/hh4000/ros2_ws/install/saf_msgs/local/lib/python3.10/dist-packages/saf_msgs/saf_msgs_s__rosidl_typesupport_introspection_c.cpython-310-x86_64-linux-gnu.so
[9.852s] -- Installing: /home/hh4000/ros2_ws/install/saf_msgs/local/lib/python3.10/dist-packages/saf_msgs/_saf_msgs_s.ep.rosidl_typesupport_c.c
[9.852s] -- Installing: /home/hh4000/ros2_ws/install/saf_msgs/local/lib/python3.10/dist-packages/saf_msgs/saf_msgs_s__rosidl_typesupport_fastrtps_c.cpython-310-x86_64-linux-gnu.so
[9.911s] Listing '/home/hh4000/ros2_ws/install/saf_msgs/local/lib/python3.10/dist-packages/saf_msgs'...
[9.911s] Compiling '/home/hh4000/ros2_ws/install/saf_msgs/local/lib/python3.10/dist-packages/saf_msgs/__init__.py'...
[9.912s] Listing '/home/hh4000/ros2_ws/install/saf_msgs/local/lib/python3.10/dist-packages/saf_msgs/msg'...
[9.912s] Compiling '/home/hh4000/ros2_ws/install/saf_msgs/local/lib/python3.10/dist-packages/saf_msgs/msg/__init__.py'...
[9.912s] Compiling '/home/hh4000/ros2_ws/install/saf_msgs/local/lib/python3.10/dist-packages/saf_msgs/msg/_carrier.py'...
[9.921s] -- Installing: /home/hh4000/ros2_ws/install/saf_msgs/local/lib/python3.10/dist-packages/saf_msgs/saf_msgs_s__rosidl_typesupport_fastrtps_c.cpython-310-x86_64-linux-gnu.so
[9.922s] -- Set runtime path of "/home/hh4000/ros2_ws/install/saf_msgs/local/lib/python3.10/dist-packages/saf_msgs/saf_msgs_s__rosidl_typesupport_fastrtps_c.cpython-310-x86_64-linux-gnu.so" to ""
[9.922s] -- Installing: /home/hh4000/ros2_ws/install/saf_msgs/local/lib/python3.10/dist-packages/saf_msgs/saf_msgs_s__rosidl_typesupport_introspection_c.cpython-310-x86_64-linux-gnu.so
[9.923s] -- Set runtime path of "/home/hh4000/ros2_ws/install/saf_msgs/local/lib/python3.10/dist-packages/saf_msgs/saf_msgs_s__rosidl_typesupport_introspection_c.cpython-310-x86_64-linux-gnu.so" to ""
[9.923s] -- Installing: /home/hh4000/ros2_ws/install/saf_msgs/local/lib/python3.10/dist-packages/saf_msgs/saf_msgs_s__rosidl_typesupport_c.cpython-310-x86_64-linux-gnu.so
[9.924s] -- Set runtime path of "/home/hh4000/ros2_ws/install/saf_msgs/local/lib/python3.10/dist-packages/saf_msgs/saf_msgs_s__rosidl_typesupport_c.cpython-310-x86_64-linux-gnu.so" to ""
[9.925s] -- Installing: /home/hh4000/ros2_ws/install/saf_msgs/lib/libsaf_msgs__rosidl_generator_py.so
[9.925s] -- Set runtime path of "/home/hh4000/ros2_ws/install/saf_msgs/lib/libsaf_msgs__rosidl_generator_py.so" to ""
[9.925s] -- Installing: /home/hh4000/ros2_ws/install/saf_msgs/share/saf_msgs/msg/Carrier.idl
[9.926s] -- Installing: /home/hh4000/ros2_ws/install/saf_msgs/share/saf_msgs/msg/Carrier.msg
[9.926s] -- Installing: /home/hh4000/ros2_ws/install/saf_msgs/share/ament_index/resource_index/package_run_dependencies/saf_msgs
[9.926s] -- Installing: /home/hh4000/ros2_ws/install/saf_msgs/share/ament_index/resource_index/parent_prefix_path/saf_msgs
[9.927s] -- Installing: /home/hh4000/ros2_ws/install/saf_msgs/share/saf_msgs/environment/ament_prefix_path.sh
[9.927s] -- Installing: /home/hh4000/ros2_ws/install/saf_msgs/share/saf_msgs/environment/ament_prefix_path.dsv
[9.927s] -- Installing: /home/hh4000/ros2_ws/install/saf_msgs/share/saf_msgs/environment/path.sh
[9.927s] -- Installing: /home/hh4000/ros2_ws/install/saf_msgs/share/saf_msgs/environment/path.dsv
[9.928s] -- Installing: /home/hh4000/ros2_ws/install/saf_msgs/share/saf_msgs/local_setup.bash
[9.928s] -- Installing: /home/hh4000/ros2_ws/install/saf_msgs/share/saf_msgs/local_setup.sh
[9.928s] -- Installing: /home/hh4000/ros2_ws/install/saf_msgs/share/saf_msgs/local_setup.zsh
[9.928s] -- Installing: /home/hh4000/ros2_ws/install/saf_msgs/share/saf_msgs/local_setup.dsv
[9.928s] -- Installing: /home/hh4000/ros2_ws/install/saf_msgs/share/saf_msgs/package.dsv
[9.929s] -- Installing: /home/hh4000/ros2_ws/install/saf_msgs/share/ament_index/resource_index/packages/saf_msgs
[9.929s] -- Installing: /home/hh4000/ros2_ws/install/saf_msgs/share/saf_msgs/cmake/export_saf_msgs__rosidl_generator_cExport.cmake
[9.929s] -- Installing: /home/hh4000/ros2_ws/install/saf_msgs/share/saf_msgs/cmake/export_saf_msgs__rosidl_generator_cExport-noconfig.cmake
[9.929s] -- Installing: /home/hh4000/ros2_ws/install/saf_msgs/share/saf_msgs/cmake/export_saf_msgs__rosidl_typesupport_fastrtps_cExport.cmake
[9.930s] -- Installing: /home/hh4000/ros2_ws/install/saf_msgs/share/saf_msgs/cmake/export_saf_msgs__rosidl_typesupport_fastrtps_cExport-noconfig.cmake
[9.931s] -- Installing: /home/hh4000/ros2_ws/install/saf_msgs/share/saf_msgs/cmake/export_saf_msgs__rosidl_generator_cppExport.cmake
[9.931s] -- Installing: /home/hh4000/ros2_ws/install/saf_msgs/share/saf_msgs/cmake/export_saf_msgs__rosidl_typesupport_fastrtps_cppExport.cmake
[9.931s] -- Installing: /home/hh4000/ros2_ws/install/saf_msgs/share/saf_msgs/cmake/export_saf_msgs__rosidl_typesupport_fastrtps_cppExport-noconfig.cmake
[9.931s] -- Installing: /home/hh4000/ros2_ws/install/saf_msgs/share/saf_msgs/cmake/saf_msgs__rosidl_typesupport_introspection_cExport.cmake
[9.932s] -- Installing: /home/hh4000/ros2_ws/install/saf_msgs/share/saf_msgs/cmake/saf_msgs__rosidl_typesupport_introspection_cExport-noconfig.cmake
[9.932s] -- Installing: /home/hh4000/ros2_ws/install/saf_msgs/share/saf_msgs/cmake/saf_msgs__rosidl_typesupport_cExport.cmake
[9.932s] -- Installing: /home/hh4000/ros2_ws/install/saf_msgs/share/saf_msgs/cmake/saf_msgs__rosidl_typesupport_cExport-noconfig.cmake
[9.932s] -- Installing: /home/hh4000/ros2_ws/install/saf_msgs/share/saf_msgs/cmake/saf_msgs__rosidl_typesupport_introspection_cppExport.cmake
[9.933s] -- Installing: /home/hh4000/ros2_ws/install/saf_msgs/share/saf_msgs/cmake/saf_msgs__rosidl_typesupport_introspection_cppExport-noconfig.cmake
[9.933s] -- Installing: /home/hh4000/ros2_ws/install/saf_msgs/share/saf_msgs/cmake/saf_msgs__rosidl_typesupport_cppExport.cmake
[9.933s] -- Installing: /home/hh4000/ros2_ws/install/saf_msgs/share/saf_msgs/cmake/saf_msgs__rosidl_typesupport_cppExport-noconfig.cmake
[9.933s] -- Installing: /home/hh4000/ros2_ws/install/saf_msgs/share/saf_msgs/cmake/export_saf_msgs__rosidl_generator_pyExport.cmake
[9.934s] -- Installing: /home/hh4000/ros2_ws/install/saf_msgs/share/saf_msgs/cmake/export_saf_msgs__rosidl_generator_pyExport-noconfig.cmake
[9.934s] -- Installing: /home/hh4000/ros2_ws/install/saf_msgs/share/saf_msgs/cmake/rosidl_cmake-extras.cmake
[9.934s] -- Installing: /home/hh4000/ros2_ws/install/saf_msgs/share/saf_msgs/cmake/ament_cmake_export_dependencies-extras.cmake
[9.934s] -- Installing: /home/hh4000/ros2_ws/install/saf_msgs/share/saf_msgs/cmake/ament_cmake_export_include_directories-extras.cmake
[9.935s] -- Installing: /home/hh4000/ros2_ws/install/saf_msgs/share/saf_msgs/cmake/ament_cmake_export_libraries-extras.cmake
[9.935s] -- Installing: /home/hh4000/ros2_ws/install/saf_msgs/share/saf_msgs/cmake/ament_cmake_export_targets-extras.cmake
[9.935s] -- Installing: /home/hh4000/ros2_ws/install/saf_msgs/share/saf_msgs/cmake/rosidl_cmake_export_typesupport_targets-extras.cmake
[9.939s] -- Installing: /home/hh4000/ros2_ws/install/saf_msgs/share/saf_msgs/cmake/rosidl_cmake_export_typesupport_libraries-extras.cmake
[9.939s] -- Installing: /home/hh4000/ros2_ws/install/saf_msgs/share/saf_msgs/cmake/saf_msgsConfig.cmake
[9.939s] -- Installing: /home/hh4000/ros2_ws/install/saf_msgs/share/saf_msgs/cmake/saf_msgsConfig-version.cmake
[9.940s] -- Installing: /home/hh4000/ros2_ws/install/saf_msgs/share/saf_msgs/package.xml
[9.943s] Invoked command in '/home/hh4000/ros2_ws/build/saf_msgs' returned '0': CMAKE_PREFIX_PATH=/opt/ros/humble /usr/bin/cmake --install /home/hh4000/ros2_ws/build/saf_msgs
