[0.028s] Invoking command in '/home/hh4000/ros2_ws/build/saf_msgs': CMAKE_PREFIX_PATH=${CMAKE_PREFIX_PATH}:/home/hh4000/ros2_ws/install/saf:/opt/ros/humble /usr/bin/cmake --build /home/hh4000/ros2_ws/build/saf_msgs -- -j4 -l4
[0.202s] [  3%] Built target saf_msgs__cpp
[0.216s] [ 12%] Built target saf_msgs__rosidl_generator_c
[0.221s] [ 12%] Built target ament_cmake_python_copy_saf_msgs
[0.255s] [ 22%] Built target saf_msgs__rosidl_typesupport_fastrtps_cpp
[0.258s] [ 32%] Built target saf_msgs__rosidl_typesupport_cpp
[0.277s] [ 41%] Built target saf_msgs__rosidl_typesupport_fastrtps_c
[0.282s] [ 51%] Built target saf_msgs__rosidl_typesupport_introspection_cpp
[0.297s] [ 61%] Built target saf_msgs__rosidl_typesupport_introspection_c
[0.312s] [ 70%] Built target saf_msgs__rosidl_typesupport_c
[0.357s] [ 70%] Built target saf_msgs
[0.394s] [ 74%] Built target saf_msgs__py
[0.431s] [ 80%] Built target saf_msgs__rosidl_generator_py
[0.479s] [ 87%] Built target saf_msgs__rosidl_typesupport_introspection_c__pyext
[0.482s] [ 93%] Built target saf_msgs__rosidl_typesupport_c__pyext
[0.484s] [100%] Built target saf_msgs__rosidl_typesupport_fastrtps_c__pyext
[0.790s] running egg_info
[0.791s] writing saf_msgs.egg-info/PKG-INFO
[0.791s] writing dependency_links to saf_msgs.egg-info/dependency_links.txt
[0.791s] writing top-level names to saf_msgs.egg-info/top_level.txt
[0.795s] reading manifest file 'saf_msgs.egg-info/SOURCES.txt'
[0.796s] writing manifest file 'saf_msgs.egg-info/SOURCES.txt'
[0.834s] [100%] Built target ament_cmake_python_build_saf_msgs_egg
[0.849s] Invoked command in '/home/hh4000/ros2_ws/build/saf_msgs' returned '0': CMAKE_PREFIX_PATH=${CMAKE_PREFIX_PATH}:/home/hh4000/ros2_ws/install/saf:/opt/ros/humble /usr/bin/cmake --build /home/hh4000/ros2_ws/build/saf_msgs -- -j4 -l4
[0.930s] Invoking command in '/home/hh4000/ros2_ws/build/saf_msgs': CMAKE_PREFIX_PATH=${CMAKE_PREFIX_PATH}:/home/hh4000/ros2_ws/install/saf:/opt/ros/humble /usr/bin/cmake --install /home/hh4000/ros2_ws/build/saf_msgs
[0.943s] -- Install configuration: ""
[0.943s] -- Up-to-date: /home/hh4000/ros2_ws/install/saf_msgs/share/ament_index/resource_index/rosidl_interfaces/saf_msgs
[0.944s] -- Up-to-date: /home/hh4000/ros2_ws/install/saf_msgs/include/saf_msgs/saf_msgs
[0.944s] -- Up-to-date: /home/hh4000/ros2_ws/install/saf_msgs/include/saf_msgs/saf_msgs/msg
[0.945s] -- Up-to-date: /home/hh4000/ros2_ws/install/saf_msgs/include/saf_msgs/saf_msgs/msg/rosidl_generator_c__visibility_control.h
[0.945s] -- Up-to-date: /home/hh4000/ros2_ws/install/saf_msgs/include/saf_msgs/saf_msgs/msg/carrier.h
[0.945s] -- Up-to-date: /home/hh4000/ros2_ws/install/saf_msgs/include/saf_msgs/saf_msgs/msg/detail
[0.945s] -- Up-to-date: /home/hh4000/ros2_ws/install/saf_msgs/include/saf_msgs/saf_msgs/msg/detail/carrier__type_support.h
[0.945s] -- Up-to-date: /home/hh4000/ros2_ws/install/saf_msgs/include/saf_msgs/saf_msgs/msg/detail/carrier__functions.c
[0.945s] -- Up-to-date: /home/hh4000/ros2_ws/install/saf_msgs/include/saf_msgs/saf_msgs/msg/detail/carrier__struct.h
[0.946s] -- Up-to-date: /home/hh4000/ros2_ws/install/saf_msgs/include/saf_msgs/saf_msgs/msg/detail/carrier__functions.h
[0.946s] -- Up-to-date: /home/hh4000/ros2_ws/install/saf_msgs/share/saf_msgs/environment/library_path.sh
[0.946s] -- Up-to-date: /home/hh4000/ros2_ws/install/saf_msgs/share/saf_msgs/environment/library_path.dsv
[0.946s] -- Up-to-date: /home/hh4000/ros2_ws/install/saf_msgs/lib/libsaf_msgs__rosidl_generator_c.so
[0.947s] -- Up-to-date: /home/hh4000/ros2_ws/install/saf_msgs/include/saf_msgs/saf_msgs
[0.947s] -- Up-to-date: /home/hh4000/ros2_ws/install/saf_msgs/include/saf_msgs/saf_msgs/msg
[0.947s] -- Up-to-date: /home/hh4000/ros2_ws/install/saf_msgs/include/saf_msgs/saf_msgs/msg/rosidl_typesupport_fastrtps_c__visibility_control.h
[0.947s] -- Up-to-date: /home/hh4000/ros2_ws/install/saf_msgs/include/saf_msgs/saf_msgs/msg/detail
[0.947s] -- Up-to-date: /home/hh4000/ros2_ws/install/saf_msgs/include/saf_msgs/saf_msgs/msg/detail/carrier__rosidl_typesupport_fastrtps_c.h
[0.948s] -- Up-to-date: /home/hh4000/ros2_ws/install/saf_msgs/lib/libsaf_msgs__rosidl_typesupport_fastrtps_c.so
[0.948s] -- Up-to-date: /home/hh4000/ros2_ws/install/saf_msgs/include/saf_msgs/saf_msgs
[0.948s] -- Up-to-date: /home/hh4000/ros2_ws/install/saf_msgs/include/saf_msgs/saf_msgs/msg
[0.949s] -- Up-to-date: /home/hh4000/ros2_ws/install/saf_msgs/include/saf_msgs/saf_msgs/msg/detail
[0.949s] -- Up-to-date: /home/hh4000/ros2_ws/install/saf_msgs/include/saf_msgs/saf_msgs/msg/detail/carrier__traits.hpp
[0.949s] -- Up-to-date: /home/hh4000/ros2_ws/install/saf_msgs/include/saf_msgs/saf_msgs/msg/detail/carrier__builder.hpp
[0.949s] -- Up-to-date: /home/hh4000/ros2_ws/install/saf_msgs/include/saf_msgs/saf_msgs/msg/detail/carrier__struct.hpp
[0.950s] -- Up-to-date: /home/hh4000/ros2_ws/install/saf_msgs/include/saf_msgs/saf_msgs/msg/carrier.hpp
[0.950s] -- Up-to-date: /home/hh4000/ros2_ws/install/saf_msgs/include/saf_msgs/saf_msgs
[0.950s] -- Up-to-date: /home/hh4000/ros2_ws/install/saf_msgs/include/saf_msgs/saf_msgs/msg
[0.950s] -- Up-to-date: /home/hh4000/ros2_ws/install/saf_msgs/include/saf_msgs/saf_msgs/msg/rosidl_typesupport_fastrtps_cpp__visibility_control.h
[0.950s] -- Up-to-date: /home/hh4000/ros2_ws/install/saf_msgs/include/saf_msgs/saf_msgs/msg/detail
[0.951s] -- Up-to-date: /home/hh4000/ros2_ws/install/saf_msgs/include/saf_msgs/saf_msgs/msg/detail/dds_fastrtps
[0.951s] -- Up-to-date: /home/hh4000/ros2_ws/install/saf_msgs/include/saf_msgs/saf_msgs/msg/detail/carrier__rosidl_typesupport_fastrtps_cpp.hpp
[0.951s] -- Up-to-date: /home/hh4000/ros2_ws/install/saf_msgs/lib/libsaf_msgs__rosidl_typesupport_fastrtps_cpp.so
[0.951s] -- Up-to-date: /home/hh4000/ros2_ws/install/saf_msgs/include/saf_msgs/saf_msgs
[0.951s] -- Up-to-date: /home/hh4000/ros2_ws/install/saf_msgs/include/saf_msgs/saf_msgs/msg
[0.952s] -- Up-to-date: /home/hh4000/ros2_ws/install/saf_msgs/include/saf_msgs/saf_msgs/msg/detail
[0.952s] -- Up-to-date: /home/hh4000/ros2_ws/install/saf_msgs/include/saf_msgs/saf_msgs/msg/detail/carrier__rosidl_typesupport_introspection_c.h
[0.952s] -- Up-to-date: /home/hh4000/ros2_ws/install/saf_msgs/include/saf_msgs/saf_msgs/msg/detail/carrier__type_support.c
[0.952s] -- Up-to-date: /home/hh4000/ros2_ws/install/saf_msgs/include/saf_msgs/saf_msgs/msg/rosidl_typesupport_introspection_c__visibility_control.h
[0.953s] -- Up-to-date: /home/hh4000/ros2_ws/install/saf_msgs/lib/libsaf_msgs__rosidl_typesupport_introspection_c.so
[0.953s] -- Up-to-date: /home/hh4000/ros2_ws/install/saf_msgs/lib/libsaf_msgs__rosidl_typesupport_c.so
[0.953s] -- Up-to-date: /home/hh4000/ros2_ws/install/saf_msgs/include/saf_msgs/saf_msgs
[0.953s] -- Up-to-date: /home/hh4000/ros2_ws/install/saf_msgs/include/saf_msgs/saf_msgs/msg
[0.953s] -- Up-to-date: /home/hh4000/ros2_ws/install/saf_msgs/include/saf_msgs/saf_msgs/msg/detail
[0.953s] -- Up-to-date: /home/hh4000/ros2_ws/install/saf_msgs/include/saf_msgs/saf_msgs/msg/detail/carrier__rosidl_typesupport_introspection_cpp.hpp
[0.954s] -- Up-to-date: /home/hh4000/ros2_ws/install/saf_msgs/include/saf_msgs/saf_msgs/msg/detail/carrier__type_support.cpp
[0.954s] -- Up-to-date: /home/hh4000/ros2_ws/install/saf_msgs/lib/libsaf_msgs__rosidl_typesupport_introspection_cpp.so
[0.954s] -- Up-to-date: /home/hh4000/ros2_ws/install/saf_msgs/lib/libsaf_msgs__rosidl_typesupport_cpp.so
[0.955s] -- Up-to-date: /home/hh4000/ros2_ws/install/saf_msgs/share/saf_msgs/environment/pythonpath.sh
[0.955s] -- Up-to-date: /home/hh4000/ros2_ws/install/saf_msgs/share/saf_msgs/environment/pythonpath.dsv
[0.955s] -- Up-to-date: /home/hh4000/ros2_ws/install/saf_msgs/local/lib/python3.10/dist-packages/saf_msgs-1.0.0-py3.10.egg-info
[0.955s] -- Installing: /home/hh4000/ros2_ws/install/saf_msgs/local/lib/python3.10/dist-packages/saf_msgs-1.0.0-py3.10.egg-info/top_level.txt
[0.955s] -- Installing: /home/hh4000/ros2_ws/install/saf_msgs/local/lib/python3.10/dist-packages/saf_msgs-1.0.0-py3.10.egg-info/dependency_links.txt
[0.956s] -- Installing: /home/hh4000/ros2_ws/install/saf_msgs/local/lib/python3.10/dist-packages/saf_msgs-1.0.0-py3.10.egg-info/PKG-INFO
[0.956s] -- Installing: /home/hh4000/ros2_ws/install/saf_msgs/local/lib/python3.10/dist-packages/saf_msgs-1.0.0-py3.10.egg-info/SOURCES.txt
[0.956s] -- Up-to-date: /home/hh4000/ros2_ws/install/saf_msgs/local/lib/python3.10/dist-packages/saf_msgs
[0.956s] -- Up-to-date: /home/hh4000/ros2_ws/install/saf_msgs/local/lib/python3.10/dist-packages/saf_msgs/__init__.py
[0.957s] -- Up-to-date: /home/hh4000/ros2_ws/install/saf_msgs/local/lib/python3.10/dist-packages/saf_msgs/msg
[0.957s] -- Up-to-date: /home/hh4000/ros2_ws/install/saf_msgs/local/lib/python3.10/dist-packages/saf_msgs/msg/__init__.py
[0.957s] -- Up-to-date: /home/hh4000/ros2_ws/install/saf_msgs/local/lib/python3.10/dist-packages/saf_msgs/msg/_carrier.py
[0.957s] -- Up-to-date: /home/hh4000/ros2_ws/install/saf_msgs/local/lib/python3.10/dist-packages/saf_msgs/msg/_carrier_s.c
[0.957s] -- Up-to-date: /home/hh4000/ros2_ws/install/saf_msgs/local/lib/python3.10/dist-packages/saf_msgs/saf_msgs_s__rosidl_typesupport_c.cpython-310-x86_64-linux-gnu.so
[0.958s] -- Up-to-date: /home/hh4000/ros2_ws/install/saf_msgs/local/lib/python3.10/dist-packages/saf_msgs/_saf_msgs_s.ep.rosidl_typesupport_fastrtps_c.c
[0.958s] -- Up-to-date: /home/hh4000/ros2_ws/install/saf_msgs/local/lib/python3.10/dist-packages/saf_msgs/libsaf_msgs__rosidl_generator_py.so
[0.958s] -- Up-to-date: /home/hh4000/ros2_ws/install/saf_msgs/local/lib/python3.10/dist-packages/saf_msgs/_saf_msgs_s.ep.rosidl_typesupport_introspection_c.c
[0.958s] -- Up-to-date: /home/hh4000/ros2_ws/install/saf_msgs/local/lib/python3.10/dist-packages/saf_msgs/saf_msgs_s__rosidl_typesupport_introspection_c.cpython-310-x86_64-linux-gnu.so
[0.958s] -- Up-to-date: /home/hh4000/ros2_ws/install/saf_msgs/local/lib/python3.10/dist-packages/saf_msgs/_saf_msgs_s.ep.rosidl_typesupport_c.c
[0.958s] -- Up-to-date: /home/hh4000/ros2_ws/install/saf_msgs/local/lib/python3.10/dist-packages/saf_msgs/saf_msgs_s__rosidl_typesupport_fastrtps_c.cpython-310-x86_64-linux-gnu.so
[1.003s] Listing '/home/hh4000/ros2_ws/install/saf_msgs/local/lib/python3.10/dist-packages/saf_msgs'...
[1.003s] Listing '/home/hh4000/ros2_ws/install/saf_msgs/local/lib/python3.10/dist-packages/saf_msgs/msg'...
[1.010s] -- Up-to-date: /home/hh4000/ros2_ws/install/saf_msgs/local/lib/python3.10/dist-packages/saf_msgs/saf_msgs_s__rosidl_typesupport_fastrtps_c.cpython-310-x86_64-linux-gnu.so
[1.010s] -- Up-to-date: /home/hh4000/ros2_ws/install/saf_msgs/local/lib/python3.10/dist-packages/saf_msgs/saf_msgs_s__rosidl_typesupport_introspection_c.cpython-310-x86_64-linux-gnu.so
[1.011s] -- Up-to-date: /home/hh4000/ros2_ws/install/saf_msgs/local/lib/python3.10/dist-packages/saf_msgs/saf_msgs_s__rosidl_typesupport_c.cpython-310-x86_64-linux-gnu.so
[1.012s] -- Up-to-date: /home/hh4000/ros2_ws/install/saf_msgs/lib/libsaf_msgs__rosidl_generator_py.so
[1.013s] -- Up-to-date: /home/hh4000/ros2_ws/install/saf_msgs/share/saf_msgs/msg/Carrier.idl
[1.013s] -- Up-to-date: /home/hh4000/ros2_ws/install/saf_msgs/share/saf_msgs/msg/Carrier.msg
[1.013s] -- Up-to-date: /home/hh4000/ros2_ws/install/saf_msgs/share/ament_index/resource_index/package_run_dependencies/saf_msgs
[1.014s] -- Up-to-date: /home/hh4000/ros2_ws/install/saf_msgs/share/ament_index/resource_index/parent_prefix_path/saf_msgs
[1.014s] -- Up-to-date: /home/hh4000/ros2_ws/install/saf_msgs/share/saf_msgs/environment/ament_prefix_path.sh
[1.014s] -- Up-to-date: /home/hh4000/ros2_ws/install/saf_msgs/share/saf_msgs/environment/ament_prefix_path.dsv
[1.014s] -- Up-to-date: /home/hh4000/ros2_ws/install/saf_msgs/share/saf_msgs/environment/path.sh
[1.014s] -- Up-to-date: /home/hh4000/ros2_ws/install/saf_msgs/share/saf_msgs/environment/path.dsv
[1.014s] -- Up-to-date: /home/hh4000/ros2_ws/install/saf_msgs/share/saf_msgs/local_setup.bash
[1.015s] -- Up-to-date: /home/hh4000/ros2_ws/install/saf_msgs/share/saf_msgs/local_setup.sh
[1.015s] -- Up-to-date: /home/hh4000/ros2_ws/install/saf_msgs/share/saf_msgs/local_setup.zsh
[1.015s] -- Up-to-date: /home/hh4000/ros2_ws/install/saf_msgs/share/saf_msgs/local_setup.dsv
[1.015s] -- Installing: /home/hh4000/ros2_ws/install/saf_msgs/share/saf_msgs/package.dsv
[1.015s] -- Up-to-date: /home/hh4000/ros2_ws/install/saf_msgs/share/ament_index/resource_index/packages/saf_msgs
[1.016s] -- Up-to-date: /home/hh4000/ros2_ws/install/saf_msgs/share/saf_msgs/cmake/export_saf_msgs__rosidl_generator_cExport.cmake
[1.016s] -- Up-to-date: /home/hh4000/ros2_ws/install/saf_msgs/share/saf_msgs/cmake/export_saf_msgs__rosidl_generator_cExport-noconfig.cmake
[1.016s] -- Up-to-date: /home/hh4000/ros2_ws/install/saf_msgs/share/saf_msgs/cmake/export_saf_msgs__rosidl_typesupport_fastrtps_cExport.cmake
[1.016s] -- Up-to-date: /home/hh4000/ros2_ws/install/saf_msgs/share/saf_msgs/cmake/export_saf_msgs__rosidl_typesupport_fastrtps_cExport-noconfig.cmake
[1.016s] -- Up-to-date: /home/hh4000/ros2_ws/install/saf_msgs/share/saf_msgs/cmake/export_saf_msgs__rosidl_generator_cppExport.cmake
[1.016s] -- Up-to-date: /home/hh4000/ros2_ws/install/saf_msgs/share/saf_msgs/cmake/export_saf_msgs__rosidl_typesupport_fastrtps_cppExport.cmake
[1.017s] -- Up-to-date: /home/hh4000/ros2_ws/install/saf_msgs/share/saf_msgs/cmake/export_saf_msgs__rosidl_typesupport_fastrtps_cppExport-noconfig.cmake
[1.017s] -- Up-to-date: /home/hh4000/ros2_ws/install/saf_msgs/share/saf_msgs/cmake/saf_msgs__rosidl_typesupport_introspection_cExport.cmake
[1.017s] -- Up-to-date: /home/hh4000/ros2_ws/install/saf_msgs/share/saf_msgs/cmake/saf_msgs__rosidl_typesupport_introspection_cExport-noconfig.cmake
[1.017s] -- Up-to-date: /home/hh4000/ros2_ws/install/saf_msgs/share/saf_msgs/cmake/saf_msgs__rosidl_typesupport_cExport.cmake
[1.018s] -- Up-to-date: /home/hh4000/ros2_ws/install/saf_msgs/share/saf_msgs/cmake/saf_msgs__rosidl_typesupport_cExport-noconfig.cmake
[1.018s] -- Up-to-date: /home/hh4000/ros2_ws/install/saf_msgs/share/saf_msgs/cmake/saf_msgs__rosidl_typesupport_introspection_cppExport.cmake
[1.019s] -- Up-to-date: /home/hh4000/ros2_ws/install/saf_msgs/share/saf_msgs/cmake/saf_msgs__rosidl_typesupport_introspection_cppExport-noconfig.cmake
[1.019s] -- Up-to-date: /home/hh4000/ros2_ws/install/saf_msgs/share/saf_msgs/cmake/saf_msgs__rosidl_typesupport_cppExport.cmake
[1.019s] -- Up-to-date: /home/hh4000/ros2_ws/install/saf_msgs/share/saf_msgs/cmake/saf_msgs__rosidl_typesupport_cppExport-noconfig.cmake
[1.019s] -- Up-to-date: /home/hh4000/ros2_ws/install/saf_msgs/share/saf_msgs/cmake/export_saf_msgs__rosidl_generator_pyExport.cmake
[1.019s] -- Up-to-date: /home/hh4000/ros2_ws/install/saf_msgs/share/saf_msgs/cmake/export_saf_msgs__rosidl_generator_pyExport-noconfig.cmake
[1.020s] -- Up-to-date: /home/hh4000/ros2_ws/install/saf_msgs/share/saf_msgs/cmake/rosidl_cmake-extras.cmake
[1.020s] -- Up-to-date: /home/hh4000/ros2_ws/install/saf_msgs/share/saf_msgs/cmake/ament_cmake_export_dependencies-extras.cmake
[1.020s] -- Up-to-date: /home/hh4000/ros2_ws/install/saf_msgs/share/saf_msgs/cmake/ament_cmake_export_include_directories-extras.cmake
[1.020s] -- Up-to-date: /home/hh4000/ros2_ws/install/saf_msgs/share/saf_msgs/cmake/ament_cmake_export_libraries-extras.cmake
[1.020s] -- Up-to-date: /home/hh4000/ros2_ws/install/saf_msgs/share/saf_msgs/cmake/ament_cmake_export_targets-extras.cmake
[1.020s] -- Up-to-date: /home/hh4000/ros2_ws/install/saf_msgs/share/saf_msgs/cmake/rosidl_cmake_export_typesupport_targets-extras.cmake
[1.021s] -- Up-to-date: /home/hh4000/ros2_ws/install/saf_msgs/share/saf_msgs/cmake/rosidl_cmake_export_typesupport_libraries-extras.cmake
[1.021s] -- Up-to-date: /home/hh4000/ros2_ws/install/saf_msgs/share/saf_msgs/cmake/saf_msgsConfig.cmake
[1.021s] -- Up-to-date: /home/hh4000/ros2_ws/install/saf_msgs/share/saf_msgs/cmake/saf_msgsConfig-version.cmake
[1.021s] -- Up-to-date: /home/hh4000/ros2_ws/install/saf_msgs/share/saf_msgs/package.xml
[1.024s] Invoked command in '/home/hh4000/ros2_ws/build/saf_msgs' returned '0': CMAKE_PREFIX_PATH=${CMAKE_PREFIX_PATH}:/home/hh4000/ros2_ws/install/saf:/opt/ros/humble /usr/bin/cmake --install /home/hh4000/ros2_ws/build/saf_msgs
