[1.234s] Invoking command in '/home/hh4000/ros2_ws/src/saf': PYTHONPATH=/home/hh4000/ros2_ws/build/saf/prefix_override:/home/hh4000/ros2_ws/install/saf/lib/python3.10/site-packages:${PYTHONPATH} /usr/bin/python3 setup.py egg_info --egg-base ../../build/saf build --build-base /home/hh4000/ros2_ws/build/saf/build install --record /home/hh4000/ros2_ws/build/saf/install.log --single-version-externally-managed
[1.623s] running egg_info
[1.625s] writing ../../build/saf/saf.egg-info/PKG-INFO
[1.626s] writing dependency_links to ../../build/saf/saf.egg-info/dependency_links.txt
[1.627s] writing entry points to ../../build/saf/saf.egg-info/entry_points.txt
[1.627s] writing requirements to ../../build/saf/saf.egg-info/requires.txt
[1.627s] writing top-level names to ../../build/saf/saf.egg-info/top_level.txt
[1.631s] reading manifest file '../../build/saf/saf.egg-info/SOURCES.txt'
[1.633s] writing manifest file '../../build/saf/saf.egg-info/SOURCES.txt'
[1.633s] running build
[1.633s] running build_py
[1.633s] copying saf/TCP_server.py -> /home/hh4000/ros2_ws/build/saf/build/lib/saf
[1.634s] running install
[1.634s] running install_lib
[1.636s] copying /home/hh4000/ros2_ws/build/saf/build/lib/saf/TCP_server.py -> /home/hh4000/ros2_ws/install/saf/lib/python3.10/site-packages/saf
[1.638s] byte-compiling /home/hh4000/ros2_ws/install/saf/lib/python3.10/site-packages/saf/TCP_server.py to TCP_server.cpython-310.pyc
[1.639s] running install_data
[1.640s] running install_egg_info
[1.643s] removing '/home/hh4000/ros2_ws/install/saf/lib/python3.10/site-packages/saf-1.0.0-py3.10.egg-info' (and everything under it)
[1.643s] Copying ../../build/saf/saf.egg-info to /home/hh4000/ros2_ws/install/saf/lib/python3.10/site-packages/saf-1.0.0-py3.10.egg-info
[1.645s] running install_scripts
[1.673s] Installing carrier_handler script to /home/hh4000/ros2_ws/install/saf/lib/saf
[1.673s] Installing tcp_server script to /home/hh4000/ros2_ws/install/saf/lib/saf
[1.674s] writing list of installed files to '/home/hh4000/ros2_ws/build/saf/install.log'
[1.720s] Invoked command in '/home/hh4000/ros2_ws/src/saf' returned '0': PYTHONPATH=/home/hh4000/ros2_ws/build/saf/prefix_override:/home/hh4000/ros2_ws/install/saf/lib/python3.10/site-packages:${PYTHONPATH} /usr/bin/python3 setup.py egg_info --egg-base ../../build/saf build --build-base /home/hh4000/ros2_ws/build/saf/build install --record /home/hh4000/ros2_ws/build/saf/install.log --single-version-externally-managed
