[0.991s] Invoking command in '/home/hh4000/ros2_ws/src/saf': PYTHONPATH=/home/hh4000/ros2_ws/build/saf/prefix_override:/home/hh4000/ros2_ws/install/saf/lib/python3.10/site-packages:${PYTHONPATH} /usr/bin/python3 setup.py egg_info --egg-base ../../build/saf build --build-base /home/hh4000/ros2_ws/build/saf/build install --record /home/hh4000/ros2_ws/build/saf/install.log --single-version-externally-managed
[1.376s] running egg_info
[1.377s] writing ../../build/saf/saf.egg-info/PKG-INFO
[1.380s] writing dependency_links to ../../build/saf/saf.egg-info/dependency_links.txt
[1.381s] writing entry points to ../../build/saf/saf.egg-info/entry_points.txt
[1.381s] writing requirements to ../../build/saf/saf.egg-info/requires.txt
[1.381s] writing top-level names to ../../build/saf/saf.egg-info/top_level.txt
[1.385s] reading manifest file '../../build/saf/saf.egg-info/SOURCES.txt'
[1.387s] writing manifest file '../../build/saf/saf.egg-info/SOURCES.txt'
[1.387s] running build
[1.387s] running build_py
[1.388s] copying saf/carrier_handler.py -> /home/hh4000/ros2_ws/build/saf/build/lib/saf
[1.388s] running install
[1.388s] running install_lib
[1.390s] copying /home/hh4000/ros2_ws/build/saf/build/lib/saf/carrier_handler.py -> /home/hh4000/ros2_ws/install/saf/lib/python3.10/site-packages/saf
[1.391s] byte-compiling /home/hh4000/ros2_ws/install/saf/lib/python3.10/site-packages/saf/carrier_handler.py to carrier_handler.cpython-310.pyc
[1.392s] running install_data
[1.393s] running install_egg_info
[1.395s] removing '/home/hh4000/ros2_ws/install/saf/lib/python3.10/site-packages/saf-1.0.0-py3.10.egg-info' (and everything under it)
[1.396s] Copying ../../build/saf/saf.egg-info to /home/hh4000/ros2_ws/install/saf/lib/python3.10/site-packages/saf-1.0.0-py3.10.egg-info
[1.397s] running install_scripts
[1.428s] Installing carrier_handler script to /home/hh4000/ros2_ws/install/saf/lib/saf
[1.428s] Installing tcp_server script to /home/hh4000/ros2_ws/install/saf/lib/saf
[1.429s] writing list of installed files to '/home/hh4000/ros2_ws/build/saf/install.log'
[1.473s] Invoked command in '/home/hh4000/ros2_ws/src/saf' returned '0': PYTHONPATH=/home/hh4000/ros2_ws/build/saf/prefix_override:/home/hh4000/ros2_ws/install/saf/lib/python3.10/site-packages:${PYTHONPATH} /usr/bin/python3 setup.py egg_info --egg-base ../../build/saf build --build-base /home/hh4000/ros2_ws/build/saf/build install --record /home/hh4000/ros2_ws/build/saf/install.log --single-version-externally-managed
